[5.276s] DEBUG:colcon:Command line arguments: ['/usr/bin/colcon', 'build']
[5.276s] DEBUG:colcon:Parsed command line arguments: Namespace(log_base=None, log_level=None, verb_name='build', build_base='build', install_base='install', merge_install=False, symlink_install=False, test_result_base=None, continue_on_error=False, executor='parallel', parallel_workers=4, event_handlers=None, ignore_user_meta=False, metas=['./colcon.meta'], base_paths=['.'], packages_ignore=None, packages_ignore_regex=None, paths=None, packages_up_to=None, packages_up_to_regex=None, packages_above=None, packages_above_and_dependencies=None, packages_above_depth=None, packages_select_by_dep=None, packages_skip_by_dep=None, packages_skip_up_to=None, packages_select_build_failed=False, packages_skip_build_finished=False, packages_select_test_failures=False, packages_skip_test_passed=False, packages_select=None, packages_skip=None, packages_select_regex=None, packages_skip_regex=None, packages_start=None, packages_end=None, allow_overriding=[], cmake_args=None, cmake_target=None, cmake_target_skip_unavailable=False, cmake_clean_cache=False, cmake_clean_first=False, cmake_force_configure=False, ament_cmake_args=None, catkin_cmake_args=None, catkin_skip_building_tests=False, verb_parser=<colcon_defaults.argument_parser.defaults.DefaultArgumentsDecorator object at 0xffff81f54ee0>, verb_extension=<colcon_core.verb.build.BuildVerb object at 0xffff81fb85e0>, main=<bound method BuildVerb.main of <colcon_core.verb.build.BuildVerb object at 0xffff81fb85e0>>)
[5.612s] Level 1:colcon.colcon_core.package_discovery:discover_packages(colcon_meta) check parameters
[5.613s] Level 1:colcon.colcon_core.package_discovery:discover_packages(recursive) check parameters
[5.613s] Level 1:colcon.colcon_core.package_discovery:discover_packages(ignore) check parameters
[5.613s] Level 1:colcon.colcon_core.package_discovery:discover_packages(path) check parameters
[5.613s] Level 1:colcon.colcon_core.package_discovery:discover_packages(colcon_meta) discover
[5.613s] Level 1:colcon.colcon_core.package_discovery:discover_packages(recursive) discover
[5.614s] INFO:colcon.colcon_core.package_discovery:Crawling recursively for packages in '/home/group13pi/203'
[5.614s] Level 1:colcon.colcon_core.package_identification:_identify(.) by extensions ['ignore', 'ignore_ament_install']
[5.614s] Level 1:colcon.colcon_core.package_identification:_identify(.) by extension 'ignore'
[5.615s] Level 1:colcon.colcon_core.package_identification:_identify(.) by extension 'ignore_ament_install'
[5.615s] Level 1:colcon.colcon_core.package_identification:_identify(.) by extensions ['colcon_pkg']
[5.615s] Level 1:colcon.colcon_core.package_identification:_identify(.) by extension 'colcon_pkg'
[5.616s] Level 1:colcon.colcon_core.package_identification:_identify(.) by extensions ['colcon_meta']
[5.616s] Level 1:colcon.colcon_core.package_identification:_identify(.) by extension 'colcon_meta'
[5.616s] Level 1:colcon.colcon_core.package_identification:_identify(.) by extensions ['ros']
[5.616s] Level 1:colcon.colcon_core.package_identification:_identify(.) by extension 'ros'
[5.684s] Level 1:colcon.colcon_core.package_identification:_identify(.) by extensions ['cmake', 'python']
[5.684s] Level 1:colcon.colcon_core.package_identification:_identify(.) by extension 'cmake'
[5.685s] Level 1:colcon.colcon_core.package_identification:_identify(.) by extension 'python'
[5.685s] Level 1:colcon.colcon_core.package_identification:_identify(.) by extensions ['python_setup_py']
[5.685s] Level 1:colcon.colcon_core.package_identification:_identify(.) by extension 'python_setup_py'
[5.686s] Level 1:colcon.colcon_core.package_identification:_identify(build) by extensions ['ignore', 'ignore_ament_install']
[5.686s] Level 1:colcon.colcon_core.package_identification:_identify(build) by extension 'ignore'
[5.686s] Level 1:colcon.colcon_core.package_identification:_identify(build) ignored
[5.687s] Level 1:colcon.colcon_core.package_identification:_identify(install) by extensions ['ignore', 'ignore_ament_install']
[5.687s] Level 1:colcon.colcon_core.package_identification:_identify(install) by extension 'ignore'
[5.688s] Level 1:colcon.colcon_core.package_identification:_identify(install) ignored
[5.688s] Level 1:colcon.colcon_core.package_identification:_identify(log) by extensions ['ignore', 'ignore_ament_install']
[5.689s] Level 1:colcon.colcon_core.package_identification:_identify(log) by extension 'ignore'
[5.689s] Level 1:colcon.colcon_core.package_identification:_identify(log) ignored
[5.689s] Level 1:colcon.colcon_core.package_identification:_identify(src) by extensions ['ignore', 'ignore_ament_install']
[5.690s] Level 1:colcon.colcon_core.package_identification:_identify(src) by extension 'ignore'
[5.690s] Level 1:colcon.colcon_core.package_identification:_identify(src) by extension 'ignore_ament_install'
[5.690s] Level 1:colcon.colcon_core.package_identification:_identify(src) by extensions ['colcon_pkg']
[5.690s] Level 1:colcon.colcon_core.package_identification:_identify(src) by extension 'colcon_pkg'
[5.691s] Level 1:colcon.colcon_core.package_identification:_identify(src) by extensions ['colcon_meta']
[5.691s] Level 1:colcon.colcon_core.package_identification:_identify(src) by extension 'colcon_meta'
[5.691s] Level 1:colcon.colcon_core.package_identification:_identify(src) by extensions ['ros']
[5.691s] Level 1:colcon.colcon_core.package_identification:_identify(src) by extension 'ros'
[5.692s] Level 1:colcon.colcon_core.package_identification:_identify(src) by extensions ['cmake', 'python']
[5.692s] Level 1:colcon.colcon_core.package_identification:_identify(src) by extension 'cmake'
[5.692s] Level 1:colcon.colcon_core.package_identification:_identify(src) by extension 'python'
[5.692s] Level 1:colcon.colcon_core.package_identification:_identify(src) by extensions ['python_setup_py']
[5.692s] Level 1:colcon.colcon_core.package_identification:_identify(src) by extension 'python_setup_py'
[5.693s] Level 1:colcon.colcon_core.package_identification:_identify(src/rplidar_ros2) by extensions ['ignore', 'ignore_ament_install']
[5.693s] Level 1:colcon.colcon_core.package_identification:_identify(src/rplidar_ros2) by extension 'ignore'
[5.694s] Level 1:colcon.colcon_core.package_identification:_identify(src/rplidar_ros2) by extension 'ignore_ament_install'
[5.694s] Level 1:colcon.colcon_core.package_identification:_identify(src/rplidar_ros2) by extensions ['colcon_pkg']
[5.694s] Level 1:colcon.colcon_core.package_identification:_identify(src/rplidar_ros2) by extension 'colcon_pkg'
[5.694s] Level 1:colcon.colcon_core.package_identification:_identify(src/rplidar_ros2) by extensions ['colcon_meta']
[5.695s] Level 1:colcon.colcon_core.package_identification:_identify(src/rplidar_ros2) by extension 'colcon_meta'
[5.695s] Level 1:colcon.colcon_core.package_identification:_identify(src/rplidar_ros2) by extensions ['ros']
[5.695s] Level 1:colcon.colcon_core.package_identification:_identify(src/rplidar_ros2) by extension 'ros'
[5.710s] DEBUG:colcon.colcon_core.package_identification:Package 'src/rplidar_ros2' with type 'ros.ament_cmake' and name 'rplidar_ros'
[5.711s] Level 1:colcon.colcon_core.package_identification:_identify(src/thermal_sensor_publisher) by extensions ['ignore', 'ignore_ament_install']
[5.712s] Level 1:colcon.colcon_core.package_identification:_identify(src/thermal_sensor_publisher) by extension 'ignore'
[5.712s] Level 1:colcon.colcon_core.package_identification:_identify(src/thermal_sensor_publisher) by extension 'ignore_ament_install'
[5.712s] Level 1:colcon.colcon_core.package_identification:_identify(src/thermal_sensor_publisher) by extensions ['colcon_pkg']
[5.712s] Level 1:colcon.colcon_core.package_identification:_identify(src/thermal_sensor_publisher) by extension 'colcon_pkg'
[5.713s] Level 1:colcon.colcon_core.package_identification:_identify(src/thermal_sensor_publisher) by extensions ['colcon_meta']
[5.713s] Level 1:colcon.colcon_core.package_identification:_identify(src/thermal_sensor_publisher) by extension 'colcon_meta'
[5.713s] Level 1:colcon.colcon_core.package_identification:_identify(src/thermal_sensor_publisher) by extensions ['ros']
[5.713s] Level 1:colcon.colcon_core.package_identification:_identify(src/thermal_sensor_publisher) by extension 'ros'
[5.716s] DEBUG:colcon.colcon_core.package_identification:Package 'src/thermal_sensor_publisher' with type 'ros.ament_python' and name 'thermal_sensor_publisher'
[5.716s] Level 1:colcon.colcon_core.package_discovery:discover_packages(recursive) using defaults
[5.717s] Level 1:colcon.colcon_core.package_discovery:discover_packages(ignore) discover
[5.717s] Level 1:colcon.colcon_core.package_discovery:discover_packages(ignore) using defaults
[5.717s] Level 1:colcon.colcon_core.package_discovery:discover_packages(path) discover
[5.717s] Level 1:colcon.colcon_core.package_discovery:discover_packages(path) using defaults
[6.202s] Level 1:colcon.colcon_core.package_discovery:discover_packages(prefix_path) check parameters
[6.203s] Level 1:colcon.colcon_core.package_discovery:discover_packages(prefix_path) discover
[6.431s] DEBUG:colcon.colcon_installed_package_information.package_discovery:Found 2 installed packages in /home/group13pi/203/install
[6.518s] DEBUG:colcon.colcon_installed_package_information.package_discovery:Found 271 installed packages in /opt/ros/humble
[6.560s] Level 1:colcon.colcon_core.package_discovery:discover_packages(prefix_path) using defaults
[7.026s] Level 5:colcon.colcon_core.verb:set package 'rplidar_ros' build argument 'cmake_args' from command line to 'None'
[7.026s] Level 5:colcon.colcon_core.verb:set package 'rplidar_ros' build argument 'cmake_target' from command line to 'None'
[7.026s] Level 5:colcon.colcon_core.verb:set package 'rplidar_ros' build argument 'cmake_target_skip_unavailable' from command line to 'False'
[7.027s] Level 5:colcon.colcon_core.verb:set package 'rplidar_ros' build argument 'cmake_clean_cache' from command line to 'False'
[7.027s] Level 5:colcon.colcon_core.verb:set package 'rplidar_ros' build argument 'cmake_clean_first' from command line to 'False'
[7.027s] Level 5:colcon.colcon_core.verb:set package 'rplidar_ros' build argument 'cmake_force_configure' from command line to 'False'
[7.027s] Level 5:colcon.colcon_core.verb:set package 'rplidar_ros' build argument 'ament_cmake_args' from command line to 'None'
[7.027s] Level 5:colcon.colcon_core.verb:set package 'rplidar_ros' build argument 'catkin_cmake_args' from command line to 'None'
[7.027s] Level 5:colcon.colcon_core.verb:set package 'rplidar_ros' build argument 'catkin_skip_building_tests' from command line to 'False'
[7.027s] DEBUG:colcon.colcon_core.verb:Building package 'rplidar_ros' with the following arguments: {'ament_cmake_args': None, 'build_base': '/home/group13pi/203/build/rplidar_ros', 'catkin_cmake_args': None, 'catkin_skip_building_tests': False, 'cmake_args': None, 'cmake_clean_cache': False, 'cmake_clean_first': False, 'cmake_force_configure': False, 'cmake_target': None, 'cmake_target_skip_unavailable': False, 'install_base': '/home/group13pi/203/install/rplidar_ros', 'merge_install': False, 'path': '/home/group13pi/203/src/rplidar_ros2', 'symlink_install': False, 'test_result_base': None}
[7.098s] Level 5:colcon.colcon_core.verb:set package 'thermal_sensor_publisher' build argument 'cmake_args' from command line to 'None'
[7.098s] Level 5:colcon.colcon_core.verb:set package 'thermal_sensor_publisher' build argument 'cmake_target' from command line to 'None'
[7.098s] Level 5:colcon.colcon_core.verb:set package 'thermal_sensor_publisher' build argument 'cmake_target_skip_unavailable' from command line to 'False'
[7.098s] Level 5:colcon.colcon_core.verb:set package 'thermal_sensor_publisher' build argument 'cmake_clean_cache' from command line to 'False'
[7.099s] Level 5:colcon.colcon_core.verb:set package 'thermal_sensor_publisher' build argument 'cmake_clean_first' from command line to 'False'
[7.099s] Level 5:colcon.colcon_core.verb:set package 'thermal_sensor_publisher' build argument 'cmake_force_configure' from command line to 'False'
[7.099s] Level 5:colcon.colcon_core.verb:set package 'thermal_sensor_publisher' build argument 'ament_cmake_args' from command line to 'None'
[7.099s] Level 5:colcon.colcon_core.verb:set package 'thermal_sensor_publisher' build argument 'catkin_cmake_args' from command line to 'None'
[7.099s] Level 5:colcon.colcon_core.verb:set package 'thermal_sensor_publisher' build argument 'catkin_skip_building_tests' from command line to 'False'
[7.099s] DEBUG:colcon.colcon_core.verb:Building package 'thermal_sensor_publisher' with the following arguments: {'ament_cmake_args': None, 'build_base': '/home/group13pi/203/build/thermal_sensor_publisher', 'catkin_cmake_args': None, 'catkin_skip_building_tests': False, 'cmake_args': None, 'cmake_clean_cache': False, 'cmake_clean_first': False, 'cmake_force_configure': False, 'cmake_target': None, 'cmake_target_skip_unavailable': False, 'install_base': '/home/group13pi/203/install/thermal_sensor_publisher', 'merge_install': False, 'path': '/home/group13pi/203/src/thermal_sensor_publisher', 'symlink_install': False, 'test_result_base': None}
[7.172s] INFO:colcon.colcon_core.executor:Executing jobs using 'parallel' executor
[7.247s] DEBUG:colcon.colcon_parallel_executor.executor.parallel:run_until_complete
[7.249s] INFO:colcon.colcon_ros.task.ament_cmake.build:Building ROS package in '/home/group13pi/203/src/rplidar_ros2' with build type 'ament_cmake'
[7.249s] INFO:colcon.colcon_cmake.task.cmake.build:Building CMake package in '/home/group13pi/203/src/rplidar_ros2'
[7.342s] INFO:colcon.colcon_core.plugin_system:Skipping extension 'colcon_core.shell.bat': Not used on non-Windows systems
[7.343s] INFO:colcon.colcon_core.shell:Skip shell extension 'powershell' for command environment: Not usable outside of PowerShell
[7.343s] DEBUG:colcon.colcon_core.shell:Skip shell extension 'dsv' for command environment
[7.637s] INFO:colcon.colcon_ros.task.ament_python.build:Building ROS package in '/home/group13pi/203/src/thermal_sensor_publisher' with build type 'ament_python'
[7.638s] Level 1:colcon.colcon_core.shell:create_environment_hook('thermal_sensor_publisher', 'ament_prefix_path')
[7.770s] INFO:colcon.colcon_core.shell:Creating environment hook '/home/group13pi/203/install/thermal_sensor_publisher/share/thermal_sensor_publisher/hook/ament_prefix_path.ps1'
[7.774s] INFO:colcon.colcon_core.shell:Creating environment descriptor '/home/group13pi/203/install/thermal_sensor_publisher/share/thermal_sensor_publisher/hook/ament_prefix_path.dsv'
[7.778s] INFO:colcon.colcon_core.shell:Creating environment hook '/home/group13pi/203/install/thermal_sensor_publisher/share/thermal_sensor_publisher/hook/ament_prefix_path.sh'
[7.857s] INFO:colcon.colcon_core.shell:Skip shell extension 'powershell' for command environment: Not usable outside of PowerShell
[7.858s] DEBUG:colcon.colcon_core.shell:Skip shell extension 'dsv' for command environment
[8.127s] DEBUG:colcon.colcon_core.event_handler.log_command:Invoking command in '/home/group13pi/203/build/rplidar_ros': CMAKE_PREFIX_PATH=${CMAKE_PREFIX_PATH}:/home/group13pi/203/install/thermal_sensor_publisher:/opt/ros/humble /usr/bin/cmake --build /home/group13pi/203/build/rplidar_ros -- -j4 -l4
[9.731s] INFO:colcon.colcon_core.task.python.build:Building Python package in '/home/group13pi/203/src/thermal_sensor_publisher'
[9.809s] INFO:colcon.colcon_core.shell:Skip shell extension 'powershell' for command environment: Not usable outside of PowerShell
[9.809s] DEBUG:colcon.colcon_core.shell:Skip shell extension 'dsv' for command environment
[10.059s] DEBUG:colcon.colcon_core.event_handler.log_command:Invoked command in '/home/group13pi/203/build/rplidar_ros' returned '0': CMAKE_PREFIX_PATH=${CMAKE_PREFIX_PATH}:/home/group13pi/203/install/thermal_sensor_publisher:/opt/ros/humble /usr/bin/cmake --build /home/group13pi/203/build/rplidar_ros -- -j4 -l4
[10.332s] DEBUG:colcon.colcon_core.event_handler.log_command:Invoking command in '/home/group13pi/203/build/rplidar_ros': CMAKE_PREFIX_PATH=${CMAKE_PREFIX_PATH}:/home/group13pi/203/install/thermal_sensor_publisher:/opt/ros/humble /usr/bin/cmake --install /home/group13pi/203/build/rplidar_ros
[10.498s] Level 1:colcon.colcon_core.environment:create_environment_scripts_only(rplidar_ros)
[10.504s] DEBUG:colcon.colcon_core.event_handler.log_command:Invoked command in '/home/group13pi/203/build/rplidar_ros' returned '0': CMAKE_PREFIX_PATH=${CMAKE_PREFIX_PATH}:/home/group13pi/203/install/thermal_sensor_publisher:/opt/ros/humble /usr/bin/cmake --install /home/group13pi/203/build/rplidar_ros
[10.702s] Level 1:colcon.colcon_core.environment:checking '/home/group13pi/203/install/rplidar_ros' for CMake module files
[10.707s] Level 1:colcon.colcon_core.environment:checking '/home/group13pi/203/install/rplidar_ros' for CMake config files
[10.714s] Level 1:colcon.colcon_core.shell:create_environment_hook('rplidar_ros', 'cmake_prefix_path')
[10.860s] INFO:colcon.colcon_core.shell:Creating environment hook '/home/group13pi/203/install/rplidar_ros/share/rplidar_ros/hook/cmake_prefix_path.ps1'
[10.863s] INFO:colcon.colcon_core.shell:Creating environment descriptor '/home/group13pi/203/install/rplidar_ros/share/rplidar_ros/hook/cmake_prefix_path.dsv'
[10.867s] INFO:colcon.colcon_core.shell:Creating environment hook '/home/group13pi/203/install/rplidar_ros/share/rplidar_ros/hook/cmake_prefix_path.sh'
[10.872s] Level 1:colcon.colcon_core.environment:checking '/home/group13pi/203/install/rplidar_ros/lib'
[10.873s] Level 1:colcon.colcon_core.shell:create_environment_hook('rplidar_ros', 'ld_library_path_lib')
[10.993s] INFO:colcon.colcon_core.shell:Creating environment hook '/home/group13pi/203/install/rplidar_ros/share/rplidar_ros/hook/ld_library_path_lib.ps1'
[10.995s] INFO:colcon.colcon_core.shell:Creating environment descriptor '/home/group13pi/203/install/rplidar_ros/share/rplidar_ros/hook/ld_library_path_lib.dsv'
[10.998s] INFO:colcon.colcon_core.shell:Creating environment hook '/home/group13pi/203/install/rplidar_ros/share/rplidar_ros/hook/ld_library_path_lib.sh'
[11.001s] Level 1:colcon.colcon_core.environment:checking '/home/group13pi/203/install/rplidar_ros/bin'
[11.002s] Level 1:colcon.colcon_core.environment:checking '/home/group13pi/203/install/rplidar_ros/lib/pkgconfig/rplidar_ros.pc'
[11.004s] Level 1:colcon.colcon_core.environment:checking '/home/group13pi/203/install/rplidar_ros/lib/python3.10/site-packages'
[11.008s] Level 1:colcon.colcon_core.environment:checking '/home/group13pi/203/install/rplidar_ros/bin'
[11.119s] INFO:colcon.colcon_core.shell:Creating package script '/home/group13pi/203/install/rplidar_ros/share/rplidar_ros/package.ps1'
[11.124s] INFO:colcon.colcon_core.shell:Creating package descriptor '/home/group13pi/203/install/rplidar_ros/share/rplidar_ros/package.dsv'
[11.128s] INFO:colcon.colcon_core.shell:Creating package script '/home/group13pi/203/install/rplidar_ros/share/rplidar_ros/package.sh'
[11.133s] INFO:colcon.colcon_core.shell:Creating package script '/home/group13pi/203/install/rplidar_ros/share/rplidar_ros/package.bash'
[11.139s] INFO:colcon.colcon_core.shell:Creating package script '/home/group13pi/203/install/rplidar_ros/share/rplidar_ros/package.zsh'
[11.144s] Level 1:colcon.colcon_core.environment:create_file_with_runtime_dependencies(/home/group13pi/203/install/rplidar_ros/share/colcon-core/packages/rplidar_ros)
[11.484s] Level 1:colcon.colcon_core.environment:create_environment_scripts_only(rplidar_ros)
[11.584s] Level 1:colcon.colcon_core.environment:checking '/home/group13pi/203/install/rplidar_ros' for CMake module files
[11.587s] Level 1:colcon.colcon_core.environment:checking '/home/group13pi/203/install/rplidar_ros' for CMake config files
[11.590s] Level 1:colcon.colcon_core.shell:create_environment_hook('rplidar_ros', 'cmake_prefix_path')
[11.685s] INFO:colcon.colcon_core.shell:Creating environment hook '/home/group13pi/203/install/rplidar_ros/share/rplidar_ros/hook/cmake_prefix_path.ps1'
[11.688s] INFO:colcon.colcon_core.shell:Creating environment descriptor '/home/group13pi/203/install/rplidar_ros/share/rplidar_ros/hook/cmake_prefix_path.dsv'
[11.692s] INFO:colcon.colcon_core.shell:Creating environment hook '/home/group13pi/203/install/rplidar_ros/share/rplidar_ros/hook/cmake_prefix_path.sh'
[11.698s] Level 1:colcon.colcon_core.environment:checking '/home/group13pi/203/install/rplidar_ros/lib'
[11.700s] Level 1:colcon.colcon_core.shell:create_environment_hook('rplidar_ros', 'ld_library_path_lib')
[11.812s] INFO:colcon.colcon_core.shell:Creating environment hook '/home/group13pi/203/install/rplidar_ros/share/rplidar_ros/hook/ld_library_path_lib.ps1'
[11.815s] INFO:colcon.colcon_core.shell:Creating environment descriptor '/home/group13pi/203/install/rplidar_ros/share/rplidar_ros/hook/ld_library_path_lib.dsv'
[11.819s] INFO:colcon.colcon_core.shell:Creating environment hook '/home/group13pi/203/install/rplidar_ros/share/rplidar_ros/hook/ld_library_path_lib.sh'
[11.822s] Level 1:colcon.colcon_core.environment:checking '/home/group13pi/203/install/rplidar_ros/bin'
[11.823s] Level 1:colcon.colcon_core.environment:checking '/home/group13pi/203/install/rplidar_ros/lib/pkgconfig/rplidar_ros.pc'
[11.825s] Level 1:colcon.colcon_core.environment:checking '/home/group13pi/203/install/rplidar_ros/lib/python3.10/site-packages'
[11.826s] Level 1:colcon.colcon_core.environment:checking '/home/group13pi/203/install/rplidar_ros/bin'
[11.946s] INFO:colcon.colcon_core.shell:Creating package script '/home/group13pi/203/install/rplidar_ros/share/rplidar_ros/package.ps1'
[11.950s] INFO:colcon.colcon_core.shell:Creating package descriptor '/home/group13pi/203/install/rplidar_ros/share/rplidar_ros/package.dsv'
[11.953s] INFO:colcon.colcon_core.shell:Creating package script '/home/group13pi/203/install/rplidar_ros/share/rplidar_ros/package.sh'
[11.957s] INFO:colcon.colcon_core.shell:Creating package script '/home/group13pi/203/install/rplidar_ros/share/rplidar_ros/package.bash'
[11.959s] INFO:colcon.colcon_core.shell:Creating package script '/home/group13pi/203/install/rplidar_ros/share/rplidar_ros/package.zsh'
[11.962s] Level 1:colcon.colcon_core.environment:create_file_with_runtime_dependencies(/home/group13pi/203/install/rplidar_ros/share/colcon-core/packages/rplidar_ros)
[13.202s] DEBUG:colcon.colcon_core.event_handler.log_command:Invoking command in '/home/group13pi/203/src/thermal_sensor_publisher': PYTHONPATH=/home/group13pi/203/build/thermal_sensor_publisher/prefix_override:/home/group13pi/203/install/thermal_sensor_publisher/lib/python3.10/site-packages:${PYTHONPATH} /usr/bin/python3 setup.py egg_info --egg-base ../../build/thermal_sensor_publisher build --build-base /home/group13pi/203/build/thermal_sensor_publisher/build install --record /home/group13pi/203/build/thermal_sensor_publisher/install.log --single-version-externally-managed
[15.037s] DEBUG:colcon.colcon_core.event_handler.log_command:Invoked command in '/home/group13pi/203/src/thermal_sensor_publisher' returned '0': PYTHONPATH=/home/group13pi/203/build/thermal_sensor_publisher/prefix_override:/home/group13pi/203/install/thermal_sensor_publisher/lib/python3.10/site-packages:${PYTHONPATH} /usr/bin/python3 setup.py egg_info --egg-base ../../build/thermal_sensor_publisher build --build-base /home/group13pi/203/build/thermal_sensor_publisher/build install --record /home/group13pi/203/build/thermal_sensor_publisher/install.log --single-version-externally-managed
[15.127s] Level 1:colcon.colcon_core.environment:checking '/home/group13pi/203/install/thermal_sensor_publisher' for CMake module files
[15.129s] Level 1:colcon.colcon_core.environment:checking '/home/group13pi/203/install/thermal_sensor_publisher' for CMake config files
[15.133s] Level 1:colcon.colcon_core.environment:checking '/home/group13pi/203/install/thermal_sensor_publisher/lib'
[15.133s] Level 1:colcon.colcon_core.environment:checking '/home/group13pi/203/install/thermal_sensor_publisher/bin'
[15.134s] Level 1:colcon.colcon_core.environment:checking '/home/group13pi/203/install/thermal_sensor_publisher/lib/pkgconfig/thermal_sensor_publisher.pc'
[15.135s] Level 1:colcon.colcon_core.environment:checking '/home/group13pi/203/install/thermal_sensor_publisher/lib/python3.10/site-packages'
[15.135s] Level 1:colcon.colcon_core.shell:create_environment_hook('thermal_sensor_publisher', 'pythonpath')
[15.211s] INFO:colcon.colcon_core.shell:Creating environment hook '/home/group13pi/203/install/thermal_sensor_publisher/share/thermal_sensor_publisher/hook/pythonpath.ps1'
[15.213s] INFO:colcon.colcon_core.shell:Creating environment descriptor '/home/group13pi/203/install/thermal_sensor_publisher/share/thermal_sensor_publisher/hook/pythonpath.dsv'
[15.215s] INFO:colcon.colcon_core.shell:Creating environment hook '/home/group13pi/203/install/thermal_sensor_publisher/share/thermal_sensor_publisher/hook/pythonpath.sh'
[15.219s] Level 1:colcon.colcon_core.environment:checking '/home/group13pi/203/install/thermal_sensor_publisher/bin'
[15.220s] Level 1:colcon.colcon_core.environment:create_environment_scripts_only(thermal_sensor_publisher)
[15.337s] INFO:colcon.colcon_core.shell:Creating package script '/home/group13pi/203/install/thermal_sensor_publisher/share/thermal_sensor_publisher/package.ps1'
[15.342s] INFO:colcon.colcon_core.shell:Creating package descriptor '/home/group13pi/203/install/thermal_sensor_publisher/share/thermal_sensor_publisher/package.dsv'
[15.346s] INFO:colcon.colcon_core.shell:Creating package script '/home/group13pi/203/install/thermal_sensor_publisher/share/thermal_sensor_publisher/package.sh'
[15.350s] INFO:colcon.colcon_core.shell:Creating package script '/home/group13pi/203/install/thermal_sensor_publisher/share/thermal_sensor_publisher/package.bash'
[15.353s] INFO:colcon.colcon_core.shell:Creating package script '/home/group13pi/203/install/thermal_sensor_publisher/share/thermal_sensor_publisher/package.zsh'
[15.357s] Level 1:colcon.colcon_core.environment:create_file_with_runtime_dependencies(/home/group13pi/203/install/thermal_sensor_publisher/share/colcon-core/packages/thermal_sensor_publisher)
[15.361s] DEBUG:colcon.colcon_parallel_executor.executor.parallel:closing loop
[15.362s] DEBUG:colcon.colcon_parallel_executor.executor.parallel:loop closed
[15.363s] DEBUG:colcon.colcon_parallel_executor.executor.parallel:run_until_complete finished with '0'
[15.364s] DEBUG:colcon.colcon_core.event_reactor:joining thread
[15.571s] INFO:colcon.colcon_core.plugin_system:Skipping extension 'colcon_notification.desktop_notification.notify_send': Could not find 'notify-send'
[15.572s] INFO:colcon.colcon_core.plugin_system:Skipping extension 'colcon_notification.desktop_notification.terminal_notifier': Not used on non-Darwin systems
[15.573s] INFO:colcon.colcon_core.plugin_system:Skipping extension 'colcon_notification.desktop_notification.win32': Not used on non-Windows systems
[15.573s] INFO:colcon.colcon_notification.desktop_notification:Sending desktop notification using 'notify2'
[15.578s] DEBUG:colcon.colcon_notification.desktop_notification.notify2:Failed to initialize notify2: org.freedesktop.DBus.Error.ServiceUnknown: The name org.freedesktop.Notifications was not provided by any .service files
[15.579s] DEBUG:colcon.colcon_core.event_reactor:joined thread
[15.654s] INFO:colcon.colcon_core.shell:Creating prefix script '/home/group13pi/203/install/local_setup.ps1'
[15.658s] INFO:colcon.colcon_core.shell:Creating prefix util module '/home/group13pi/203/install/_local_setup_util_ps1.py'
[15.671s] INFO:colcon.colcon_core.shell:Creating prefix chain script '/home/group13pi/203/install/setup.ps1'
[15.754s] INFO:colcon.colcon_core.shell:Creating prefix script '/home/group13pi/203/install/local_setup.sh'
[15.762s] INFO:colcon.colcon_core.shell:Creating prefix util module '/home/group13pi/203/install/_local_setup_util_sh.py'
[15.766s] INFO:colcon.colcon_core.shell:Creating prefix chain script '/home/group13pi/203/install/setup.sh'
[15.851s] INFO:colcon.colcon_core.shell:Creating prefix script '/home/group13pi/203/install/local_setup.bash'
[15.856s] INFO:colcon.colcon_core.shell:Creating prefix chain script '/home/group13pi/203/install/setup.bash'
[15.939s] INFO:colcon.colcon_core.shell:Creating prefix script '/home/group13pi/203/install/local_setup.zsh'
[15.945s] INFO:colcon.colcon_core.shell:Creating prefix chain script '/home/group13pi/203/install/setup.zsh'
