[1.440s] Invoking command in '/home/group13pi/203/build/rplidar_ros': CMAKE_PREFIX_PATH=${CMAKE_PREFIX_PATH}:/opt/ros/humble /usr/bin/cmake --build /home/group13pi/203/build/rplidar_ros -- -j4 -l4
[2.477s] [ 77%] Built target rplidar_composition_node
[2.652s] [100%] Built target rplidar_composition
[4.355s] Invoked command in '/home/group13pi/203/build/rplidar_ros' returned '0': CMAKE_PREFIX_PATH=${CMAKE_PREFIX_PATH}:/opt/ros/humble /usr/bin/cmake --build /home/group13pi/203/build/rplidar_ros -- -j4 -l4
[4.709s] Invoking command in '/home/group13pi/203/build/rplidar_ros': CMAKE_PREFIX_PATH=${CMAKE_PREFIX_PATH}:/opt/ros/humble /usr/bin/cmake --install /home/group13pi/203/build/rplidar_ros
[4.756s] -- Install configuration: ""
[4.761s] -- Execute custom install script
[4.765s] -- Up-to-date symlink: /home/group13pi/203/install/rplidar_ros/lib/rplidar_ros/rplidar_composition
[4.774s] -- Up-to-date symlink: /home/group13pi/203/install/rplidar_ros/share/rplidar_ros/launch/rplidar.launch.py
[4.782s] -- Up-to-date symlink: /home/group13pi/203/install/rplidar_ros/share/rplidar_ros/launch/rplidar_a3.launch.py
[4.796s] -- Up-to-date symlink: /home/group13pi/203/install/rplidar_ros/share/rplidar_ros/launch/rplidar_s1.launch.py
[4.804s] -- Up-to-date symlink: /home/group13pi/203/install/rplidar_ros/share/rplidar_ros/launch/rplidar_s1_tcp.launch.py
[4.808s] -- Up-to-date symlink: /home/group13pi/203/install/rplidar_ros/share/rplidar_ros/launch/test_rplidar_a3.launch.py
[4.813s] -- Up-to-date symlink: /home/group13pi/203/install/rplidar_ros/share/rplidar_ros/launch/view_rplidar.launch.py
[4.818s] -- Up-to-date symlink: /home/group13pi/203/install/rplidar_ros/share/rplidar_ros/launch/view_rplidar_a3.launch.py
[4.822s] -- Up-to-date symlink: /home/group13pi/203/install/rplidar_ros/share/rplidar_ros/launch/view_rplidar_s1.launch.py
[4.826s] -- Up-to-date symlink: /home/group13pi/203/install/rplidar_ros/share/rplidar_ros/launch/view_rplidar_s1_tcp.launch.py
[4.831s] -- Up-to-date symlink: /home/group13pi/203/install/rplidar_ros/share/rplidar_ros/rviz/rplidar.rviz
[4.835s] -- Up-to-date symlink: /home/group13pi/203/install/rplidar_ros/lib/librplidar_composition_node.so
[4.840s] -- Up-to-date symlink: /home/group13pi/203/install/rplidar_ros/include/rplidar_node.hpp
[4.844s] -- Up-to-date symlink: /home/group13pi/203/install/rplidar_ros/include/visibility.h
[4.849s] -- Up-to-date symlink: /home/group13pi/203/install/rplidar_ros/lib/rplidar_ros/rplidar_composition
[4.854s] -- Up-to-date symlink: /home/group13pi/203/install/rplidar_ros/share/ament_index/resource_index/package_run_dependencies/rplidar_ros
[4.859s] -- Up-to-date symlink: /home/group13pi/203/install/rplidar_ros/share/ament_index/resource_index/parent_prefix_path/rplidar_ros
[4.863s] -- Up-to-date symlink: /home/group13pi/203/install/rplidar_ros/share/rplidar_ros/environment/ament_prefix_path.sh
[4.868s] -- Up-to-date symlink: /home/group13pi/203/install/rplidar_ros/share/rplidar_ros/environment/ament_prefix_path.dsv
[4.873s] -- Up-to-date symlink: /home/group13pi/203/install/rplidar_ros/share/rplidar_ros/environment/path.sh
[4.876s] -- Up-to-date symlink: /home/group13pi/203/install/rplidar_ros/share/rplidar_ros/environment/path.dsv
[4.880s] -- Up-to-date symlink: /home/group13pi/203/install/rplidar_ros/share/rplidar_ros/local_setup.bash
[4.883s] -- Up-to-date symlink: /home/group13pi/203/install/rplidar_ros/share/rplidar_ros/local_setup.sh
[4.886s] -- Up-to-date symlink: /home/group13pi/203/install/rplidar_ros/share/rplidar_ros/local_setup.zsh
[4.893s] -- Up-to-date symlink: /home/group13pi/203/install/rplidar_ros/share/rplidar_ros/local_setup.dsv
[4.902s] -- Symlinking: /home/group13pi/203/install/rplidar_ros/share/rplidar_ros/package.dsv
[4.944s] -- Up-to-date symlink: /home/group13pi/203/install/rplidar_ros/share/ament_index/resource_index/packages/rplidar_ros
[4.945s] -- Up-to-date symlink: /home/group13pi/203/install/rplidar_ros/share/ament_index/resource_index/rclcpp_components/rplidar_ros
[4.946s] -- Up-to-date symlink: /home/group13pi/203/install/rplidar_ros/share/rplidar_ros/cmake/ament_cmake_export_dependencies-extras.cmake
[4.946s] -- Up-to-date symlink: /home/group13pi/203/install/rplidar_ros/share/rplidar_ros/cmake/ament_cmake_export_include_directories-extras.cmake
[4.947s] -- Up-to-date symlink: /home/group13pi/203/install/rplidar_ros/share/rplidar_ros/cmake/rplidar_rosConfig.cmake
[4.948s] -- Up-to-date symlink: /home/group13pi/203/install/rplidar_ros/share/rplidar_ros/cmake/rplidar_rosConfig-version.cmake
[4.952s] -- Up-to-date symlink: /home/group13pi/203/install/rplidar_ros/share/rplidar_ros/package.xml
[4.965s] Invoked command in '/home/group13pi/203/build/rplidar_ros' returned '0': CMAKE_PREFIX_PATH=${CMAKE_PREFIX_PATH}:/opt/ros/humble /usr/bin/cmake --install /home/group13pi/203/build/rplidar_ros
