[0.432s] Invoking command in '/home/group13pi/203/build/rplidar_ros': CMAKE_PREFIX_PATH=/opt/ros/humble /usr/bin/cmake /home/group13pi/203/src/rplidar_ros2 -DCMAKE_INSTALL_PREFIX=/home/group13pi/203/install/rplidar_ros
[0.493s] -- Found ament_cmake_auto: 1.3.7 (/opt/ros/humble/share/ament_cmake_auto/cmake)
[1.288s] -- Override CMake install command with custom implementation using symlinks instead of copying resources
[1.336s] -- Found ament_cmake_ros: 0.10.0 (/opt/ros/humble/share/ament_cmake_ros/cmake)
[1.907s] -- Found rosidl_generator_c: 3.1.5 (/opt/ros/humble/share/rosidl_generator_c/cmake)
[1.922s] -- Found rosidl_adapter: 3.1.5 (/opt/ros/humble/share/rosidl_adapter/cmake)
[1.953s] -- Found rosidl_generator_cpp: 3.1.5 (/opt/ros/humble/share/rosidl_generator_cpp/cmake)
[2.010s] -- Using all available rosidl_typesupport_c: rosidl_typesupport_fastrtps_c;rosidl_typesupport_introspection_c
[2.090s] -- Using all available rosidl_typesupport_cpp: rosidl_typesupport_fastrtps_cpp;rosidl_typesupport_introspection_cpp
[2.366s] -- Found rmw_implementation_cmake: 6.1.1 (/opt/ros/humble/share/rmw_implementation_cmake/cmake)
[2.373s] -- Found rmw_fastrtps_cpp: 6.2.6 (/opt/ros/humble/share/rmw_fastrtps_cpp/cmake)
[3.425s] -- Using RMW implementation 'rmw_fastrtps_cpp' as default
[5.026s] -- Configuring done
[5.132s] -- Generating done
[5.144s] -- Build files have been written to: /home/group13pi/203/build/rplidar_ros
[5.183s] Invoked command in '/home/group13pi/203/build/rplidar_ros' returned '0': CMAKE_PREFIX_PATH=/opt/ros/humble /usr/bin/cmake /home/group13pi/203/src/rplidar_ros2 -DCMAKE_INSTALL_PREFIX=/home/group13pi/203/install/rplidar_ros
[5.194s] Invoking command in '/home/group13pi/203/build/rplidar_ros': CMAKE_PREFIX_PATH=/opt/ros/humble /usr/bin/cmake --build /home/group13pi/203/build/rplidar_ros -- -j4 -l4
[5.384s] [35m[1mConsolidate compiler generated dependencies of target rplidar_composition_node[0m
[5.526s] [ 77%] Built target rplidar_composition_node
[5.572s] [35m[1mConsolidate compiler generated dependencies of target rplidar_composition[0m
[5.667s] [100%] Built target rplidar_composition
[5.710s] Invoked command in '/home/group13pi/203/build/rplidar_ros' returned '0': CMAKE_PREFIX_PATH=/opt/ros/humble /usr/bin/cmake --build /home/group13pi/203/build/rplidar_ros -- -j4 -l4
[5.971s] Invoking command in '/home/group13pi/203/build/rplidar_ros': CMAKE_PREFIX_PATH=/opt/ros/humble /usr/bin/cmake --install /home/group13pi/203/build/rplidar_ros
[6.003s] -- Install configuration: ""
[6.007s] -- Execute custom install script
[6.011s] -- Up-to-date symlink: /home/group13pi/203/install/rplidar_ros/lib/rplidar_ros/rplidar_composition
[6.015s] -- Up-to-date symlink: /home/group13pi/203/install/rplidar_ros/share/rplidar_ros/launch/rplidar.launch.py
[6.017s] -- Up-to-date symlink: /home/group13pi/203/install/rplidar_ros/share/rplidar_ros/launch/rplidar_a3.launch.py
[6.020s] -- Up-to-date symlink: /home/group13pi/203/install/rplidar_ros/share/rplidar_ros/launch/rplidar_s1.launch.py
[6.023s] -- Up-to-date symlink: /home/group13pi/203/install/rplidar_ros/share/rplidar_ros/launch/rplidar_s1_tcp.launch.py
[6.025s] -- Up-to-date symlink: /home/group13pi/203/install/rplidar_ros/share/rplidar_ros/launch/test_rplidar_a3.launch.py
[6.028s] -- Up-to-date symlink: /home/group13pi/203/install/rplidar_ros/share/rplidar_ros/launch/view_rplidar.launch.py
[6.030s] -- Up-to-date symlink: /home/group13pi/203/install/rplidar_ros/share/rplidar_ros/launch/view_rplidar_a3.launch.py
[6.033s] -- Up-to-date symlink: /home/group13pi/203/install/rplidar_ros/share/rplidar_ros/launch/view_rplidar_s1.launch.py
[6.035s] -- Up-to-date symlink: /home/group13pi/203/install/rplidar_ros/share/rplidar_ros/launch/view_rplidar_s1_tcp.launch.py
[6.038s] -- Up-to-date symlink: /home/group13pi/203/install/rplidar_ros/share/rplidar_ros/rviz/rplidar.rviz
[6.040s] -- Up-to-date symlink: /home/group13pi/203/install/rplidar_ros/lib/librplidar_composition_node.so
[6.044s] -- Up-to-date symlink: /home/group13pi/203/install/rplidar_ros/include/rplidar_node.hpp
[6.047s] -- Up-to-date symlink: /home/group13pi/203/install/rplidar_ros/include/visibility.h
[6.050s] -- Up-to-date symlink: /home/group13pi/203/install/rplidar_ros/lib/rplidar_ros/rplidar_composition
[6.054s] -- Up-to-date symlink: /home/group13pi/203/install/rplidar_ros/share/ament_index/resource_index/package_run_dependencies/rplidar_ros
[6.062s] -- Up-to-date symlink: /home/group13pi/203/install/rplidar_ros/share/ament_index/resource_index/parent_prefix_path/rplidar_ros
[6.066s] -- Up-to-date symlink: /home/group13pi/203/install/rplidar_ros/share/rplidar_ros/environment/ament_prefix_path.sh
[6.069s] -- Up-to-date symlink: /home/group13pi/203/install/rplidar_ros/share/rplidar_ros/environment/ament_prefix_path.dsv
[6.070s] -- Up-to-date symlink: /home/group13pi/203/install/rplidar_ros/share/rplidar_ros/environment/path.sh
[6.071s] -- Up-to-date symlink: /home/group13pi/203/install/rplidar_ros/share/rplidar_ros/environment/path.dsv
[6.072s] -- Up-to-date symlink: /home/group13pi/203/install/rplidar_ros/share/rplidar_ros/local_setup.bash
[6.073s] -- Up-to-date symlink: /home/group13pi/203/install/rplidar_ros/share/rplidar_ros/local_setup.sh
[6.075s] -- Up-to-date symlink: /home/group13pi/203/install/rplidar_ros/share/rplidar_ros/local_setup.zsh
[6.076s] -- Up-to-date symlink: /home/group13pi/203/install/rplidar_ros/share/rplidar_ros/local_setup.dsv
[6.076s] -- Symlinking: /home/group13pi/203/install/rplidar_ros/share/rplidar_ros/package.dsv
[6.109s] -- Up-to-date symlink: /home/group13pi/203/install/rplidar_ros/share/ament_index/resource_index/packages/rplidar_ros
[6.110s] -- Up-to-date symlink: /home/group13pi/203/install/rplidar_ros/share/ament_index/resource_index/rclcpp_components/rplidar_ros
[6.112s] -- Up-to-date symlink: /home/group13pi/203/install/rplidar_ros/share/rplidar_ros/cmake/ament_cmake_export_dependencies-extras.cmake
[6.113s] -- Up-to-date symlink: /home/group13pi/203/install/rplidar_ros/share/rplidar_ros/cmake/ament_cmake_export_include_directories-extras.cmake
[6.114s] -- Up-to-date symlink: /home/group13pi/203/install/rplidar_ros/share/rplidar_ros/cmake/rplidar_rosConfig.cmake
[6.116s] -- Up-to-date symlink: /home/group13pi/203/install/rplidar_ros/share/rplidar_ros/cmake/rplidar_rosConfig-version.cmake
[6.117s] -- Up-to-date symlink: /home/group13pi/203/install/rplidar_ros/share/rplidar_ros/package.xml
[6.127s] Invoked command in '/home/group13pi/203/build/rplidar_ros' returned '0': CMAKE_PREFIX_PATH=/opt/ros/humble /usr/bin/cmake --install /home/group13pi/203/build/rplidar_ros
