[3.506s] DEBUG:colcon:Command line arguments: ['/usr/bin/colcon', 'build']
[3.507s] DEBUG:colcon:Parsed command line arguments: Namespace(log_base=None, log_level=None, verb_name='build', build_base='build', install_base='install', merge_install=False, symlink_install=False, test_result_base=None, continue_on_error=False, executor='parallel', parallel_workers=4, event_handlers=None, ignore_user_meta=False, metas=['./colcon.meta'], base_paths=['.'], packages_ignore=None, packages_ignore_regex=None, paths=None, packages_up_to=None, packages_up_to_regex=None, packages_above=None, packages_above_and_dependencies=None, packages_above_depth=None, packages_select_by_dep=None, packages_skip_by_dep=None, packages_skip_up_to=None, packages_select_build_failed=False, packages_skip_build_finished=False, packages_select_test_failures=False, packages_skip_test_passed=False, packages_select=None, packages_skip=None, packages_select_regex=None, packages_skip_regex=None, packages_start=None, packages_end=None, allow_overriding=[], cmake_args=None, cmake_target=None, cmake_target_skip_unavailable=False, cmake_clean_cache=False, cmake_clean_first=False, cmake_force_configure=False, ament_cmake_args=None, catkin_cmake_args=None, catkin_skip_building_tests=False, verb_parser=<colcon_defaults.argument_parser.defaults.DefaultArgumentsDecorator object at 0xffff85031240>, verb_extension=<colcon_core.verb.build.BuildVerb object at 0xffff85045ff0>, main=<bound method BuildVerb.main of <colcon_core.verb.build.BuildVerb object at 0xffff85045ff0>>)
[3.751s] Level 1:colcon.colcon_core.package_discovery:discover_packages(colcon_meta) check parameters
[3.752s] Level 1:colcon.colcon_core.package_discovery:discover_packages(recursive) check parameters
[3.752s] Level 1:colcon.colcon_core.package_discovery:discover_packages(ignore) check parameters
[3.752s] Level 1:colcon.colcon_core.package_discovery:discover_packages(path) check parameters
[3.752s] Level 1:colcon.colcon_core.package_discovery:discover_packages(colcon_meta) discover
[3.753s] Level 1:colcon.colcon_core.package_discovery:discover_packages(recursive) discover
[3.753s] INFO:colcon.colcon_core.package_discovery:Crawling recursively for packages in '/home/group13pi/203'
[3.753s] Level 1:colcon.colcon_core.package_identification:_identify(.) by extensions ['ignore', 'ignore_ament_install']
[3.754s] Level 1:colcon.colcon_core.package_identification:_identify(.) by extension 'ignore'
[3.754s] Level 1:colcon.colcon_core.package_identification:_identify(.) by extension 'ignore_ament_install'
[3.754s] Level 1:colcon.colcon_core.package_identification:_identify(.) by extensions ['colcon_pkg']
[3.754s] Level 1:colcon.colcon_core.package_identification:_identify(.) by extension 'colcon_pkg'
[3.755s] Level 1:colcon.colcon_core.package_identification:_identify(.) by extensions ['colcon_meta']
[3.755s] Level 1:colcon.colcon_core.package_identification:_identify(.) by extension 'colcon_meta'
[3.755s] Level 1:colcon.colcon_core.package_identification:_identify(.) by extensions ['ros']
[3.755s] Level 1:colcon.colcon_core.package_identification:_identify(.) by extension 'ros'
[3.823s] Level 1:colcon.colcon_core.package_identification:_identify(.) by extensions ['cmake', 'python']
[3.823s] Level 1:colcon.colcon_core.package_identification:_identify(.) by extension 'cmake'
[3.823s] Level 1:colcon.colcon_core.package_identification:_identify(.) by extension 'python'
[3.823s] Level 1:colcon.colcon_core.package_identification:_identify(.) by extensions ['python_setup_py']
[3.823s] Level 1:colcon.colcon_core.package_identification:_identify(.) by extension 'python_setup_py'
[3.824s] Level 1:colcon.colcon_core.package_identification:_identify(build) by extensions ['ignore', 'ignore_ament_install']
[3.824s] Level 1:colcon.colcon_core.package_identification:_identify(build) by extension 'ignore'
[3.825s] Level 1:colcon.colcon_core.package_identification:_identify(build) ignored
[3.825s] Level 1:colcon.colcon_core.package_identification:_identify(install) by extensions ['ignore', 'ignore_ament_install']
[3.826s] Level 1:colcon.colcon_core.package_identification:_identify(install) by extension 'ignore'
[3.826s] Level 1:colcon.colcon_core.package_identification:_identify(install) ignored
[3.827s] Level 1:colcon.colcon_core.package_identification:_identify(log) by extensions ['ignore', 'ignore_ament_install']
[3.827s] Level 1:colcon.colcon_core.package_identification:_identify(log) by extension 'ignore'
[3.827s] Level 1:colcon.colcon_core.package_identification:_identify(log) ignored
[3.828s] Level 1:colcon.colcon_core.package_identification:_identify(src) by extensions ['ignore', 'ignore_ament_install']
[3.828s] Level 1:colcon.colcon_core.package_identification:_identify(src) by extension 'ignore'
[3.828s] Level 1:colcon.colcon_core.package_identification:_identify(src) by extension 'ignore_ament_install'
[3.829s] Level 1:colcon.colcon_core.package_identification:_identify(src) by extensions ['colcon_pkg']
[3.829s] Level 1:colcon.colcon_core.package_identification:_identify(src) by extension 'colcon_pkg'
[3.829s] Level 1:colcon.colcon_core.package_identification:_identify(src) by extensions ['colcon_meta']
[3.829s] Level 1:colcon.colcon_core.package_identification:_identify(src) by extension 'colcon_meta'
[3.829s] Level 1:colcon.colcon_core.package_identification:_identify(src) by extensions ['ros']
[3.829s] Level 1:colcon.colcon_core.package_identification:_identify(src) by extension 'ros'
[3.830s] Level 1:colcon.colcon_core.package_identification:_identify(src) by extensions ['cmake', 'python']
[3.830s] Level 1:colcon.colcon_core.package_identification:_identify(src) by extension 'cmake'
[3.830s] Level 1:colcon.colcon_core.package_identification:_identify(src) by extension 'python'
[3.830s] Level 1:colcon.colcon_core.package_identification:_identify(src) by extensions ['python_setup_py']
[3.831s] Level 1:colcon.colcon_core.package_identification:_identify(src) by extension 'python_setup_py'
[3.831s] Level 1:colcon.colcon_core.package_identification:_identify(src/rplidar_ros2) by extensions ['ignore', 'ignore_ament_install']
[3.832s] Level 1:colcon.colcon_core.package_identification:_identify(src/rplidar_ros2) by extension 'ignore'
[3.832s] Level 1:colcon.colcon_core.package_identification:_identify(src/rplidar_ros2) by extension 'ignore_ament_install'
[3.832s] Level 1:colcon.colcon_core.package_identification:_identify(src/rplidar_ros2) by extensions ['colcon_pkg']
[3.832s] Level 1:colcon.colcon_core.package_identification:_identify(src/rplidar_ros2) by extension 'colcon_pkg'
[3.833s] Level 1:colcon.colcon_core.package_identification:_identify(src/rplidar_ros2) by extensions ['colcon_meta']
[3.833s] Level 1:colcon.colcon_core.package_identification:_identify(src/rplidar_ros2) by extension 'colcon_meta'
[3.833s] Level 1:colcon.colcon_core.package_identification:_identify(src/rplidar_ros2) by extensions ['ros']
[3.834s] Level 1:colcon.colcon_core.package_identification:_identify(src/rplidar_ros2) by extension 'ros'
[3.847s] DEBUG:colcon.colcon_core.package_identification:Package 'src/rplidar_ros2' with type 'ros.ament_cmake' and name 'rplidar_ros'
[3.848s] Level 1:colcon.colcon_core.package_identification:_identify(src/thermal_sensor_publisher) by extensions ['ignore', 'ignore_ament_install']
[3.848s] Level 1:colcon.colcon_core.package_identification:_identify(src/thermal_sensor_publisher) by extension 'ignore'
[3.848s] Level 1:colcon.colcon_core.package_identification:_identify(src/thermal_sensor_publisher) by extension 'ignore_ament_install'
[3.849s] Level 1:colcon.colcon_core.package_identification:_identify(src/thermal_sensor_publisher) by extensions ['colcon_pkg']
[3.849s] Level 1:colcon.colcon_core.package_identification:_identify(src/thermal_sensor_publisher) by extension 'colcon_pkg'
[3.849s] Level 1:colcon.colcon_core.package_identification:_identify(src/thermal_sensor_publisher) by extensions ['colcon_meta']
[3.849s] Level 1:colcon.colcon_core.package_identification:_identify(src/thermal_sensor_publisher) by extension 'colcon_meta'
[3.850s] Level 1:colcon.colcon_core.package_identification:_identify(src/thermal_sensor_publisher) by extensions ['ros']
[3.850s] Level 1:colcon.colcon_core.package_identification:_identify(src/thermal_sensor_publisher) by extension 'ros'
[3.853s] DEBUG:colcon.colcon_core.package_identification:Package 'src/thermal_sensor_publisher' with type 'ros.ament_python' and name 'thermal_sensor_publisher'
[3.853s] Level 1:colcon.colcon_core.package_discovery:discover_packages(recursive) using defaults
[3.853s] Level 1:colcon.colcon_core.package_discovery:discover_packages(ignore) discover
[3.853s] Level 1:colcon.colcon_core.package_discovery:discover_packages(ignore) using defaults
[3.853s] Level 1:colcon.colcon_core.package_discovery:discover_packages(path) discover
[3.854s] Level 1:colcon.colcon_core.package_discovery:discover_packages(path) using defaults
[4.225s] Level 1:colcon.colcon_core.package_discovery:discover_packages(prefix_path) check parameters
[4.225s] Level 1:colcon.colcon_core.package_discovery:discover_packages(prefix_path) discover
[4.282s] Level 1:colcon.colcon_core.package_discovery:discover_packages(prefix_path) using defaults
[4.382s] Level 5:colcon.colcon_core.verb:set package 'rplidar_ros' build argument 'cmake_args' from command line to 'None'
[4.383s] Level 5:colcon.colcon_core.verb:set package 'rplidar_ros' build argument 'cmake_target' from command line to 'None'
[4.383s] Level 5:colcon.colcon_core.verb:set package 'rplidar_ros' build argument 'cmake_target_skip_unavailable' from command line to 'False'
[4.383s] Level 5:colcon.colcon_core.verb:set package 'rplidar_ros' build argument 'cmake_clean_cache' from command line to 'False'
[4.383s] Level 5:colcon.colcon_core.verb:set package 'rplidar_ros' build argument 'cmake_clean_first' from command line to 'False'
[4.383s] Level 5:colcon.colcon_core.verb:set package 'rplidar_ros' build argument 'cmake_force_configure' from command line to 'False'
[4.383s] Level 5:colcon.colcon_core.verb:set package 'rplidar_ros' build argument 'ament_cmake_args' from command line to 'None'
[4.383s] Level 5:colcon.colcon_core.verb:set package 'rplidar_ros' build argument 'catkin_cmake_args' from command line to 'None'
[4.384s] Level 5:colcon.colcon_core.verb:set package 'rplidar_ros' build argument 'catkin_skip_building_tests' from command line to 'False'
[4.384s] DEBUG:colcon.colcon_core.verb:Building package 'rplidar_ros' with the following arguments: {'ament_cmake_args': None, 'build_base': '/home/group13pi/203/build/rplidar_ros', 'catkin_cmake_args': None, 'catkin_skip_building_tests': False, 'cmake_args': None, 'cmake_clean_cache': False, 'cmake_clean_first': False, 'cmake_force_configure': False, 'cmake_target': None, 'cmake_target_skip_unavailable': False, 'install_base': '/home/group13pi/203/install/rplidar_ros', 'merge_install': False, 'path': '/home/group13pi/203/src/rplidar_ros2', 'symlink_install': False, 'test_result_base': None}
[4.428s] Level 5:colcon.colcon_core.verb:set package 'thermal_sensor_publisher' build argument 'cmake_args' from command line to 'None'
[4.429s] Level 5:colcon.colcon_core.verb:set package 'thermal_sensor_publisher' build argument 'cmake_target' from command line to 'None'
[4.429s] Level 5:colcon.colcon_core.verb:set package 'thermal_sensor_publisher' build argument 'cmake_target_skip_unavailable' from command line to 'False'
[4.429s] Level 5:colcon.colcon_core.verb:set package 'thermal_sensor_publisher' build argument 'cmake_clean_cache' from command line to 'False'
[4.429s] Level 5:colcon.colcon_core.verb:set package 'thermal_sensor_publisher' build argument 'cmake_clean_first' from command line to 'False'
[4.429s] Level 5:colcon.colcon_core.verb:set package 'thermal_sensor_publisher' build argument 'cmake_force_configure' from command line to 'False'
[4.429s] Level 5:colcon.colcon_core.verb:set package 'thermal_sensor_publisher' build argument 'ament_cmake_args' from command line to 'None'
[4.430s] Level 5:colcon.colcon_core.verb:set package 'thermal_sensor_publisher' build argument 'catkin_cmake_args' from command line to 'None'
[4.430s] Level 5:colcon.colcon_core.verb:set package 'thermal_sensor_publisher' build argument 'catkin_skip_building_tests' from command line to 'False'
[4.430s] DEBUG:colcon.colcon_core.verb:Building package 'thermal_sensor_publisher' with the following arguments: {'ament_cmake_args': None, 'build_base': '/home/group13pi/203/build/thermal_sensor_publisher', 'catkin_cmake_args': None, 'catkin_skip_building_tests': False, 'cmake_args': None, 'cmake_clean_cache': False, 'cmake_clean_first': False, 'cmake_force_configure': False, 'cmake_target': None, 'cmake_target_skip_unavailable': False, 'install_base': '/home/group13pi/203/install/thermal_sensor_publisher', 'merge_install': False, 'path': '/home/group13pi/203/src/thermal_sensor_publisher', 'symlink_install': False, 'test_result_base': None}
[4.471s] INFO:colcon.colcon_core.executor:Executing jobs using 'parallel' executor
[4.517s] DEBUG:colcon.colcon_parallel_executor.executor.parallel:run_until_complete
[4.519s] INFO:colcon.colcon_ros.task.ament_cmake.build:Building ROS package in '/home/group13pi/203/src/rplidar_ros2' with build type 'ament_cmake'
[4.519s] INFO:colcon.colcon_cmake.task.cmake.build:Building CMake package in '/home/group13pi/203/src/rplidar_ros2'
[4.581s] INFO:colcon.colcon_core.plugin_system:Skipping extension 'colcon_core.shell.bat': Not used on non-Windows systems
[4.582s] INFO:colcon.colcon_core.shell:Skip shell extension 'powershell' for command environment: Not usable outside of PowerShell
[4.582s] DEBUG:colcon.colcon_core.shell:Skip shell extension 'dsv' for command environment
[4.638s] INFO:colcon.colcon_ros.task.ament_python.build:Building ROS package in '/home/group13pi/203/src/thermal_sensor_publisher' with build type 'ament_python'
[4.639s] Level 1:colcon.colcon_core.shell:create_environment_hook('thermal_sensor_publisher', 'ament_prefix_path')
[4.694s] INFO:colcon.colcon_core.shell:Creating environment hook '/home/group13pi/203/install/thermal_sensor_publisher/share/thermal_sensor_publisher/hook/ament_prefix_path.ps1'
[4.698s] INFO:colcon.colcon_core.shell:Creating environment descriptor '/home/group13pi/203/install/thermal_sensor_publisher/share/thermal_sensor_publisher/hook/ament_prefix_path.dsv'
[4.701s] INFO:colcon.colcon_core.shell:Creating environment hook '/home/group13pi/203/install/thermal_sensor_publisher/share/thermal_sensor_publisher/hook/ament_prefix_path.sh'
[4.752s] INFO:colcon.colcon_core.shell:Skip shell extension 'powershell' for command environment: Not usable outside of PowerShell
[4.753s] DEBUG:colcon.colcon_core.shell:Skip shell extension 'dsv' for command environment
[4.764s] DEBUG:colcon.colcon_parallel_executor.executor.parallel:run_until_complete was interrupted
[4.765s] DEBUG:colcon.colcon_parallel_executor.executor.parallel:run_until_complete again
[4.779s] DEBUG:colcon.colcon_parallel_executor.executor.parallel:run_until_complete finished
[4.780s] DEBUG:colcon.colcon_parallel_executor.executor.parallel:closing loop
[4.781s] DEBUG:colcon.colcon_parallel_executor.executor.parallel:loop closed
[4.781s] DEBUG:colcon.colcon_core.event_reactor:joining thread
[4.862s] INFO:colcon.colcon_core.plugin_system:Skipping extension 'colcon_notification.desktop_notification.notify_send': Could not find 'notify-send'
[4.863s] INFO:colcon.colcon_core.plugin_system:Skipping extension 'colcon_notification.desktop_notification.terminal_notifier': Not used on non-Darwin systems
[4.863s] INFO:colcon.colcon_core.plugin_system:Skipping extension 'colcon_notification.desktop_notification.win32': Not used on non-Windows systems
[4.863s] INFO:colcon.colcon_notification.desktop_notification:Sending desktop notification using 'notify2'
[4.867s] DEBUG:colcon.colcon_notification.desktop_notification.notify2:Failed to initialize notify2: org.freedesktop.DBus.Error.ServiceUnknown: The name org.freedesktop.Notifications was not provided by any .service files
[4.868s] DEBUG:colcon.colcon_core.event_reactor:joined thread
[4.917s] INFO:colcon.colcon_core.shell:Creating prefix script '/home/group13pi/203/install/local_setup.ps1'
[4.922s] INFO:colcon.colcon_core.shell:Creating prefix util module '/home/group13pi/203/install/_local_setup_util_ps1.py'
[4.934s] INFO:colcon.colcon_core.shell:Creating prefix chain script '/home/group13pi/203/install/setup.ps1'
[4.984s] INFO:colcon.colcon_core.shell:Creating prefix script '/home/group13pi/203/install/local_setup.sh'
[4.992s] INFO:colcon.colcon_core.shell:Creating prefix util module '/home/group13pi/203/install/_local_setup_util_sh.py'
[4.994s] INFO:colcon.colcon_core.shell:Creating prefix chain script '/home/group13pi/203/install/setup.sh'
[5.052s] INFO:colcon.colcon_core.shell:Creating prefix script '/home/group13pi/203/install/local_setup.bash'
[5.058s] INFO:colcon.colcon_core.shell:Creating prefix chain script '/home/group13pi/203/install/setup.bash'
[5.109s] INFO:colcon.colcon_core.shell:Creating prefix script '/home/group13pi/203/install/local_setup.zsh'
[5.115s] INFO:colcon.colcon_core.shell:Creating prefix chain script '/home/group13pi/203/install/setup.zsh'
