running egg_info
creating ../../build/thermal_sensor_publisher/thermal_sensor_publisher.egg-info
writing ../../build/thermal_sensor_publisher/thermal_sensor_publisher.egg-info/PKG-INFO
writing dependency_links to ../../build/thermal_sensor_publisher/thermal_sensor_publisher.egg-info/dependency_links.txt
writing entry points to ../../build/thermal_sensor_publisher/thermal_sensor_publisher.egg-info/entry_points.txt
writing requirements to ../../build/thermal_sensor_publisher/thermal_sensor_publisher.egg-info/requires.txt
writing top-level names to ../../build/thermal_sensor_publisher/thermal_sensor_publisher.egg-info/top_level.txt
writing manifest file '../../build/thermal_sensor_publisher/thermal_sensor_publisher.egg-info/SOURCES.txt'
reading manifest file '../../build/thermal_sensor_publisher/thermal_sensor_publisher.egg-info/SOURCES.txt'
writing manifest file '../../build/thermal_sensor_publisher/thermal_sensor_publisher.egg-info/SOURCES.txt'
running build
running build_py
creating /home/group13pi/203/build/thermal_sensor_publisher/build
creating /home/group13pi/203/build/thermal_sensor_publisher/build/lib
creating /home/group13pi/203/build/thermal_sensor_publisher/build/lib/thermal_sensor_publisher
copying thermal_sensor_publisher/__init__.py -> /home/group13pi/203/build/thermal_sensor_publisher/build/lib/thermal_sensor_publisher
running install
running install_lib
creating /home/group13pi/203/install/thermal_sensor_publisher/lib/python3.10/site-packages/thermal_sensor_publisher
copying /home/group13pi/203/build/thermal_sensor_publisher/build/lib/thermal_sensor_publisher/__init__.py -> /home/group13pi/203/install/thermal_sensor_publisher/lib/python3.10/site-packages/thermal_sensor_publisher
byte-compiling /home/group13pi/203/install/thermal_sensor_publisher/lib/python3.10/site-packages/thermal_sensor_publisher/__init__.py to __init__.cpython-310.pyc
running install_data
creating /home/group13pi/203/install/thermal_sensor_publisher/share/ament_index
creating /home/group13pi/203/install/thermal_sensor_publisher/share/ament_index/resource_index
creating /home/group13pi/203/install/thermal_sensor_publisher/share/ament_index/resource_index/packages
copying resource/thermal_sensor_publisher -> /home/group13pi/203/install/thermal_sensor_publisher/share/ament_index/resource_index/packages
copying package.xml -> /home/group13pi/203/install/thermal_sensor_publisher/share/thermal_sensor_publisher
running install_egg_info
Copying ../../build/thermal_sensor_publisher/thermal_sensor_publisher.egg-info to /home/group13pi/203/install/thermal_sensor_publisher/lib/python3.10/site-packages/thermal_sensor_publisher-0.0.0-py3.10.egg-info
running install_scripts
Installing sensor_publisher script to /home/group13pi/203/install/thermal_sensor_publisher/lib/thermal_sensor_publisher
writing list of installed files to '/home/group13pi/203/build/thermal_sensor_publisher/install.log'
