[14.139s] DEBUG:colcon:Command line arguments: ['/usr/bin/colcon', 'build']
[14.141s] DEBUG:colcon:Parsed command line arguments: Namespace(log_base=None, log_level=None, verb_name='build', build_base='build', install_base='install', merge_install=False, symlink_install=False, test_result_base=None, continue_on_error=False, executor='parallel', parallel_workers=4, event_handlers=None, ignore_user_meta=False, metas=['./colcon.meta'], base_paths=['.'], packages_ignore=None, packages_ignore_regex=None, paths=None, packages_up_to=None, packages_up_to_regex=None, packages_above=None, packages_above_and_dependencies=None, packages_above_depth=None, packages_select_by_dep=None, packages_skip_by_dep=None, packages_skip_up_to=None, packages_select_build_failed=False, packages_skip_build_finished=False, packages_select_test_failures=False, packages_skip_test_passed=False, packages_select=None, packages_skip=None, packages_select_regex=None, packages_skip_regex=None, packages_start=None, packages_end=None, allow_overriding=[], cmake_args=None, cmake_target=None, cmake_target_skip_unavailable=False, cmake_clean_cache=False, cmake_clean_first=False, cmake_force_configure=False, ament_cmake_args=None, catkin_cmake_args=None, catkin_skip_building_tests=False, verb_parser=<colcon_defaults.argument_parser.defaults.DefaultArgumentsDecorator object at 0xffffb2614580>, verb_extension=<colcon_core.verb.build.BuildVerb object at 0xffffb2677970>, main=<bound method BuildVerb.main of <colcon_core.verb.build.BuildVerb object at 0xffffb2677970>>)
[14.743s] Level 1:colcon.colcon_core.package_discovery:discover_packages(colcon_meta) check parameters
[14.744s] Level 1:colcon.colcon_core.package_discovery:discover_packages(recursive) check parameters
[14.745s] Level 1:colcon.colcon_core.package_discovery:discover_packages(ignore) check parameters
[14.747s] Level 1:colcon.colcon_core.package_discovery:discover_packages(path) check parameters
[14.748s] Level 1:colcon.colcon_core.package_discovery:discover_packages(colcon_meta) discover
[14.750s] Level 1:colcon.colcon_core.package_discovery:discover_packages(recursive) discover
[14.751s] INFO:colcon.colcon_core.package_discovery:Crawling recursively for packages in '/home/group13pi/203'
[14.753s] Level 1:colcon.colcon_core.package_identification:_identify(.) by extensions ['ignore', 'ignore_ament_install']
[14.755s] Level 1:colcon.colcon_core.package_identification:_identify(.) by extension 'ignore'
[14.756s] Level 1:colcon.colcon_core.package_identification:_identify(.) by extension 'ignore_ament_install'
[14.758s] Level 1:colcon.colcon_core.package_identification:_identify(.) by extensions ['colcon_pkg']
[14.758s] Level 1:colcon.colcon_core.package_identification:_identify(.) by extension 'colcon_pkg'
[14.759s] Level 1:colcon.colcon_core.package_identification:_identify(.) by extensions ['colcon_meta']
[14.760s] Level 1:colcon.colcon_core.package_identification:_identify(.) by extension 'colcon_meta'
[14.762s] Level 1:colcon.colcon_core.package_identification:_identify(.) by extensions ['ros']
[14.763s] Level 1:colcon.colcon_core.package_identification:_identify(.) by extension 'ros'
[14.858s] Level 1:colcon.colcon_core.package_identification:_identify(.) by extensions ['cmake', 'python']
[14.859s] Level 1:colcon.colcon_core.package_identification:_identify(.) by extension 'cmake'
[14.860s] Level 1:colcon.colcon_core.package_identification:_identify(.) by extension 'python'
[14.861s] Level 1:colcon.colcon_core.package_identification:_identify(.) by extensions ['python_setup_py']
[14.861s] Level 1:colcon.colcon_core.package_identification:_identify(.) by extension 'python_setup_py'
[14.862s] Level 1:colcon.colcon_core.package_identification:_identify(build) by extensions ['ignore', 'ignore_ament_install']
[14.863s] Level 1:colcon.colcon_core.package_identification:_identify(build) by extension 'ignore'
[14.864s] Level 1:colcon.colcon_core.package_identification:_identify(build) ignored
[14.865s] Level 1:colcon.colcon_core.package_identification:_identify(install) by extensions ['ignore', 'ignore_ament_install']
[14.866s] Level 1:colcon.colcon_core.package_identification:_identify(install) by extension 'ignore'
[14.866s] Level 1:colcon.colcon_core.package_identification:_identify(install) ignored
[14.867s] Level 1:colcon.colcon_core.package_identification:_identify(log) by extensions ['ignore', 'ignore_ament_install']
[14.868s] Level 1:colcon.colcon_core.package_identification:_identify(log) by extension 'ignore'
[14.869s] Level 1:colcon.colcon_core.package_identification:_identify(log) ignored
[14.870s] Level 1:colcon.colcon_core.package_identification:_identify(src) by extensions ['ignore', 'ignore_ament_install']
[14.871s] Level 1:colcon.colcon_core.package_identification:_identify(src) by extension 'ignore'
[14.872s] Level 1:colcon.colcon_core.package_identification:_identify(src) by extension 'ignore_ament_install'
[14.873s] Level 1:colcon.colcon_core.package_identification:_identify(src) by extensions ['colcon_pkg']
[14.873s] Level 1:colcon.colcon_core.package_identification:_identify(src) by extension 'colcon_pkg'
[14.874s] Level 1:colcon.colcon_core.package_identification:_identify(src) by extensions ['colcon_meta']
[14.875s] Level 1:colcon.colcon_core.package_identification:_identify(src) by extension 'colcon_meta'
[14.875s] Level 1:colcon.colcon_core.package_identification:_identify(src) by extensions ['ros']
[14.876s] Level 1:colcon.colcon_core.package_identification:_identify(src) by extension 'ros'
[14.876s] Level 1:colcon.colcon_core.package_identification:_identify(src) by extensions ['cmake', 'python']
[14.877s] Level 1:colcon.colcon_core.package_identification:_identify(src) by extension 'cmake'
[14.877s] Level 1:colcon.colcon_core.package_identification:_identify(src) by extension 'python'
[14.878s] Level 1:colcon.colcon_core.package_identification:_identify(src) by extensions ['python_setup_py']
[14.878s] Level 1:colcon.colcon_core.package_identification:_identify(src) by extension 'python_setup_py'
[14.880s] Level 1:colcon.colcon_core.package_identification:_identify(src/rplidar_ros2) by extensions ['ignore', 'ignore_ament_install']
[14.880s] Level 1:colcon.colcon_core.package_identification:_identify(src/rplidar_ros2) by extension 'ignore'
[14.881s] Level 1:colcon.colcon_core.package_identification:_identify(src/rplidar_ros2) by extension 'ignore_ament_install'
[14.882s] Level 1:colcon.colcon_core.package_identification:_identify(src/rplidar_ros2) by extensions ['colcon_pkg']
[14.882s] Level 1:colcon.colcon_core.package_identification:_identify(src/rplidar_ros2) by extension 'colcon_pkg'
[14.883s] Level 1:colcon.colcon_core.package_identification:_identify(src/rplidar_ros2) by extensions ['colcon_meta']
[14.883s] Level 1:colcon.colcon_core.package_identification:_identify(src/rplidar_ros2) by extension 'colcon_meta'
[14.884s] Level 1:colcon.colcon_core.package_identification:_identify(src/rplidar_ros2) by extensions ['ros']
[14.884s] Level 1:colcon.colcon_core.package_identification:_identify(src/rplidar_ros2) by extension 'ros'
[14.916s] DEBUG:colcon.colcon_core.package_identification:Package 'src/rplidar_ros2' with type 'ros.ament_cmake' and name 'rplidar_ros'
[14.918s] Level 1:colcon.colcon_core.package_identification:_identify(src/thermal_sensor_publisher) by extensions ['ignore', 'ignore_ament_install']
[14.918s] Level 1:colcon.colcon_core.package_identification:_identify(src/thermal_sensor_publisher) by extension 'ignore'
[14.919s] Level 1:colcon.colcon_core.package_identification:_identify(src/thermal_sensor_publisher) by extension 'ignore_ament_install'
[14.920s] Level 1:colcon.colcon_core.package_identification:_identify(src/thermal_sensor_publisher) by extensions ['colcon_pkg']
[14.920s] Level 1:colcon.colcon_core.package_identification:_identify(src/thermal_sensor_publisher) by extension 'colcon_pkg'
[14.921s] Level 1:colcon.colcon_core.package_identification:_identify(src/thermal_sensor_publisher) by extensions ['colcon_meta']
[14.921s] Level 1:colcon.colcon_core.package_identification:_identify(src/thermal_sensor_publisher) by extension 'colcon_meta'
[14.921s] Level 1:colcon.colcon_core.package_identification:_identify(src/thermal_sensor_publisher) by extensions ['ros']
[14.922s] Level 1:colcon.colcon_core.package_identification:_identify(src/thermal_sensor_publisher) by extension 'ros'
[14.926s] DEBUG:colcon.colcon_core.package_identification:Package 'src/thermal_sensor_publisher' with type 'ros.ament_python' and name 'thermal_sensor_publisher'
[14.927s] Level 1:colcon.colcon_core.package_discovery:discover_packages(recursive) using defaults
[14.927s] Level 1:colcon.colcon_core.package_discovery:discover_packages(ignore) discover
[14.928s] Level 1:colcon.colcon_core.package_discovery:discover_packages(ignore) using defaults
[14.928s] Level 1:colcon.colcon_core.package_discovery:discover_packages(path) discover
[14.929s] Level 1:colcon.colcon_core.package_discovery:discover_packages(path) using defaults
[15.885s] Level 1:colcon.colcon_core.package_discovery:discover_packages(prefix_path) check parameters
[15.886s] Level 1:colcon.colcon_core.package_discovery:discover_packages(prefix_path) discover
[16.278s] DEBUG:colcon.colcon_installed_package_information.package_discovery:Found 2 installed packages in /home/group13pi/203/install
[16.503s] DEBUG:colcon.colcon_installed_package_information.package_discovery:Found 271 installed packages in /opt/ros/humble
[16.565s] Level 1:colcon.colcon_core.package_discovery:discover_packages(prefix_path) using defaults
[17.353s] Level 5:colcon.colcon_core.verb:set package 'rplidar_ros' build argument 'cmake_args' from command line to 'None'
[17.353s] Level 5:colcon.colcon_core.verb:set package 'rplidar_ros' build argument 'cmake_target' from command line to 'None'
[17.354s] Level 5:colcon.colcon_core.verb:set package 'rplidar_ros' build argument 'cmake_target_skip_unavailable' from command line to 'False'
[17.354s] Level 5:colcon.colcon_core.verb:set package 'rplidar_ros' build argument 'cmake_clean_cache' from command line to 'False'
[17.354s] Level 5:colcon.colcon_core.verb:set package 'rplidar_ros' build argument 'cmake_clean_first' from command line to 'False'
[17.354s] Level 5:colcon.colcon_core.verb:set package 'rplidar_ros' build argument 'cmake_force_configure' from command line to 'False'
[17.354s] Level 5:colcon.colcon_core.verb:set package 'rplidar_ros' build argument 'ament_cmake_args' from command line to 'None'
[17.354s] Level 5:colcon.colcon_core.verb:set package 'rplidar_ros' build argument 'catkin_cmake_args' from command line to 'None'
[17.355s] Level 5:colcon.colcon_core.verb:set package 'rplidar_ros' build argument 'catkin_skip_building_tests' from command line to 'False'
[17.355s] DEBUG:colcon.colcon_core.verb:Building package 'rplidar_ros' with the following arguments: {'ament_cmake_args': None, 'build_base': '/home/group13pi/203/build/rplidar_ros', 'catkin_cmake_args': None, 'catkin_skip_building_tests': False, 'cmake_args': None, 'cmake_clean_cache': False, 'cmake_clean_first': False, 'cmake_force_configure': False, 'cmake_target': None, 'cmake_target_skip_unavailable': False, 'install_base': '/home/group13pi/203/install/rplidar_ros', 'merge_install': False, 'path': '/home/group13pi/203/src/rplidar_ros2', 'symlink_install': False, 'test_result_base': None}
[17.481s] Level 5:colcon.colcon_core.verb:set package 'thermal_sensor_publisher' build argument 'cmake_args' from command line to 'None'
[17.482s] Level 5:colcon.colcon_core.verb:set package 'thermal_sensor_publisher' build argument 'cmake_target' from command line to 'None'
[17.482s] Level 5:colcon.colcon_core.verb:set package 'thermal_sensor_publisher' build argument 'cmake_target_skip_unavailable' from command line to 'False'
[17.482s] Level 5:colcon.colcon_core.verb:set package 'thermal_sensor_publisher' build argument 'cmake_clean_cache' from command line to 'False'
[17.482s] Level 5:colcon.colcon_core.verb:set package 'thermal_sensor_publisher' build argument 'cmake_clean_first' from command line to 'False'
[17.482s] Level 5:colcon.colcon_core.verb:set package 'thermal_sensor_publisher' build argument 'cmake_force_configure' from command line to 'False'
[17.483s] Level 5:colcon.colcon_core.verb:set package 'thermal_sensor_publisher' build argument 'ament_cmake_args' from command line to 'None'
[17.483s] Level 5:colcon.colcon_core.verb:set package 'thermal_sensor_publisher' build argument 'catkin_cmake_args' from command line to 'None'
[17.483s] Level 5:colcon.colcon_core.verb:set package 'thermal_sensor_publisher' build argument 'catkin_skip_building_tests' from command line to 'False'
[17.483s] DEBUG:colcon.colcon_core.verb:Building package 'thermal_sensor_publisher' with the following arguments: {'ament_cmake_args': None, 'build_base': '/home/group13pi/203/build/thermal_sensor_publisher', 'catkin_cmake_args': None, 'catkin_skip_building_tests': False, 'cmake_args': None, 'cmake_clean_cache': False, 'cmake_clean_first': False, 'cmake_force_configure': False, 'cmake_target': None, 'cmake_target_skip_unavailable': False, 'install_base': '/home/group13pi/203/install/thermal_sensor_publisher', 'merge_install': False, 'path': '/home/group13pi/203/src/thermal_sensor_publisher', 'symlink_install': False, 'test_result_base': None}
[17.607s] INFO:colcon.colcon_core.executor:Executing jobs using 'parallel' executor
[17.738s] DEBUG:colcon.colcon_parallel_executor.executor.parallel:run_until_complete
[17.740s] INFO:colcon.colcon_ros.task.ament_cmake.build:Building ROS package in '/home/group13pi/203/src/rplidar_ros2' with build type 'ament_cmake'
[17.741s] INFO:colcon.colcon_cmake.task.cmake.build:Building CMake package in '/home/group13pi/203/src/rplidar_ros2'
[17.892s] INFO:colcon.colcon_core.plugin_system:Skipping extension 'colcon_core.shell.bat': Not used on non-Windows systems
[17.892s] INFO:colcon.colcon_core.shell:Skip shell extension 'powershell' for command environment: Not usable outside of PowerShell
[17.893s] DEBUG:colcon.colcon_core.shell:Skip shell extension 'dsv' for command environment
[18.363s] INFO:colcon.colcon_ros.task.ament_python.build:Building ROS package in '/home/group13pi/203/src/thermal_sensor_publisher' with build type 'ament_python'
[18.364s] Level 1:colcon.colcon_core.shell:create_environment_hook('thermal_sensor_publisher', 'ament_prefix_path')
[18.496s] INFO:colcon.colcon_core.shell:Creating environment hook '/home/group13pi/203/install/thermal_sensor_publisher/share/thermal_sensor_publisher/hook/ament_prefix_path.ps1'
[18.501s] INFO:colcon.colcon_core.shell:Creating environment descriptor '/home/group13pi/203/install/thermal_sensor_publisher/share/thermal_sensor_publisher/hook/ament_prefix_path.dsv'
[18.505s] INFO:colcon.colcon_core.shell:Creating environment hook '/home/group13pi/203/install/thermal_sensor_publisher/share/thermal_sensor_publisher/hook/ament_prefix_path.sh'
[18.650s] INFO:colcon.colcon_core.shell:Skip shell extension 'powershell' for command environment: Not usable outside of PowerShell
[18.651s] DEBUG:colcon.colcon_core.shell:Skip shell extension 'dsv' for command environment
[19.184s] DEBUG:colcon.colcon_core.event_handler.log_command:Invoking command in '/home/group13pi/203/build/rplidar_ros': CMAKE_PREFIX_PATH=${CMAKE_PREFIX_PATH}:/opt/ros/humble /usr/bin/cmake --build /home/group13pi/203/build/rplidar_ros -- -j4 -l4
[21.492s] INFO:colcon.colcon_core.task.python.build:Building Python package in '/home/group13pi/203/src/thermal_sensor_publisher'
[21.659s] INFO:colcon.colcon_core.shell:Skip shell extension 'powershell' for command environment: Not usable outside of PowerShell
[21.660s] DEBUG:colcon.colcon_core.shell:Skip shell extension 'dsv' for command environment
[22.099s] DEBUG:colcon.colcon_core.event_handler.log_command:Invoked command in '/home/group13pi/203/build/rplidar_ros' returned '0': CMAKE_PREFIX_PATH=${CMAKE_PREFIX_PATH}:/opt/ros/humble /usr/bin/cmake --build /home/group13pi/203/build/rplidar_ros -- -j4 -l4
[22.452s] DEBUG:colcon.colcon_core.event_handler.log_command:Invoking command in '/home/group13pi/203/build/rplidar_ros': CMAKE_PREFIX_PATH=${CMAKE_PREFIX_PATH}:/opt/ros/humble /usr/bin/cmake --install /home/group13pi/203/build/rplidar_ros
[22.706s] Level 1:colcon.colcon_core.environment:create_environment_scripts_only(rplidar_ros)
[22.710s] DEBUG:colcon.colcon_core.event_handler.log_command:Invoked command in '/home/group13pi/203/build/rplidar_ros' returned '0': CMAKE_PREFIX_PATH=${CMAKE_PREFIX_PATH}:/opt/ros/humble /usr/bin/cmake --install /home/group13pi/203/build/rplidar_ros
[22.938s] Level 1:colcon.colcon_core.environment:checking '/home/group13pi/203/install/rplidar_ros' for CMake module files
[22.946s] Level 1:colcon.colcon_core.environment:checking '/home/group13pi/203/install/rplidar_ros' for CMake config files
[22.951s] Level 1:colcon.colcon_core.shell:create_environment_hook('rplidar_ros', 'cmake_prefix_path')
[23.135s] INFO:colcon.colcon_core.shell:Creating environment hook '/home/group13pi/203/install/rplidar_ros/share/rplidar_ros/hook/cmake_prefix_path.ps1'
[23.140s] INFO:colcon.colcon_core.shell:Creating environment descriptor '/home/group13pi/203/install/rplidar_ros/share/rplidar_ros/hook/cmake_prefix_path.dsv'
[23.145s] INFO:colcon.colcon_core.shell:Creating environment hook '/home/group13pi/203/install/rplidar_ros/share/rplidar_ros/hook/cmake_prefix_path.sh'
[23.153s] Level 1:colcon.colcon_core.environment:checking '/home/group13pi/203/install/rplidar_ros/lib'
[23.155s] Level 1:colcon.colcon_core.shell:create_environment_hook('rplidar_ros', 'ld_library_path_lib')
[23.328s] INFO:colcon.colcon_core.shell:Creating environment hook '/home/group13pi/203/install/rplidar_ros/share/rplidar_ros/hook/ld_library_path_lib.ps1'
[23.333s] INFO:colcon.colcon_core.shell:Creating environment descriptor '/home/group13pi/203/install/rplidar_ros/share/rplidar_ros/hook/ld_library_path_lib.dsv'
[23.339s] INFO:colcon.colcon_core.shell:Creating environment hook '/home/group13pi/203/install/rplidar_ros/share/rplidar_ros/hook/ld_library_path_lib.sh'
[23.344s] Level 1:colcon.colcon_core.environment:checking '/home/group13pi/203/install/rplidar_ros/bin'
[23.345s] Level 1:colcon.colcon_core.environment:checking '/home/group13pi/203/install/rplidar_ros/lib/pkgconfig/rplidar_ros.pc'
[23.347s] Level 1:colcon.colcon_core.environment:checking '/home/group13pi/203/install/rplidar_ros/lib/python3.10/site-packages'
[23.349s] Level 1:colcon.colcon_core.environment:checking '/home/group13pi/203/install/rplidar_ros/bin'
[23.505s] INFO:colcon.colcon_core.shell:Creating package script '/home/group13pi/203/install/rplidar_ros/share/rplidar_ros/package.ps1'
[23.512s] INFO:colcon.colcon_core.shell:Creating package descriptor '/home/group13pi/203/install/rplidar_ros/share/rplidar_ros/package.dsv'
[23.523s] INFO:colcon.colcon_core.shell:Creating package script '/home/group13pi/203/install/rplidar_ros/share/rplidar_ros/package.sh'
[23.531s] INFO:colcon.colcon_core.shell:Creating package script '/home/group13pi/203/install/rplidar_ros/share/rplidar_ros/package.bash'
[23.540s] INFO:colcon.colcon_core.shell:Creating package script '/home/group13pi/203/install/rplidar_ros/share/rplidar_ros/package.zsh'
[23.547s] Level 1:colcon.colcon_core.environment:create_file_with_runtime_dependencies(/home/group13pi/203/install/rplidar_ros/share/colcon-core/packages/rplidar_ros)
[24.042s] Level 1:colcon.colcon_core.environment:create_environment_scripts_only(rplidar_ros)
[24.192s] Level 1:colcon.colcon_core.environment:checking '/home/group13pi/203/install/rplidar_ros' for CMake module files
[24.196s] Level 1:colcon.colcon_core.environment:checking '/home/group13pi/203/install/rplidar_ros' for CMake config files
[24.201s] Level 1:colcon.colcon_core.shell:create_environment_hook('rplidar_ros', 'cmake_prefix_path')
[24.364s] INFO:colcon.colcon_core.shell:Creating environment hook '/home/group13pi/203/install/rplidar_ros/share/rplidar_ros/hook/cmake_prefix_path.ps1'
[24.367s] INFO:colcon.colcon_core.shell:Creating environment descriptor '/home/group13pi/203/install/rplidar_ros/share/rplidar_ros/hook/cmake_prefix_path.dsv'
[24.370s] INFO:colcon.colcon_core.shell:Creating environment hook '/home/group13pi/203/install/rplidar_ros/share/rplidar_ros/hook/cmake_prefix_path.sh'
[24.376s] Level 1:colcon.colcon_core.environment:checking '/home/group13pi/203/install/rplidar_ros/lib'
[24.378s] Level 1:colcon.colcon_core.shell:create_environment_hook('rplidar_ros', 'ld_library_path_lib')
[24.565s] INFO:colcon.colcon_core.shell:Creating environment hook '/home/group13pi/203/install/rplidar_ros/share/rplidar_ros/hook/ld_library_path_lib.ps1'
[24.571s] INFO:colcon.colcon_core.shell:Creating environment descriptor '/home/group13pi/203/install/rplidar_ros/share/rplidar_ros/hook/ld_library_path_lib.dsv'
[24.577s] INFO:colcon.colcon_core.shell:Creating environment hook '/home/group13pi/203/install/rplidar_ros/share/rplidar_ros/hook/ld_library_path_lib.sh'
[24.582s] Level 1:colcon.colcon_core.environment:checking '/home/group13pi/203/install/rplidar_ros/bin'
[24.584s] Level 1:colcon.colcon_core.environment:checking '/home/group13pi/203/install/rplidar_ros/lib/pkgconfig/rplidar_ros.pc'
[24.587s] Level 1:colcon.colcon_core.environment:checking '/home/group13pi/203/install/rplidar_ros/lib/python3.10/site-packages'
[24.589s] Level 1:colcon.colcon_core.environment:checking '/home/group13pi/203/install/rplidar_ros/bin'
[24.867s] INFO:colcon.colcon_core.shell:Creating package script '/home/group13pi/203/install/rplidar_ros/share/rplidar_ros/package.ps1'
[24.872s] INFO:colcon.colcon_core.shell:Creating package descriptor '/home/group13pi/203/install/rplidar_ros/share/rplidar_ros/package.dsv'
[24.878s] INFO:colcon.colcon_core.shell:Creating package script '/home/group13pi/203/install/rplidar_ros/share/rplidar_ros/package.sh'
[24.883s] INFO:colcon.colcon_core.shell:Creating package script '/home/group13pi/203/install/rplidar_ros/share/rplidar_ros/package.bash'
[24.887s] INFO:colcon.colcon_core.shell:Creating package script '/home/group13pi/203/install/rplidar_ros/share/rplidar_ros/package.zsh'
[24.893s] Level 1:colcon.colcon_core.environment:create_file_with_runtime_dependencies(/home/group13pi/203/install/rplidar_ros/share/colcon-core/packages/rplidar_ros)
[26.611s] DEBUG:colcon.colcon_core.event_handler.log_command:Invoking command in '/home/group13pi/203/src/thermal_sensor_publisher': PYTHONPATH=/home/group13pi/203/build/thermal_sensor_publisher/prefix_override:/home/group13pi/203/install/thermal_sensor_publisher/lib/python3.10/site-packages:${PYTHONPATH} /usr/bin/python3 setup.py egg_info --egg-base ../../build/thermal_sensor_publisher build --build-base /home/group13pi/203/build/thermal_sensor_publisher/build install --record /home/group13pi/203/build/thermal_sensor_publisher/install.log --single-version-externally-managed
[29.472s] DEBUG:colcon.colcon_core.event_handler.log_command:Invoked command in '/home/group13pi/203/src/thermal_sensor_publisher' returned '0': PYTHONPATH=/home/group13pi/203/build/thermal_sensor_publisher/prefix_override:/home/group13pi/203/install/thermal_sensor_publisher/lib/python3.10/site-packages:${PYTHONPATH} /usr/bin/python3 setup.py egg_info --egg-base ../../build/thermal_sensor_publisher build --build-base /home/group13pi/203/build/thermal_sensor_publisher/build install --record /home/group13pi/203/build/thermal_sensor_publisher/install.log --single-version-externally-managed
[29.648s] Level 1:colcon.colcon_core.environment:checking '/home/group13pi/203/install/thermal_sensor_publisher' for CMake module files
[29.652s] Level 1:colcon.colcon_core.environment:checking '/home/group13pi/203/install/thermal_sensor_publisher' for CMake config files
[29.657s] Level 1:colcon.colcon_core.environment:checking '/home/group13pi/203/install/thermal_sensor_publisher/lib'
[29.659s] Level 1:colcon.colcon_core.environment:checking '/home/group13pi/203/install/thermal_sensor_publisher/bin'
[29.660s] Level 1:colcon.colcon_core.environment:checking '/home/group13pi/203/install/thermal_sensor_publisher/lib/pkgconfig/thermal_sensor_publisher.pc'
[29.662s] Level 1:colcon.colcon_core.environment:checking '/home/group13pi/203/install/thermal_sensor_publisher/lib/python3.10/site-packages'
[29.663s] Level 1:colcon.colcon_core.shell:create_environment_hook('thermal_sensor_publisher', 'pythonpath')
[29.820s] INFO:colcon.colcon_core.shell:Creating environment hook '/home/group13pi/203/install/thermal_sensor_publisher/share/thermal_sensor_publisher/hook/pythonpath.ps1'
[29.825s] INFO:colcon.colcon_core.shell:Creating environment descriptor '/home/group13pi/203/install/thermal_sensor_publisher/share/thermal_sensor_publisher/hook/pythonpath.dsv'
[29.828s] INFO:colcon.colcon_core.shell:Creating environment hook '/home/group13pi/203/install/thermal_sensor_publisher/share/thermal_sensor_publisher/hook/pythonpath.sh'
[29.832s] Level 1:colcon.colcon_core.environment:checking '/home/group13pi/203/install/thermal_sensor_publisher/bin'
[29.832s] Level 1:colcon.colcon_core.environment:create_environment_scripts_only(thermal_sensor_publisher)
[29.973s] INFO:colcon.colcon_core.shell:Creating package script '/home/group13pi/203/install/thermal_sensor_publisher/share/thermal_sensor_publisher/package.ps1'
[29.978s] INFO:colcon.colcon_core.shell:Creating package descriptor '/home/group13pi/203/install/thermal_sensor_publisher/share/thermal_sensor_publisher/package.dsv'
[29.983s] INFO:colcon.colcon_core.shell:Creating package script '/home/group13pi/203/install/thermal_sensor_publisher/share/thermal_sensor_publisher/package.sh'
[29.986s] INFO:colcon.colcon_core.shell:Creating package script '/home/group13pi/203/install/thermal_sensor_publisher/share/thermal_sensor_publisher/package.bash'
[29.989s] INFO:colcon.colcon_core.shell:Creating package script '/home/group13pi/203/install/thermal_sensor_publisher/share/thermal_sensor_publisher/package.zsh'
[29.991s] Level 1:colcon.colcon_core.environment:create_file_with_runtime_dependencies(/home/group13pi/203/install/thermal_sensor_publisher/share/colcon-core/packages/thermal_sensor_publisher)
[29.993s] DEBUG:colcon.colcon_parallel_executor.executor.parallel:closing loop
[29.994s] DEBUG:colcon.colcon_parallel_executor.executor.parallel:loop closed
[29.996s] DEBUG:colcon.colcon_parallel_executor.executor.parallel:run_until_complete finished with '0'
[29.999s] DEBUG:colcon.colcon_core.event_reactor:joining thread
[30.203s] INFO:colcon.colcon_core.plugin_system:Skipping extension 'colcon_notification.desktop_notification.notify_send': Could not find 'notify-send'
[30.203s] INFO:colcon.colcon_core.plugin_system:Skipping extension 'colcon_notification.desktop_notification.terminal_notifier': Not used on non-Darwin systems
[30.204s] INFO:colcon.colcon_core.plugin_system:Skipping extension 'colcon_notification.desktop_notification.win32': Not used on non-Windows systems
[30.205s] INFO:colcon.colcon_notification.desktop_notification:Sending desktop notification using 'notify2'
[30.210s] DEBUG:colcon.colcon_notification.desktop_notification.notify2:Failed to initialize notify2: org.freedesktop.DBus.Error.ServiceUnknown: The name org.freedesktop.Notifications was not provided by any .service files
[30.211s] DEBUG:colcon.colcon_core.event_reactor:joined thread
[30.333s] INFO:colcon.colcon_core.shell:Creating prefix script '/home/group13pi/203/install/local_setup.ps1'
[30.342s] INFO:colcon.colcon_core.shell:Creating prefix util module '/home/group13pi/203/install/_local_setup_util_ps1.py'
[30.350s] INFO:colcon.colcon_core.shell:Creating prefix chain script '/home/group13pi/203/install/setup.ps1'
[30.489s] INFO:colcon.colcon_core.shell:Creating prefix script '/home/group13pi/203/install/local_setup.sh'
[30.496s] INFO:colcon.colcon_core.shell:Creating prefix util module '/home/group13pi/203/install/_local_setup_util_sh.py'
[30.501s] INFO:colcon.colcon_core.shell:Creating prefix chain script '/home/group13pi/203/install/setup.sh'
[30.634s] INFO:colcon.colcon_core.shell:Creating prefix script '/home/group13pi/203/install/local_setup.bash'
[30.641s] INFO:colcon.colcon_core.shell:Creating prefix chain script '/home/group13pi/203/install/setup.bash'
[30.774s] INFO:colcon.colcon_core.shell:Creating prefix script '/home/group13pi/203/install/local_setup.zsh'
[30.779s] INFO:colcon.colcon_core.shell:Creating prefix chain script '/home/group13pi/203/install/setup.zsh'
