[5.263s] DEBUG:colcon:Command line arguments: ['/usr/bin/colcon', 'build']
[5.263s] DEBUG:colcon:Parsed command line arguments: Namespace(log_base=None, log_level=None, verb_name='build', build_base='build', install_base='install', merge_install=False, symlink_install=False, test_result_base=None, continue_on_error=False, executor='parallel', parallel_workers=4, event_handlers=None, ignore_user_meta=False, metas=['./colcon.meta'], base_paths=['.'], packages_ignore=None, packages_ignore_regex=None, paths=None, packages_up_to=None, packages_up_to_regex=None, packages_above=None, packages_above_and_dependencies=None, packages_above_depth=None, packages_select_by_dep=None, packages_skip_by_dep=None, packages_skip_up_to=None, packages_select_build_failed=False, packages_skip_build_finished=False, packages_select_test_failures=False, packages_skip_test_passed=False, packages_select=None, packages_skip=None, packages_select_regex=None, packages_skip_regex=None, packages_start=None, packages_end=None, allow_overriding=[], cmake_args=None, cmake_target=None, cmake_target_skip_unavailable=False, cmake_clean_cache=False, cmake_clean_first=False, cmake_force_configure=False, ament_cmake_args=None, catkin_cmake_args=None, catkin_skip_building_tests=False, verb_parser=<colcon_defaults.argument_parser.defaults.DefaultArgumentsDecorator object at 0xffff9b2193c0>, verb_extension=<colcon_core.verb.build.BuildVerb object at 0xffff9b54be80>, main=<bound method BuildVerb.main of <colcon_core.verb.build.BuildVerb object at 0xffff9b54be80>>)
[5.495s] Level 1:colcon.colcon_core.package_discovery:discover_packages(colcon_meta) check parameters
[5.496s] Level 1:colcon.colcon_core.package_discovery:discover_packages(recursive) check parameters
[5.496s] Level 1:colcon.colcon_core.package_discovery:discover_packages(ignore) check parameters
[5.496s] Level 1:colcon.colcon_core.package_discovery:discover_packages(path) check parameters
[5.496s] Level 1:colcon.colcon_core.package_discovery:discover_packages(colcon_meta) discover
[5.496s] Level 1:colcon.colcon_core.package_discovery:discover_packages(recursive) discover
[5.496s] INFO:colcon.colcon_core.package_discovery:Crawling recursively for packages in '/home/group13pi/203'
[5.497s] Level 1:colcon.colcon_core.package_identification:_identify(.) by extensions ['ignore', 'ignore_ament_install']
[5.497s] Level 1:colcon.colcon_core.package_identification:_identify(.) by extension 'ignore'
[5.498s] Level 1:colcon.colcon_core.package_identification:_identify(.) by extension 'ignore_ament_install'
[5.498s] Level 1:colcon.colcon_core.package_identification:_identify(.) by extensions ['colcon_pkg']
[5.498s] Level 1:colcon.colcon_core.package_identification:_identify(.) by extension 'colcon_pkg'
[5.498s] Level 1:colcon.colcon_core.package_identification:_identify(.) by extensions ['colcon_meta']
[5.498s] Level 1:colcon.colcon_core.package_identification:_identify(.) by extension 'colcon_meta'
[5.499s] Level 1:colcon.colcon_core.package_identification:_identify(.) by extensions ['ros']
[5.499s] Level 1:colcon.colcon_core.package_identification:_identify(.) by extension 'ros'
[5.542s] Level 1:colcon.colcon_core.package_identification:_identify(.) by extensions ['cmake', 'python']
[5.542s] Level 1:colcon.colcon_core.package_identification:_identify(.) by extension 'cmake'
[5.543s] Level 1:colcon.colcon_core.package_identification:_identify(.) by extension 'python'
[5.543s] Level 1:colcon.colcon_core.package_identification:_identify(.) by extensions ['python_setup_py']
[5.543s] Level 1:colcon.colcon_core.package_identification:_identify(.) by extension 'python_setup_py'
[5.544s] Level 1:colcon.colcon_core.package_identification:_identify(build) by extensions ['ignore', 'ignore_ament_install']
[5.544s] Level 1:colcon.colcon_core.package_identification:_identify(build) by extension 'ignore'
[5.544s] Level 1:colcon.colcon_core.package_identification:_identify(build) ignored
[5.545s] Level 1:colcon.colcon_core.package_identification:_identify(install) by extensions ['ignore', 'ignore_ament_install']
[5.545s] Level 1:colcon.colcon_core.package_identification:_identify(install) by extension 'ignore'
[5.546s] Level 1:colcon.colcon_core.package_identification:_identify(install) ignored
[5.546s] Level 1:colcon.colcon_core.package_identification:_identify(log) by extensions ['ignore', 'ignore_ament_install']
[5.547s] Level 1:colcon.colcon_core.package_identification:_identify(log) by extension 'ignore'
[5.547s] Level 1:colcon.colcon_core.package_identification:_identify(log) ignored
[5.547s] Level 1:colcon.colcon_core.package_identification:_identify(src) by extensions ['ignore', 'ignore_ament_install']
[5.548s] Level 1:colcon.colcon_core.package_identification:_identify(src) by extension 'ignore'
[5.548s] Level 1:colcon.colcon_core.package_identification:_identify(src) by extension 'ignore_ament_install'
[5.548s] Level 1:colcon.colcon_core.package_identification:_identify(src) by extensions ['colcon_pkg']
[5.548s] Level 1:colcon.colcon_core.package_identification:_identify(src) by extension 'colcon_pkg'
[5.548s] Level 1:colcon.colcon_core.package_identification:_identify(src) by extensions ['colcon_meta']
[5.549s] Level 1:colcon.colcon_core.package_identification:_identify(src) by extension 'colcon_meta'
[5.549s] Level 1:colcon.colcon_core.package_identification:_identify(src) by extensions ['ros']
[5.549s] Level 1:colcon.colcon_core.package_identification:_identify(src) by extension 'ros'
[5.549s] Level 1:colcon.colcon_core.package_identification:_identify(src) by extensions ['cmake', 'python']
[5.550s] Level 1:colcon.colcon_core.package_identification:_identify(src) by extension 'cmake'
[5.550s] Level 1:colcon.colcon_core.package_identification:_identify(src) by extension 'python'
[5.550s] Level 1:colcon.colcon_core.package_identification:_identify(src) by extensions ['python_setup_py']
[5.550s] Level 1:colcon.colcon_core.package_identification:_identify(src) by extension 'python_setup_py'
[5.551s] Level 1:colcon.colcon_core.package_identification:_identify(src/rplidar_ros2) by extensions ['ignore', 'ignore_ament_install']
[5.551s] Level 1:colcon.colcon_core.package_identification:_identify(src/rplidar_ros2) by extension 'ignore'
[5.551s] Level 1:colcon.colcon_core.package_identification:_identify(src/rplidar_ros2) by extension 'ignore_ament_install'
[5.552s] Level 1:colcon.colcon_core.package_identification:_identify(src/rplidar_ros2) by extensions ['colcon_pkg']
[5.552s] Level 1:colcon.colcon_core.package_identification:_identify(src/rplidar_ros2) by extension 'colcon_pkg'
[5.552s] Level 1:colcon.colcon_core.package_identification:_identify(src/rplidar_ros2) by extensions ['colcon_meta']
[5.552s] Level 1:colcon.colcon_core.package_identification:_identify(src/rplidar_ros2) by extension 'colcon_meta'
[5.552s] Level 1:colcon.colcon_core.package_identification:_identify(src/rplidar_ros2) by extensions ['ros']
[5.553s] Level 1:colcon.colcon_core.package_identification:_identify(src/rplidar_ros2) by extension 'ros'
[5.561s] DEBUG:colcon.colcon_core.package_identification:Package 'src/rplidar_ros2' with type 'ros.ament_cmake' and name 'rplidar_ros'
[5.562s] Level 1:colcon.colcon_core.package_identification:_identify(src/thermal_sensor_publisher) by extensions ['ignore', 'ignore_ament_install']
[5.563s] Level 1:colcon.colcon_core.package_identification:_identify(src/thermal_sensor_publisher) by extension 'ignore'
[5.563s] Level 1:colcon.colcon_core.package_identification:_identify(src/thermal_sensor_publisher) by extension 'ignore_ament_install'
[5.563s] Level 1:colcon.colcon_core.package_identification:_identify(src/thermal_sensor_publisher) by extensions ['colcon_pkg']
[5.564s] Level 1:colcon.colcon_core.package_identification:_identify(src/thermal_sensor_publisher) by extension 'colcon_pkg'
[5.564s] Level 1:colcon.colcon_core.package_identification:_identify(src/thermal_sensor_publisher) by extensions ['colcon_meta']
[5.564s] Level 1:colcon.colcon_core.package_identification:_identify(src/thermal_sensor_publisher) by extension 'colcon_meta'
[5.564s] Level 1:colcon.colcon_core.package_identification:_identify(src/thermal_sensor_publisher) by extensions ['ros']
[5.565s] Level 1:colcon.colcon_core.package_identification:_identify(src/thermal_sensor_publisher) by extension 'ros'
[5.567s] DEBUG:colcon.colcon_core.package_identification:Package 'src/thermal_sensor_publisher' with type 'ros.ament_python' and name 'thermal_sensor_publisher'
[5.567s] Level 1:colcon.colcon_core.package_discovery:discover_packages(recursive) using defaults
[5.568s] Level 1:colcon.colcon_core.package_discovery:discover_packages(ignore) discover
[5.568s] Level 1:colcon.colcon_core.package_discovery:discover_packages(ignore) using defaults
[5.568s] Level 1:colcon.colcon_core.package_discovery:discover_packages(path) discover
[5.568s] Level 1:colcon.colcon_core.package_discovery:discover_packages(path) using defaults
[6.032s] Level 1:colcon.colcon_core.package_discovery:discover_packages(prefix_path) check parameters
[6.032s] Level 1:colcon.colcon_core.package_discovery:discover_packages(prefix_path) discover
[6.183s] DEBUG:colcon.colcon_installed_package_information.package_discovery:Found 1 installed packages in /home/group13pi/203/install
[6.264s] DEBUG:colcon.colcon_installed_package_information.package_discovery:Found 271 installed packages in /opt/ros/humble
[6.270s] Level 1:colcon.colcon_core.package_discovery:discover_packages(prefix_path) using defaults
[6.729s] Level 5:colcon.colcon_core.verb:set package 'rplidar_ros' build argument 'cmake_args' from command line to 'None'
[6.730s] Level 5:colcon.colcon_core.verb:set package 'rplidar_ros' build argument 'cmake_target' from command line to 'None'
[6.730s] Level 5:colcon.colcon_core.verb:set package 'rplidar_ros' build argument 'cmake_target_skip_unavailable' from command line to 'False'
[6.730s] Level 5:colcon.colcon_core.verb:set package 'rplidar_ros' build argument 'cmake_clean_cache' from command line to 'False'
[6.730s] Level 5:colcon.colcon_core.verb:set package 'rplidar_ros' build argument 'cmake_clean_first' from command line to 'False'
[6.730s] Level 5:colcon.colcon_core.verb:set package 'rplidar_ros' build argument 'cmake_force_configure' from command line to 'False'
[6.730s] Level 5:colcon.colcon_core.verb:set package 'rplidar_ros' build argument 'ament_cmake_args' from command line to 'None'
[6.730s] Level 5:colcon.colcon_core.verb:set package 'rplidar_ros' build argument 'catkin_cmake_args' from command line to 'None'
[6.731s] Level 5:colcon.colcon_core.verb:set package 'rplidar_ros' build argument 'catkin_skip_building_tests' from command line to 'False'
[6.731s] DEBUG:colcon.colcon_core.verb:Building package 'rplidar_ros' with the following arguments: {'ament_cmake_args': None, 'build_base': '/home/group13pi/203/build/rplidar_ros', 'catkin_cmake_args': None, 'catkin_skip_building_tests': False, 'cmake_args': None, 'cmake_clean_cache': False, 'cmake_clean_first': False, 'cmake_force_configure': False, 'cmake_target': None, 'cmake_target_skip_unavailable': False, 'install_base': '/home/group13pi/203/install/rplidar_ros', 'merge_install': False, 'path': '/home/group13pi/203/src/rplidar_ros2', 'symlink_install': False, 'test_result_base': None}
[6.802s] Level 5:colcon.colcon_core.verb:set package 'thermal_sensor_publisher' build argument 'cmake_args' from command line to 'None'
[6.802s] Level 5:colcon.colcon_core.verb:set package 'thermal_sensor_publisher' build argument 'cmake_target' from command line to 'None'
[6.803s] Level 5:colcon.colcon_core.verb:set package 'thermal_sensor_publisher' build argument 'cmake_target_skip_unavailable' from command line to 'False'
[6.803s] Level 5:colcon.colcon_core.verb:set package 'thermal_sensor_publisher' build argument 'cmake_clean_cache' from command line to 'False'
[6.803s] Level 5:colcon.colcon_core.verb:set package 'thermal_sensor_publisher' build argument 'cmake_clean_first' from command line to 'False'
[6.803s] Level 5:colcon.colcon_core.verb:set package 'thermal_sensor_publisher' build argument 'cmake_force_configure' from command line to 'False'
[6.803s] Level 5:colcon.colcon_core.verb:set package 'thermal_sensor_publisher' build argument 'ament_cmake_args' from command line to 'None'
[6.803s] Level 5:colcon.colcon_core.verb:set package 'thermal_sensor_publisher' build argument 'catkin_cmake_args' from command line to 'None'
[6.803s] Level 5:colcon.colcon_core.verb:set package 'thermal_sensor_publisher' build argument 'catkin_skip_building_tests' from command line to 'False'
[6.804s] DEBUG:colcon.colcon_core.verb:Building package 'thermal_sensor_publisher' with the following arguments: {'ament_cmake_args': None, 'build_base': '/home/group13pi/203/build/thermal_sensor_publisher', 'catkin_cmake_args': None, 'catkin_skip_building_tests': False, 'cmake_args': None, 'cmake_clean_cache': False, 'cmake_clean_first': False, 'cmake_force_configure': False, 'cmake_target': None, 'cmake_target_skip_unavailable': False, 'install_base': '/home/group13pi/203/install/thermal_sensor_publisher', 'merge_install': False, 'path': '/home/group13pi/203/src/thermal_sensor_publisher', 'symlink_install': False, 'test_result_base': None}
[6.883s] INFO:colcon.colcon_core.executor:Executing jobs using 'parallel' executor
[6.958s] DEBUG:colcon.colcon_parallel_executor.executor.parallel:run_until_complete
[6.959s] INFO:colcon.colcon_ros.task.ament_cmake.build:Building ROS package in '/home/group13pi/203/src/rplidar_ros2' with build type 'ament_cmake'
[6.960s] INFO:colcon.colcon_cmake.task.cmake.build:Building CMake package in '/home/group13pi/203/src/rplidar_ros2'
[7.044s] INFO:colcon.colcon_core.plugin_system:Skipping extension 'colcon_core.shell.bat': Not used on non-Windows systems
[7.044s] INFO:colcon.colcon_core.shell:Skip shell extension 'powershell' for command environment: Not usable outside of PowerShell
[7.045s] DEBUG:colcon.colcon_core.shell:Skip shell extension 'dsv' for command environment
[7.303s] INFO:colcon.colcon_ros.task.ament_python.build:Building ROS package in '/home/group13pi/203/src/thermal_sensor_publisher' with build type 'ament_python'
[7.305s] Level 1:colcon.colcon_core.shell:create_environment_hook('thermal_sensor_publisher', 'ament_prefix_path')
[7.397s] INFO:colcon.colcon_core.shell:Creating environment hook '/home/group13pi/203/install/thermal_sensor_publisher/share/thermal_sensor_publisher/hook/ament_prefix_path.ps1'
[7.399s] INFO:colcon.colcon_core.shell:Creating environment descriptor '/home/group13pi/203/install/thermal_sensor_publisher/share/thermal_sensor_publisher/hook/ament_prefix_path.dsv'
[7.401s] INFO:colcon.colcon_core.shell:Creating environment hook '/home/group13pi/203/install/thermal_sensor_publisher/share/thermal_sensor_publisher/hook/ament_prefix_path.sh'
[7.480s] INFO:colcon.colcon_core.shell:Skip shell extension 'powershell' for command environment: Not usable outside of PowerShell
[7.481s] DEBUG:colcon.colcon_core.shell:Skip shell extension 'dsv' for command environment
[7.755s] DEBUG:colcon.colcon_core.event_handler.log_command:Invoking command in '/home/group13pi/203/build/rplidar_ros': CMAKE_PREFIX_PATH=${CMAKE_PREFIX_PATH}:/opt/ros/humble /usr/bin/cmake --build /home/group13pi/203/build/rplidar_ros -- -j4 -l4
[9.249s] INFO:colcon.colcon_core.task.python.build:Building Python package in '/home/group13pi/203/src/thermal_sensor_publisher'
[9.327s] INFO:colcon.colcon_core.shell:Skip shell extension 'powershell' for command environment: Not usable outside of PowerShell
[9.327s] DEBUG:colcon.colcon_core.shell:Skip shell extension 'dsv' for command environment
[9.576s] DEBUG:colcon.colcon_core.event_handler.log_command:Invoked command in '/home/group13pi/203/build/rplidar_ros' returned '0': CMAKE_PREFIX_PATH=${CMAKE_PREFIX_PATH}:/opt/ros/humble /usr/bin/cmake --build /home/group13pi/203/build/rplidar_ros -- -j4 -l4
[9.858s] DEBUG:colcon.colcon_core.event_handler.log_command:Invoking command in '/home/group13pi/203/build/rplidar_ros': CMAKE_PREFIX_PATH=${CMAKE_PREFIX_PATH}:/opt/ros/humble /usr/bin/cmake --install /home/group13pi/203/build/rplidar_ros
[9.990s] Level 1:colcon.colcon_core.environment:create_environment_scripts_only(rplidar_ros)
[9.992s] DEBUG:colcon.colcon_core.event_handler.log_command:Invoked command in '/home/group13pi/203/build/rplidar_ros' returned '0': CMAKE_PREFIX_PATH=${CMAKE_PREFIX_PATH}:/opt/ros/humble /usr/bin/cmake --install /home/group13pi/203/build/rplidar_ros
[10.108s] Level 1:colcon.colcon_core.environment:checking '/home/group13pi/203/install/rplidar_ros' for CMake module files
[10.111s] Level 1:colcon.colcon_core.environment:checking '/home/group13pi/203/install/rplidar_ros' for CMake config files
[10.115s] Level 1:colcon.colcon_core.shell:create_environment_hook('rplidar_ros', 'cmake_prefix_path')
[10.253s] INFO:colcon.colcon_core.shell:Creating environment hook '/home/group13pi/203/install/rplidar_ros/share/rplidar_ros/hook/cmake_prefix_path.ps1'
[10.256s] INFO:colcon.colcon_core.shell:Creating environment descriptor '/home/group13pi/203/install/rplidar_ros/share/rplidar_ros/hook/cmake_prefix_path.dsv'
[10.259s] INFO:colcon.colcon_core.shell:Creating environment hook '/home/group13pi/203/install/rplidar_ros/share/rplidar_ros/hook/cmake_prefix_path.sh'
[10.264s] Level 1:colcon.colcon_core.environment:checking '/home/group13pi/203/install/rplidar_ros/lib'
[10.265s] Level 1:colcon.colcon_core.shell:create_environment_hook('rplidar_ros', 'ld_library_path_lib')
[10.356s] INFO:colcon.colcon_core.shell:Creating environment hook '/home/group13pi/203/install/rplidar_ros/share/rplidar_ros/hook/ld_library_path_lib.ps1'
[10.358s] INFO:colcon.colcon_core.shell:Creating environment descriptor '/home/group13pi/203/install/rplidar_ros/share/rplidar_ros/hook/ld_library_path_lib.dsv'
[10.361s] INFO:colcon.colcon_core.shell:Creating environment hook '/home/group13pi/203/install/rplidar_ros/share/rplidar_ros/hook/ld_library_path_lib.sh'
[10.363s] Level 1:colcon.colcon_core.environment:checking '/home/group13pi/203/install/rplidar_ros/bin'
[10.364s] Level 1:colcon.colcon_core.environment:checking '/home/group13pi/203/install/rplidar_ros/lib/pkgconfig/rplidar_ros.pc'
[10.365s] Level 1:colcon.colcon_core.environment:checking '/home/group13pi/203/install/rplidar_ros/lib/python3.10/site-packages'
[10.367s] Level 1:colcon.colcon_core.environment:checking '/home/group13pi/203/install/rplidar_ros/bin'
[10.463s] INFO:colcon.colcon_core.shell:Creating package script '/home/group13pi/203/install/rplidar_ros/share/rplidar_ros/package.ps1'
[10.467s] INFO:colcon.colcon_core.shell:Creating package descriptor '/home/group13pi/203/install/rplidar_ros/share/rplidar_ros/package.dsv'
[10.472s] INFO:colcon.colcon_core.shell:Creating package script '/home/group13pi/203/install/rplidar_ros/share/rplidar_ros/package.sh'
[10.476s] INFO:colcon.colcon_core.shell:Creating package script '/home/group13pi/203/install/rplidar_ros/share/rplidar_ros/package.bash'
[10.481s] INFO:colcon.colcon_core.shell:Creating package script '/home/group13pi/203/install/rplidar_ros/share/rplidar_ros/package.zsh'
[10.487s] Level 1:colcon.colcon_core.environment:create_file_with_runtime_dependencies(/home/group13pi/203/install/rplidar_ros/share/colcon-core/packages/rplidar_ros)
[10.856s] Level 1:colcon.colcon_core.environment:create_environment_scripts_only(rplidar_ros)
[10.955s] Level 1:colcon.colcon_core.environment:checking '/home/group13pi/203/install/rplidar_ros' for CMake module files
[10.958s] Level 1:colcon.colcon_core.environment:checking '/home/group13pi/203/install/rplidar_ros' for CMake config files
[10.962s] Level 1:colcon.colcon_core.shell:create_environment_hook('rplidar_ros', 'cmake_prefix_path')
[11.053s] INFO:colcon.colcon_core.shell:Creating environment hook '/home/group13pi/203/install/rplidar_ros/share/rplidar_ros/hook/cmake_prefix_path.ps1'
[11.055s] INFO:colcon.colcon_core.shell:Creating environment descriptor '/home/group13pi/203/install/rplidar_ros/share/rplidar_ros/hook/cmake_prefix_path.dsv'
[11.057s] INFO:colcon.colcon_core.shell:Creating environment hook '/home/group13pi/203/install/rplidar_ros/share/rplidar_ros/hook/cmake_prefix_path.sh'
[11.061s] Level 1:colcon.colcon_core.environment:checking '/home/group13pi/203/install/rplidar_ros/lib'
[11.062s] Level 1:colcon.colcon_core.shell:create_environment_hook('rplidar_ros', 'ld_library_path_lib')
[11.171s] INFO:colcon.colcon_core.shell:Creating environment hook '/home/group13pi/203/install/rplidar_ros/share/rplidar_ros/hook/ld_library_path_lib.ps1'
[11.174s] INFO:colcon.colcon_core.shell:Creating environment descriptor '/home/group13pi/203/install/rplidar_ros/share/rplidar_ros/hook/ld_library_path_lib.dsv'
[11.176s] INFO:colcon.colcon_core.shell:Creating environment hook '/home/group13pi/203/install/rplidar_ros/share/rplidar_ros/hook/ld_library_path_lib.sh'
[11.178s] Level 1:colcon.colcon_core.environment:checking '/home/group13pi/203/install/rplidar_ros/bin'
[11.179s] Level 1:colcon.colcon_core.environment:checking '/home/group13pi/203/install/rplidar_ros/lib/pkgconfig/rplidar_ros.pc'
[11.180s] Level 1:colcon.colcon_core.environment:checking '/home/group13pi/203/install/rplidar_ros/lib/python3.10/site-packages'
[11.181s] Level 1:colcon.colcon_core.environment:checking '/home/group13pi/203/install/rplidar_ros/bin'
[11.287s] INFO:colcon.colcon_core.shell:Creating package script '/home/group13pi/203/install/rplidar_ros/share/rplidar_ros/package.ps1'
[11.290s] INFO:colcon.colcon_core.shell:Creating package descriptor '/home/group13pi/203/install/rplidar_ros/share/rplidar_ros/package.dsv'
[11.293s] INFO:colcon.colcon_core.shell:Creating package script '/home/group13pi/203/install/rplidar_ros/share/rplidar_ros/package.sh'
[11.296s] INFO:colcon.colcon_core.shell:Creating package script '/home/group13pi/203/install/rplidar_ros/share/rplidar_ros/package.bash'
[11.299s] INFO:colcon.colcon_core.shell:Creating package script '/home/group13pi/203/install/rplidar_ros/share/rplidar_ros/package.zsh'
[11.301s] Level 1:colcon.colcon_core.environment:create_file_with_runtime_dependencies(/home/group13pi/203/install/rplidar_ros/share/colcon-core/packages/rplidar_ros)
[12.351s] DEBUG:colcon.colcon_core.event_handler.log_command:Invoking command in '/home/group13pi/203/src/thermal_sensor_publisher': PYTHONPATH=/home/group13pi/203/build/thermal_sensor_publisher/prefix_override:/home/group13pi/203/install/thermal_sensor_publisher/lib/python3.10/site-packages:${PYTHONPATH} /usr/bin/python3 setup.py egg_info --egg-base ../../build/thermal_sensor_publisher build --build-base /home/group13pi/203/build/thermal_sensor_publisher/build install --record /home/group13pi/203/build/thermal_sensor_publisher/install.log --single-version-externally-managed
[13.891s] DEBUG:colcon.colcon_core.event_handler.log_command:Invoked command in '/home/group13pi/203/src/thermal_sensor_publisher' returned '0': PYTHONPATH=/home/group13pi/203/build/thermal_sensor_publisher/prefix_override:/home/group13pi/203/install/thermal_sensor_publisher/lib/python3.10/site-packages:${PYTHONPATH} /usr/bin/python3 setup.py egg_info --egg-base ../../build/thermal_sensor_publisher build --build-base /home/group13pi/203/build/thermal_sensor_publisher/build install --record /home/group13pi/203/build/thermal_sensor_publisher/install.log --single-version-externally-managed
[13.984s] Level 1:colcon.colcon_core.environment:checking '/home/group13pi/203/install/thermal_sensor_publisher' for CMake module files
[13.986s] Level 1:colcon.colcon_core.environment:checking '/home/group13pi/203/install/thermal_sensor_publisher' for CMake config files
[13.989s] Level 1:colcon.colcon_core.environment:checking '/home/group13pi/203/install/thermal_sensor_publisher/lib'
[13.990s] Level 1:colcon.colcon_core.environment:checking '/home/group13pi/203/install/thermal_sensor_publisher/bin'
[13.990s] Level 1:colcon.colcon_core.environment:checking '/home/group13pi/203/install/thermal_sensor_publisher/lib/pkgconfig/thermal_sensor_publisher.pc'
[13.991s] Level 1:colcon.colcon_core.environment:checking '/home/group13pi/203/install/thermal_sensor_publisher/lib/python3.10/site-packages'
[13.991s] Level 1:colcon.colcon_core.shell:create_environment_hook('thermal_sensor_publisher', 'pythonpath')
[14.066s] INFO:colcon.colcon_core.shell:Creating environment hook '/home/group13pi/203/install/thermal_sensor_publisher/share/thermal_sensor_publisher/hook/pythonpath.ps1'
[14.068s] INFO:colcon.colcon_core.shell:Creating environment descriptor '/home/group13pi/203/install/thermal_sensor_publisher/share/thermal_sensor_publisher/hook/pythonpath.dsv'
[14.070s] INFO:colcon.colcon_core.shell:Creating environment hook '/home/group13pi/203/install/thermal_sensor_publisher/share/thermal_sensor_publisher/hook/pythonpath.sh'
[14.073s] Level 1:colcon.colcon_core.environment:checking '/home/group13pi/203/install/thermal_sensor_publisher/bin'
[14.074s] Level 1:colcon.colcon_core.environment:create_environment_scripts_only(thermal_sensor_publisher)
[14.150s] INFO:colcon.colcon_core.shell:Creating package script '/home/group13pi/203/install/thermal_sensor_publisher/share/thermal_sensor_publisher/package.ps1'
[14.153s] INFO:colcon.colcon_core.shell:Creating package descriptor '/home/group13pi/203/install/thermal_sensor_publisher/share/thermal_sensor_publisher/package.dsv'
[14.155s] INFO:colcon.colcon_core.shell:Creating package script '/home/group13pi/203/install/thermal_sensor_publisher/share/thermal_sensor_publisher/package.sh'
[14.157s] INFO:colcon.colcon_core.shell:Creating package script '/home/group13pi/203/install/thermal_sensor_publisher/share/thermal_sensor_publisher/package.bash'
[14.158s] INFO:colcon.colcon_core.shell:Creating package script '/home/group13pi/203/install/thermal_sensor_publisher/share/thermal_sensor_publisher/package.zsh'
[14.160s] Level 1:colcon.colcon_core.environment:create_file_with_runtime_dependencies(/home/group13pi/203/install/thermal_sensor_publisher/share/colcon-core/packages/thermal_sensor_publisher)
[14.162s] DEBUG:colcon.colcon_parallel_executor.executor.parallel:closing loop
[14.163s] DEBUG:colcon.colcon_parallel_executor.executor.parallel:loop closed
[14.163s] DEBUG:colcon.colcon_parallel_executor.executor.parallel:run_until_complete finished with '0'
[14.164s] DEBUG:colcon.colcon_core.event_reactor:joining thread
[14.268s] INFO:colcon.colcon_core.plugin_system:Skipping extension 'colcon_notification.desktop_notification.notify_send': Could not find 'notify-send'
[14.269s] INFO:colcon.colcon_core.plugin_system:Skipping extension 'colcon_notification.desktop_notification.terminal_notifier': Not used on non-Darwin systems
[14.269s] INFO:colcon.colcon_core.plugin_system:Skipping extension 'colcon_notification.desktop_notification.win32': Not used on non-Windows systems
[14.269s] INFO:colcon.colcon_notification.desktop_notification:Sending desktop notification using 'notify2'
[14.273s] DEBUG:colcon.colcon_notification.desktop_notification.notify2:Failed to initialize notify2: org.freedesktop.DBus.Error.ServiceUnknown: The name org.freedesktop.Notifications was not provided by any .service files
[14.273s] DEBUG:colcon.colcon_core.event_reactor:joined thread
[14.352s] INFO:colcon.colcon_core.shell:Creating prefix script '/home/group13pi/203/install/local_setup.ps1'
[14.356s] INFO:colcon.colcon_core.shell:Creating prefix util module '/home/group13pi/203/install/_local_setup_util_ps1.py'
[14.362s] INFO:colcon.colcon_core.shell:Creating prefix chain script '/home/group13pi/203/install/setup.ps1'
[14.441s] INFO:colcon.colcon_core.shell:Creating prefix script '/home/group13pi/203/install/local_setup.sh'
[14.444s] INFO:colcon.colcon_core.shell:Creating prefix util module '/home/group13pi/203/install/_local_setup_util_sh.py'
[14.447s] INFO:colcon.colcon_core.shell:Creating prefix chain script '/home/group13pi/203/install/setup.sh'
[14.554s] INFO:colcon.colcon_core.shell:Creating prefix script '/home/group13pi/203/install/local_setup.bash'
[14.557s] INFO:colcon.colcon_core.shell:Creating prefix chain script '/home/group13pi/203/install/setup.bash'
[14.647s] INFO:colcon.colcon_core.shell:Creating prefix script '/home/group13pi/203/install/local_setup.zsh'
[14.649s] INFO:colcon.colcon_core.shell:Creating prefix chain script '/home/group13pi/203/install/setup.zsh'
