[7.907s] DEBUG:colcon:Command line arguments: ['/usr/bin/colcon', 'build', '--symlink-install']
[7.908s] DEBUG:colcon:Parsed command line arguments: Namespace(log_base=None, log_level=None, verb_name='build', build_base='build', install_base='install', merge_install=False, symlink_install=True, test_result_base=None, continue_on_error=False, executor='parallel', parallel_workers=4, event_handlers=None, ignore_user_meta=False, metas=['./colcon.meta'], base_paths=['.'], packages_ignore=None, packages_ignore_regex=None, paths=None, packages_up_to=None, packages_up_to_regex=None, packages_above=None, packages_above_and_dependencies=None, packages_above_depth=None, packages_select_by_dep=None, packages_skip_by_dep=None, packages_skip_up_to=None, packages_select_build_failed=False, packages_skip_build_finished=False, packages_select_test_failures=False, packages_skip_test_passed=False, packages_select=None, packages_skip=None, packages_select_regex=None, packages_skip_regex=None, packages_start=None, packages_end=None, allow_overriding=[], cmake_args=None, cmake_target=None, cmake_target_skip_unavailable=False, cmake_clean_cache=False, cmake_clean_first=False, cmake_force_configure=False, ament_cmake_args=None, catkin_cmake_args=None, catkin_skip_building_tests=False, verb_parser=<colcon_defaults.argument_parser.defaults.DefaultArgumentsDecorator object at 0xffff982612d0>, verb_extension=<colcon_core.verb.build.BuildVerb object at 0xffff985b59c0>, main=<bound method BuildVerb.main of <colcon_core.verb.build.BuildVerb object at 0xffff985b59c0>>)
[8.258s] Level 1:colcon.colcon_core.package_discovery:discover_packages(colcon_meta) check parameters
[8.259s] Level 1:colcon.colcon_core.package_discovery:discover_packages(recursive) check parameters
[8.259s] Level 1:colcon.colcon_core.package_discovery:discover_packages(ignore) check parameters
[8.260s] Level 1:colcon.colcon_core.package_discovery:discover_packages(path) check parameters
[8.260s] Level 1:colcon.colcon_core.package_discovery:discover_packages(colcon_meta) discover
[8.260s] Level 1:colcon.colcon_core.package_discovery:discover_packages(recursive) discover
[8.260s] INFO:colcon.colcon_core.package_discovery:Crawling recursively for packages in '/home/group13pi/203'
[8.261s] Level 1:colcon.colcon_core.package_identification:_identify(.) by extensions ['ignore', 'ignore_ament_install']
[8.261s] Level 1:colcon.colcon_core.package_identification:_identify(.) by extension 'ignore'
[8.262s] Level 1:colcon.colcon_core.package_identification:_identify(.) by extension 'ignore_ament_install'
[8.262s] Level 1:colcon.colcon_core.package_identification:_identify(.) by extensions ['colcon_pkg']
[8.263s] Level 1:colcon.colcon_core.package_identification:_identify(.) by extension 'colcon_pkg'
[8.263s] Level 1:colcon.colcon_core.package_identification:_identify(.) by extensions ['colcon_meta']
[8.263s] Level 1:colcon.colcon_core.package_identification:_identify(.) by extension 'colcon_meta'
[8.264s] Level 1:colcon.colcon_core.package_identification:_identify(.) by extensions ['ros']
[8.264s] Level 1:colcon.colcon_core.package_identification:_identify(.) by extension 'ros'
[8.318s] Level 1:colcon.colcon_core.package_identification:_identify(.) by extensions ['cmake', 'python']
[8.318s] Level 1:colcon.colcon_core.package_identification:_identify(.) by extension 'cmake'
[8.319s] Level 1:colcon.colcon_core.package_identification:_identify(.) by extension 'python'
[8.319s] Level 1:colcon.colcon_core.package_identification:_identify(.) by extensions ['python_setup_py']
[8.319s] Level 1:colcon.colcon_core.package_identification:_identify(.) by extension 'python_setup_py'
[8.320s] Level 1:colcon.colcon_core.package_identification:_identify(build) by extensions ['ignore', 'ignore_ament_install']
[8.321s] Level 1:colcon.colcon_core.package_identification:_identify(build) by extension 'ignore'
[8.322s] Level 1:colcon.colcon_core.package_identification:_identify(build) ignored
[8.323s] Level 1:colcon.colcon_core.package_identification:_identify(install) by extensions ['ignore', 'ignore_ament_install']
[8.323s] Level 1:colcon.colcon_core.package_identification:_identify(install) by extension 'ignore'
[8.324s] Level 1:colcon.colcon_core.package_identification:_identify(install) ignored
[8.324s] Level 1:colcon.colcon_core.package_identification:_identify(log) by extensions ['ignore', 'ignore_ament_install']
[8.325s] Level 1:colcon.colcon_core.package_identification:_identify(log) by extension 'ignore'
[8.325s] Level 1:colcon.colcon_core.package_identification:_identify(log) ignored
[8.327s] Level 1:colcon.colcon_core.package_identification:_identify(src) by extensions ['ignore', 'ignore_ament_install']
[8.328s] Level 1:colcon.colcon_core.package_identification:_identify(src) by extension 'ignore'
[8.328s] Level 1:colcon.colcon_core.package_identification:_identify(src) by extension 'ignore_ament_install'
[8.329s] Level 1:colcon.colcon_core.package_identification:_identify(src) by extensions ['colcon_pkg']
[8.329s] Level 1:colcon.colcon_core.package_identification:_identify(src) by extension 'colcon_pkg'
[8.330s] Level 1:colcon.colcon_core.package_identification:_identify(src) by extensions ['colcon_meta']
[8.330s] Level 1:colcon.colcon_core.package_identification:_identify(src) by extension 'colcon_meta'
[8.330s] Level 1:colcon.colcon_core.package_identification:_identify(src) by extensions ['ros']
[8.331s] Level 1:colcon.colcon_core.package_identification:_identify(src) by extension 'ros'
[8.331s] Level 1:colcon.colcon_core.package_identification:_identify(src) by extensions ['cmake', 'python']
[8.331s] Level 1:colcon.colcon_core.package_identification:_identify(src) by extension 'cmake'
[8.332s] Level 1:colcon.colcon_core.package_identification:_identify(src) by extension 'python'
[8.332s] Level 1:colcon.colcon_core.package_identification:_identify(src) by extensions ['python_setup_py']
[8.332s] Level 1:colcon.colcon_core.package_identification:_identify(src) by extension 'python_setup_py'
[8.333s] Level 1:colcon.colcon_core.package_identification:_identify(src/rplidar_ros2) by extensions ['ignore', 'ignore_ament_install']
[8.334s] Level 1:colcon.colcon_core.package_identification:_identify(src/rplidar_ros2) by extension 'ignore'
[8.334s] Level 1:colcon.colcon_core.package_identification:_identify(src/rplidar_ros2) by extension 'ignore_ament_install'
[8.335s] Level 1:colcon.colcon_core.package_identification:_identify(src/rplidar_ros2) by extensions ['colcon_pkg']
[8.335s] Level 1:colcon.colcon_core.package_identification:_identify(src/rplidar_ros2) by extension 'colcon_pkg'
[8.335s] Level 1:colcon.colcon_core.package_identification:_identify(src/rplidar_ros2) by extensions ['colcon_meta']
[8.336s] Level 1:colcon.colcon_core.package_identification:_identify(src/rplidar_ros2) by extension 'colcon_meta'
[8.336s] Level 1:colcon.colcon_core.package_identification:_identify(src/rplidar_ros2) by extensions ['ros']
[8.337s] Level 1:colcon.colcon_core.package_identification:_identify(src/rplidar_ros2) by extension 'ros'
[8.349s] DEBUG:colcon.colcon_core.package_identification:Package 'src/rplidar_ros2' with type 'ros.ament_cmake' and name 'rplidar_ros'
[8.350s] Level 1:colcon.colcon_core.package_discovery:discover_packages(recursive) using defaults
[8.350s] Level 1:colcon.colcon_core.package_discovery:discover_packages(ignore) discover
[8.351s] Level 1:colcon.colcon_core.package_discovery:discover_packages(ignore) using defaults
[8.351s] Level 1:colcon.colcon_core.package_discovery:discover_packages(path) discover
[8.351s] Level 1:colcon.colcon_core.package_discovery:discover_packages(path) using defaults
[9.042s] Level 1:colcon.colcon_core.package_discovery:discover_packages(prefix_path) check parameters
[9.043s] Level 1:colcon.colcon_core.package_discovery:discover_packages(prefix_path) discover
[9.298s] DEBUG:colcon.colcon_installed_package_information.package_discovery:Found 271 installed packages in /opt/ros/humble
[9.304s] Level 1:colcon.colcon_core.package_discovery:discover_packages(prefix_path) using defaults
[9.968s] Level 5:colcon.colcon_core.verb:set package 'rplidar_ros' build argument 'cmake_args' from command line to 'None'
[9.968s] Level 5:colcon.colcon_core.verb:set package 'rplidar_ros' build argument 'cmake_target' from command line to 'None'
[9.969s] Level 5:colcon.colcon_core.verb:set package 'rplidar_ros' build argument 'cmake_target_skip_unavailable' from command line to 'False'
[9.969s] Level 5:colcon.colcon_core.verb:set package 'rplidar_ros' build argument 'cmake_clean_cache' from command line to 'False'
[9.969s] Level 5:colcon.colcon_core.verb:set package 'rplidar_ros' build argument 'cmake_clean_first' from command line to 'False'
[9.969s] Level 5:colcon.colcon_core.verb:set package 'rplidar_ros' build argument 'cmake_force_configure' from command line to 'False'
[9.969s] Level 5:colcon.colcon_core.verb:set package 'rplidar_ros' build argument 'ament_cmake_args' from command line to 'None'
[9.970s] Level 5:colcon.colcon_core.verb:set package 'rplidar_ros' build argument 'catkin_cmake_args' from command line to 'None'
[9.970s] Level 5:colcon.colcon_core.verb:set package 'rplidar_ros' build argument 'catkin_skip_building_tests' from command line to 'False'
[9.970s] DEBUG:colcon.colcon_core.verb:Building package 'rplidar_ros' with the following arguments: {'ament_cmake_args': None, 'build_base': '/home/group13pi/203/build/rplidar_ros', 'catkin_cmake_args': None, 'catkin_skip_building_tests': False, 'cmake_args': None, 'cmake_clean_cache': False, 'cmake_clean_first': False, 'cmake_force_configure': False, 'cmake_target': None, 'cmake_target_skip_unavailable': False, 'install_base': '/home/group13pi/203/install/rplidar_ros', 'merge_install': False, 'path': '/home/group13pi/203/src/rplidar_ros2', 'symlink_install': True, 'test_result_base': None}
[10.092s] INFO:colcon.colcon_core.executor:Executing jobs using 'parallel' executor
[10.216s] DEBUG:colcon.colcon_parallel_executor.executor.parallel:run_until_complete
[10.220s] INFO:colcon.colcon_ros.task.ament_cmake.build:Building ROS package in '/home/group13pi/203/src/rplidar_ros2' with build type 'ament_cmake'
[10.221s] INFO:colcon.colcon_cmake.task.cmake.build:Building CMake package in '/home/group13pi/203/src/rplidar_ros2'
[10.375s] INFO:colcon.colcon_core.plugin_system:Skipping extension 'colcon_core.shell.bat': Not used on non-Windows systems
[10.376s] INFO:colcon.colcon_core.shell:Skip shell extension 'powershell' for command environment: Not usable outside of PowerShell
[10.376s] DEBUG:colcon.colcon_core.shell:Skip shell extension 'dsv' for command environment
[10.676s] DEBUG:colcon.colcon_core.event_handler.log_command:Invoking command in '/home/group13pi/203/build/rplidar_ros': CMAKE_PREFIX_PATH=/opt/ros/humble /usr/bin/cmake --build /home/group13pi/203/build/rplidar_ros -- -j4 -l4
[11.101s] DEBUG:colcon.colcon_core.event_handler.log_command:Invoked command in '/home/group13pi/203/build/rplidar_ros' returned '0': CMAKE_PREFIX_PATH=/opt/ros/humble /usr/bin/cmake --build /home/group13pi/203/build/rplidar_ros -- -j4 -l4
[11.386s] DEBUG:colcon.colcon_core.event_handler.log_command:Invoking command in '/home/group13pi/203/build/rplidar_ros': CMAKE_PREFIX_PATH=/opt/ros/humble /usr/bin/cmake --install /home/group13pi/203/build/rplidar_ros
[11.502s] Level 1:colcon.colcon_core.environment:create_environment_scripts_only(rplidar_ros)
[11.504s] DEBUG:colcon.colcon_core.event_handler.log_command:Invoked command in '/home/group13pi/203/build/rplidar_ros' returned '0': CMAKE_PREFIX_PATH=/opt/ros/humble /usr/bin/cmake --install /home/group13pi/203/build/rplidar_ros
[11.644s] Level 1:colcon.colcon_core.environment:checking '/home/group13pi/203/install/rplidar_ros' for CMake module files
[11.648s] Level 1:colcon.colcon_core.environment:checking '/home/group13pi/203/install/rplidar_ros' for CMake config files
[11.652s] Level 1:colcon.colcon_core.shell:create_environment_hook('rplidar_ros', 'cmake_prefix_path')
[11.809s] INFO:colcon.colcon_core.shell:Creating environment hook '/home/group13pi/203/install/rplidar_ros/share/rplidar_ros/hook/cmake_prefix_path.ps1'
[11.812s] INFO:colcon.colcon_core.shell:Creating environment descriptor '/home/group13pi/203/install/rplidar_ros/share/rplidar_ros/hook/cmake_prefix_path.dsv'
[11.815s] INFO:colcon.colcon_core.shell:Creating environment hook '/home/group13pi/203/install/rplidar_ros/share/rplidar_ros/hook/cmake_prefix_path.sh'
[11.820s] Level 1:colcon.colcon_core.environment:checking '/home/group13pi/203/install/rplidar_ros/lib'
[11.821s] Level 1:colcon.colcon_core.shell:create_environment_hook('rplidar_ros', 'ld_library_path_lib')
[11.948s] INFO:colcon.colcon_core.shell:Creating environment hook '/home/group13pi/203/install/rplidar_ros/share/rplidar_ros/hook/ld_library_path_lib.ps1'
[11.950s] INFO:colcon.colcon_core.shell:Creating environment descriptor '/home/group13pi/203/install/rplidar_ros/share/rplidar_ros/hook/ld_library_path_lib.dsv'
[11.953s] INFO:colcon.colcon_core.shell:Creating environment hook '/home/group13pi/203/install/rplidar_ros/share/rplidar_ros/hook/ld_library_path_lib.sh'
[11.955s] Level 1:colcon.colcon_core.environment:checking '/home/group13pi/203/install/rplidar_ros/bin'
[11.956s] Level 1:colcon.colcon_core.environment:checking '/home/group13pi/203/install/rplidar_ros/lib/pkgconfig/rplidar_ros.pc'
[11.957s] Level 1:colcon.colcon_core.environment:checking '/home/group13pi/203/install/rplidar_ros/lib/python3.10/site-packages'
[11.959s] Level 1:colcon.colcon_core.environment:checking '/home/group13pi/203/install/rplidar_ros/bin'
[12.080s] INFO:colcon.colcon_core.shell:Creating package script '/home/group13pi/203/install/rplidar_ros/share/rplidar_ros/package.ps1'
[12.085s] INFO:colcon.colcon_core.shell:Creating package descriptor '/home/group13pi/203/install/rplidar_ros/share/rplidar_ros/package.dsv'
[12.088s] INFO:colcon.colcon_core.shell:Creating package script '/home/group13pi/203/install/rplidar_ros/share/rplidar_ros/package.sh'
[12.092s] INFO:colcon.colcon_core.shell:Creating package script '/home/group13pi/203/install/rplidar_ros/share/rplidar_ros/package.bash'
[12.096s] INFO:colcon.colcon_core.shell:Creating package script '/home/group13pi/203/install/rplidar_ros/share/rplidar_ros/package.zsh'
[12.101s] Level 1:colcon.colcon_core.environment:create_file_with_runtime_dependencies(/home/group13pi/203/install/rplidar_ros/share/colcon-core/packages/rplidar_ros)
[12.474s] Level 1:colcon.colcon_core.environment:create_environment_scripts_only(rplidar_ros)
[12.596s] Level 1:colcon.colcon_core.environment:checking '/home/group13pi/203/install/rplidar_ros' for CMake module files
[12.600s] Level 1:colcon.colcon_core.environment:checking '/home/group13pi/203/install/rplidar_ros' for CMake config files
[12.604s] Level 1:colcon.colcon_core.shell:create_environment_hook('rplidar_ros', 'cmake_prefix_path')
[12.726s] INFO:colcon.colcon_core.shell:Creating environment hook '/home/group13pi/203/install/rplidar_ros/share/rplidar_ros/hook/cmake_prefix_path.ps1'
[12.729s] INFO:colcon.colcon_core.shell:Creating environment descriptor '/home/group13pi/203/install/rplidar_ros/share/rplidar_ros/hook/cmake_prefix_path.dsv'
[12.731s] INFO:colcon.colcon_core.shell:Creating environment hook '/home/group13pi/203/install/rplidar_ros/share/rplidar_ros/hook/cmake_prefix_path.sh'
[12.735s] Level 1:colcon.colcon_core.environment:checking '/home/group13pi/203/install/rplidar_ros/lib'
[12.735s] Level 1:colcon.colcon_core.shell:create_environment_hook('rplidar_ros', 'ld_library_path_lib')
[12.863s] INFO:colcon.colcon_core.shell:Creating environment hook '/home/group13pi/203/install/rplidar_ros/share/rplidar_ros/hook/ld_library_path_lib.ps1'
[12.866s] INFO:colcon.colcon_core.shell:Creating environment descriptor '/home/group13pi/203/install/rplidar_ros/share/rplidar_ros/hook/ld_library_path_lib.dsv'
[12.868s] INFO:colcon.colcon_core.shell:Creating environment hook '/home/group13pi/203/install/rplidar_ros/share/rplidar_ros/hook/ld_library_path_lib.sh'
[12.871s] Level 1:colcon.colcon_core.environment:checking '/home/group13pi/203/install/rplidar_ros/bin'
[12.871s] Level 1:colcon.colcon_core.environment:checking '/home/group13pi/203/install/rplidar_ros/lib/pkgconfig/rplidar_ros.pc'
[12.873s] Level 1:colcon.colcon_core.environment:checking '/home/group13pi/203/install/rplidar_ros/lib/python3.10/site-packages'
[12.874s] Level 1:colcon.colcon_core.environment:checking '/home/group13pi/203/install/rplidar_ros/bin'
[13.004s] INFO:colcon.colcon_core.shell:Creating package script '/home/group13pi/203/install/rplidar_ros/share/rplidar_ros/package.ps1'
[13.007s] INFO:colcon.colcon_core.shell:Creating package descriptor '/home/group13pi/203/install/rplidar_ros/share/rplidar_ros/package.dsv'
[13.010s] INFO:colcon.colcon_core.shell:Creating package script '/home/group13pi/203/install/rplidar_ros/share/rplidar_ros/package.sh'
[13.013s] INFO:colcon.colcon_core.shell:Creating package script '/home/group13pi/203/install/rplidar_ros/share/rplidar_ros/package.bash'
[13.016s] INFO:colcon.colcon_core.shell:Creating package script '/home/group13pi/203/install/rplidar_ros/share/rplidar_ros/package.zsh'
[13.018s] Level 1:colcon.colcon_core.environment:create_file_with_runtime_dependencies(/home/group13pi/203/install/rplidar_ros/share/colcon-core/packages/rplidar_ros)
[13.020s] DEBUG:colcon.colcon_parallel_executor.executor.parallel:closing loop
[13.022s] DEBUG:colcon.colcon_parallel_executor.executor.parallel:loop closed
[13.023s] DEBUG:colcon.colcon_parallel_executor.executor.parallel:run_until_complete finished with '0'
[13.024s] DEBUG:colcon.colcon_core.event_reactor:joining thread
[13.177s] INFO:colcon.colcon_core.plugin_system:Skipping extension 'colcon_notification.desktop_notification.notify_send': Could not find 'notify-send'
[13.178s] INFO:colcon.colcon_core.plugin_system:Skipping extension 'colcon_notification.desktop_notification.terminal_notifier': Not used on non-Darwin systems
[13.179s] INFO:colcon.colcon_core.plugin_system:Skipping extension 'colcon_notification.desktop_notification.win32': Not used on non-Windows systems
[13.179s] INFO:colcon.colcon_notification.desktop_notification:Sending desktop notification using 'notify2'
[13.190s] DEBUG:colcon.colcon_notification.desktop_notification.notify2:Failed to initialize notify2: org.freedesktop.DBus.Error.ServiceUnknown: The name org.freedesktop.Notifications was not provided by any .service files
[13.191s] DEBUG:colcon.colcon_core.event_reactor:joined thread
[13.352s] INFO:colcon.colcon_core.shell:Creating prefix script '/home/group13pi/203/install/local_setup.ps1'
[13.356s] INFO:colcon.colcon_core.shell:Creating prefix util module '/home/group13pi/203/install/_local_setup_util_ps1.py'
[13.363s] INFO:colcon.colcon_core.shell:Creating prefix chain script '/home/group13pi/203/install/setup.ps1'
[13.490s] INFO:colcon.colcon_core.shell:Creating prefix script '/home/group13pi/203/install/local_setup.sh'
[13.493s] INFO:colcon.colcon_core.shell:Creating prefix util module '/home/group13pi/203/install/_local_setup_util_sh.py'
[13.497s] INFO:colcon.colcon_core.shell:Creating prefix chain script '/home/group13pi/203/install/setup.sh'
[13.629s] INFO:colcon.colcon_core.shell:Creating prefix script '/home/group13pi/203/install/local_setup.bash'
[13.633s] INFO:colcon.colcon_core.shell:Creating prefix chain script '/home/group13pi/203/install/setup.bash'
[13.757s] INFO:colcon.colcon_core.shell:Creating prefix script '/home/group13pi/203/install/local_setup.zsh'
[13.760s] INFO:colcon.colcon_core.shell:Creating prefix chain script '/home/group13pi/203/install/setup.zsh'
