[0.794s] Invoking command in '/home/group13pi/203/build/rplidar_ros': CMAKE_PREFIX_PATH=${CMAKE_PREFIX_PATH}:/opt/ros/humble /usr/bin/cmake --build /home/group13pi/203/build/rplidar_ros -- -j4 -l4
[1.383s] [ 77%] Built target rplidar_composition_node
[1.513s] [100%] Built target rplidar_composition
[2.615s] Invoked command in '/home/group13pi/203/build/rplidar_ros' returned '0': CMAKE_PREFIX_PATH=${CMAKE_PREFIX_PATH}:/opt/ros/humble /usr/bin/cmake --build /home/group13pi/203/build/rplidar_ros -- -j4 -l4
[2.896s] Invoking command in '/home/group13pi/203/build/rplidar_ros': CMAKE_PREFIX_PATH=${CMAKE_PREFIX_PATH}:/opt/ros/humble /usr/bin/cmake --install /home/group13pi/203/build/rplidar_ros
[2.929s] -- Install configuration: ""
[2.937s] -- Execute custom install script
[2.940s] -- Up-to-date symlink: /home/group13pi/203/install/rplidar_ros/lib/rplidar_ros/rplidar_composition
[2.945s] -- Up-to-date symlink: /home/group13pi/203/install/rplidar_ros/share/rplidar_ros/launch/rplidar.launch.py
[2.956s] -- Up-to-date symlink: /home/group13pi/203/install/rplidar_ros/share/rplidar_ros/launch/rplidar_a3.launch.py
[2.956s] -- Up-to-date symlink: /home/group13pi/203/install/rplidar_ros/share/rplidar_ros/launch/rplidar_s1.launch.py
[2.960s] -- Up-to-date symlink: /home/group13pi/203/install/rplidar_ros/share/rplidar_ros/launch/rplidar_s1_tcp.launch.py
[2.960s] -- Up-to-date symlink: /home/group13pi/203/install/rplidar_ros/share/rplidar_ros/launch/test_rplidar_a3.launch.py
[2.961s] -- Up-to-date symlink: /home/group13pi/203/install/rplidar_ros/share/rplidar_ros/launch/view_rplidar.launch.py
[2.961s] -- Up-to-date symlink: /home/group13pi/203/install/rplidar_ros/share/rplidar_ros/launch/view_rplidar_a3.launch.py
[2.962s] -- Up-to-date symlink: /home/group13pi/203/install/rplidar_ros/share/rplidar_ros/launch/view_rplidar_s1.launch.py
[2.962s] -- Up-to-date symlink: /home/group13pi/203/install/rplidar_ros/share/rplidar_ros/launch/view_rplidar_s1_tcp.launch.py
[2.968s] -- Up-to-date symlink: /home/group13pi/203/install/rplidar_ros/share/rplidar_ros/rviz/rplidar.rviz
[2.969s] -- Up-to-date symlink: /home/group13pi/203/install/rplidar_ros/lib/librplidar_composition_node.so
[2.971s] -- Up-to-date symlink: /home/group13pi/203/install/rplidar_ros/include/rplidar_node.hpp
[2.973s] -- Up-to-date symlink: /home/group13pi/203/install/rplidar_ros/include/visibility.h
[2.975s] -- Up-to-date symlink: /home/group13pi/203/install/rplidar_ros/lib/rplidar_ros/rplidar_composition
[2.977s] -- Up-to-date symlink: /home/group13pi/203/install/rplidar_ros/share/ament_index/resource_index/package_run_dependencies/rplidar_ros
[2.977s] -- Up-to-date symlink: /home/group13pi/203/install/rplidar_ros/share/ament_index/resource_index/parent_prefix_path/rplidar_ros
[2.978s] -- Up-to-date symlink: /home/group13pi/203/install/rplidar_ros/share/rplidar_ros/environment/ament_prefix_path.sh
[2.981s] -- Up-to-date symlink: /home/group13pi/203/install/rplidar_ros/share/rplidar_ros/environment/ament_prefix_path.dsv
[2.982s] -- Up-to-date symlink: /home/group13pi/203/install/rplidar_ros/share/rplidar_ros/environment/path.sh
[2.984s] -- Up-to-date symlink: /home/group13pi/203/install/rplidar_ros/share/rplidar_ros/environment/path.dsv
[2.985s] -- Up-to-date symlink: /home/group13pi/203/install/rplidar_ros/share/rplidar_ros/local_setup.bash
[2.985s] -- Up-to-date symlink: /home/group13pi/203/install/rplidar_ros/share/rplidar_ros/local_setup.sh
[2.986s] -- Up-to-date symlink: /home/group13pi/203/install/rplidar_ros/share/rplidar_ros/local_setup.zsh
[2.986s] -- Up-to-date symlink: /home/group13pi/203/install/rplidar_ros/share/rplidar_ros/local_setup.dsv
[2.987s] -- Symlinking: /home/group13pi/203/install/rplidar_ros/share/rplidar_ros/package.dsv
[3.016s] -- Up-to-date symlink: /home/group13pi/203/install/rplidar_ros/share/ament_index/resource_index/packages/rplidar_ros
[3.018s] -- Up-to-date symlink: /home/group13pi/203/install/rplidar_ros/share/ament_index/resource_index/rclcpp_components/rplidar_ros
[3.019s] -- Up-to-date symlink: /home/group13pi/203/install/rplidar_ros/share/rplidar_ros/cmake/ament_cmake_export_dependencies-extras.cmake
[3.020s] -- Up-to-date symlink: /home/group13pi/203/install/rplidar_ros/share/rplidar_ros/cmake/ament_cmake_export_include_directories-extras.cmake
[3.021s] -- Up-to-date symlink: /home/group13pi/203/install/rplidar_ros/share/rplidar_ros/cmake/rplidar_rosConfig.cmake
[3.022s] -- Up-to-date symlink: /home/group13pi/203/install/rplidar_ros/share/rplidar_ros/cmake/rplidar_rosConfig-version.cmake
[3.024s] -- Up-to-date symlink: /home/group13pi/203/install/rplidar_ros/share/rplidar_ros/package.xml
[3.031s] Invoked command in '/home/group13pi/203/build/rplidar_ros' returned '0': CMAKE_PREFIX_PATH=${CMAKE_PREFIX_PATH}:/opt/ros/humble /usr/bin/cmake --install /home/group13pi/203/build/rplidar_ros
