[0.876s] Invoking command in '/home/group13pi/203/build/rplidar_ros': CMAKE_PREFIX_PATH=${CMAKE_PREFIX_PATH}:/home/group13pi/203/install/thermal_sensor_publisher:/opt/ros/humble /usr/bin/cmake --build /home/group13pi/203/build/rplidar_ros -- -j4 -l4
[1.435s] [ 77%] Built target rplidar_composition_node
[1.556s] [100%] Built target rplidar_composition
[2.808s] Invoked command in '/home/group13pi/203/build/rplidar_ros' returned '0': CMAKE_PREFIX_PATH=${CMAKE_PREFIX_PATH}:/home/group13pi/203/install/thermal_sensor_publisher:/opt/ros/humble /usr/bin/cmake --build /home/group13pi/203/build/rplidar_ros -- -j4 -l4
[3.081s] Invoking command in '/home/group13pi/203/build/rplidar_ros': CMAKE_PREFIX_PATH=${CMAKE_PREFIX_PATH}:/home/group13pi/203/install/thermal_sensor_publisher:/opt/ros/humble /usr/bin/cmake --install /home/group13pi/203/build/rplidar_ros
[3.122s] -- Install configuration: ""
[3.128s] -- Execute custom install script
[3.132s] -- Up-to-date symlink: /home/group13pi/203/install/rplidar_ros/lib/rplidar_ros/rplidar_composition
[3.139s] -- Up-to-date symlink: /home/group13pi/203/install/rplidar_ros/share/rplidar_ros/launch/rplidar.launch.py
[3.142s] -- Up-to-date symlink: /home/group13pi/203/install/rplidar_ros/share/rplidar_ros/launch/rplidar_a3.launch.py
[3.144s] -- Up-to-date symlink: /home/group13pi/203/install/rplidar_ros/share/rplidar_ros/launch/rplidar_s1.launch.py
[3.147s] -- Up-to-date symlink: /home/group13pi/203/install/rplidar_ros/share/rplidar_ros/launch/rplidar_s1_tcp.launch.py
[3.149s] -- Up-to-date symlink: /home/group13pi/203/install/rplidar_ros/share/rplidar_ros/launch/test_rplidar_a3.launch.py
[3.151s] -- Up-to-date symlink: /home/group13pi/203/install/rplidar_ros/share/rplidar_ros/launch/view_rplidar.launch.py
[3.153s] -- Up-to-date symlink: /home/group13pi/203/install/rplidar_ros/share/rplidar_ros/launch/view_rplidar_a3.launch.py
[3.155s] -- Up-to-date symlink: /home/group13pi/203/install/rplidar_ros/share/rplidar_ros/launch/view_rplidar_s1.launch.py
[3.157s] -- Up-to-date symlink: /home/group13pi/203/install/rplidar_ros/share/rplidar_ros/launch/view_rplidar_s1_tcp.launch.py
[3.159s] -- Up-to-date symlink: /home/group13pi/203/install/rplidar_ros/share/rplidar_ros/rviz/rplidar.rviz
[3.163s] -- Up-to-date symlink: /home/group13pi/203/install/rplidar_ros/lib/librplidar_composition_node.so
[3.165s] -- Up-to-date symlink: /home/group13pi/203/install/rplidar_ros/include/rplidar_node.hpp
[3.166s] -- Up-to-date symlink: /home/group13pi/203/install/rplidar_ros/include/visibility.h
[3.170s] -- Up-to-date symlink: /home/group13pi/203/install/rplidar_ros/lib/rplidar_ros/rplidar_composition
[3.172s] -- Up-to-date symlink: /home/group13pi/203/install/rplidar_ros/share/ament_index/resource_index/package_run_dependencies/rplidar_ros
[3.173s] -- Up-to-date symlink: /home/group13pi/203/install/rplidar_ros/share/ament_index/resource_index/parent_prefix_path/rplidar_ros
[3.175s] -- Up-to-date symlink: /home/group13pi/203/install/rplidar_ros/share/rplidar_ros/environment/ament_prefix_path.sh
[3.183s] -- Up-to-date symlink: /home/group13pi/203/install/rplidar_ros/share/rplidar_ros/environment/ament_prefix_path.dsv
[3.184s] -- Up-to-date symlink: /home/group13pi/203/install/rplidar_ros/share/rplidar_ros/environment/path.sh
[3.185s] -- Up-to-date symlink: /home/group13pi/203/install/rplidar_ros/share/rplidar_ros/environment/path.dsv
[3.185s] -- Up-to-date symlink: /home/group13pi/203/install/rplidar_ros/share/rplidar_ros/local_setup.bash
[3.186s] -- Up-to-date symlink: /home/group13pi/203/install/rplidar_ros/share/rplidar_ros/local_setup.sh
[3.187s] -- Up-to-date symlink: /home/group13pi/203/install/rplidar_ros/share/rplidar_ros/local_setup.zsh
[3.187s] -- Up-to-date symlink: /home/group13pi/203/install/rplidar_ros/share/rplidar_ros/local_setup.dsv
[3.188s] -- Symlinking: /home/group13pi/203/install/rplidar_ros/share/rplidar_ros/package.dsv
[3.227s] -- Up-to-date symlink: /home/group13pi/203/install/rplidar_ros/share/ament_index/resource_index/packages/rplidar_ros
[3.230s] -- Up-to-date symlink: /home/group13pi/203/install/rplidar_ros/share/ament_index/resource_index/rclcpp_components/rplidar_ros
[3.231s] -- Up-to-date symlink: /home/group13pi/203/install/rplidar_ros/share/rplidar_ros/cmake/ament_cmake_export_dependencies-extras.cmake
[3.237s] -- Up-to-date symlink: /home/group13pi/203/install/rplidar_ros/share/rplidar_ros/cmake/ament_cmake_export_include_directories-extras.cmake
[3.250s] -- Up-to-date symlink: /home/group13pi/203/install/rplidar_ros/share/rplidar_ros/cmake/rplidar_rosConfig.cmake
[3.251s] -- Up-to-date symlink: /home/group13pi/203/install/rplidar_ros/share/rplidar_ros/cmake/rplidar_rosConfig-version.cmake
[3.252s] -- Up-to-date symlink: /home/group13pi/203/install/rplidar_ros/share/rplidar_ros/package.xml
[3.253s] Invoked command in '/home/group13pi/203/build/rplidar_ros' returned '0': CMAKE_PREFIX_PATH=${CMAKE_PREFIX_PATH}:/home/group13pi/203/install/thermal_sensor_publisher:/opt/ros/humble /usr/bin/cmake --install /home/group13pi/203/build/rplidar_ros
