[5.026s] DEBUG:colcon:Command line arguments: ['/usr/bin/colcon', 'build', '--symlink-install']
[5.026s] DEBUG:colcon:Parsed command line arguments: Namespace(log_base=None, log_level=None, verb_name='build', build_base='build', install_base='install', merge_install=False, symlink_install=True, test_result_base=None, continue_on_error=False, executor='parallel', parallel_workers=4, event_handlers=None, ignore_user_meta=False, metas=['./colcon.meta'], base_paths=['.'], packages_ignore=None, packages_ignore_regex=None, paths=None, packages_up_to=None, packages_up_to_regex=None, packages_above=None, packages_above_and_dependencies=None, packages_above_depth=None, packages_select_by_dep=None, packages_skip_by_dep=None, packages_skip_up_to=None, packages_select_build_failed=False, packages_skip_build_finished=False, packages_select_test_failures=False, packages_skip_test_passed=False, packages_select=None, packages_skip=None, packages_select_regex=None, packages_skip_regex=None, packages_start=None, packages_end=None, allow_overriding=[], cmake_args=None, cmake_target=None, cmake_target_skip_unavailable=False, cmake_clean_cache=False, cmake_clean_first=False, cmake_force_configure=False, ament_cmake_args=None, catkin_cmake_args=None, catkin_skip_building_tests=False, verb_parser=<colcon_defaults.argument_parser.defaults.DefaultArgumentsDecorator object at 0xffffa7deb910>, verb_extension=<colcon_core.verb.build.BuildVerb object at 0xffffa811ae90>, main=<bound method BuildVerb.main of <colcon_core.verb.build.BuildVerb object at 0xffffa811ae90>>)
[5.241s] Level 1:colcon.colcon_core.package_discovery:discover_packages(colcon_meta) check parameters
[5.241s] Level 1:colcon.colcon_core.package_discovery:discover_packages(recursive) check parameters
[5.241s] Level 1:colcon.colcon_core.package_discovery:discover_packages(ignore) check parameters
[5.241s] Level 1:colcon.colcon_core.package_discovery:discover_packages(path) check parameters
[5.242s] Level 1:colcon.colcon_core.package_discovery:discover_packages(colcon_meta) discover
[5.242s] Level 1:colcon.colcon_core.package_discovery:discover_packages(recursive) discover
[5.242s] INFO:colcon.colcon_core.package_discovery:Crawling recursively for packages in '/home/group13pi/203'
[5.242s] Level 1:colcon.colcon_core.package_identification:_identify(.) by extensions ['ignore', 'ignore_ament_install']
[5.243s] Level 1:colcon.colcon_core.package_identification:_identify(.) by extension 'ignore'
[5.243s] Level 1:colcon.colcon_core.package_identification:_identify(.) by extension 'ignore_ament_install'
[5.243s] Level 1:colcon.colcon_core.package_identification:_identify(.) by extensions ['colcon_pkg']
[5.243s] Level 1:colcon.colcon_core.package_identification:_identify(.) by extension 'colcon_pkg'
[5.244s] Level 1:colcon.colcon_core.package_identification:_identify(.) by extensions ['colcon_meta']
[5.244s] Level 1:colcon.colcon_core.package_identification:_identify(.) by extension 'colcon_meta'
[5.244s] Level 1:colcon.colcon_core.package_identification:_identify(.) by extensions ['ros']
[5.244s] Level 1:colcon.colcon_core.package_identification:_identify(.) by extension 'ros'
[5.287s] Level 1:colcon.colcon_core.package_identification:_identify(.) by extensions ['cmake', 'python']
[5.287s] Level 1:colcon.colcon_core.package_identification:_identify(.) by extension 'cmake'
[5.287s] Level 1:colcon.colcon_core.package_identification:_identify(.) by extension 'python'
[5.288s] Level 1:colcon.colcon_core.package_identification:_identify(.) by extensions ['python_setup_py']
[5.288s] Level 1:colcon.colcon_core.package_identification:_identify(.) by extension 'python_setup_py'
[5.288s] Level 1:colcon.colcon_core.package_identification:_identify(build) by extensions ['ignore', 'ignore_ament_install']
[5.289s] Level 1:colcon.colcon_core.package_identification:_identify(build) by extension 'ignore'
[5.289s] Level 1:colcon.colcon_core.package_identification:_identify(build) ignored
[5.290s] Level 1:colcon.colcon_core.package_identification:_identify(install) by extensions ['ignore', 'ignore_ament_install']
[5.290s] Level 1:colcon.colcon_core.package_identification:_identify(install) by extension 'ignore'
[5.290s] Level 1:colcon.colcon_core.package_identification:_identify(install) ignored
[5.291s] Level 1:colcon.colcon_core.package_identification:_identify(log) by extensions ['ignore', 'ignore_ament_install']
[5.291s] Level 1:colcon.colcon_core.package_identification:_identify(log) by extension 'ignore'
[5.291s] Level 1:colcon.colcon_core.package_identification:_identify(log) ignored
[5.292s] Level 1:colcon.colcon_core.package_identification:_identify(src) by extensions ['ignore', 'ignore_ament_install']
[5.292s] Level 1:colcon.colcon_core.package_identification:_identify(src) by extension 'ignore'
[5.292s] Level 1:colcon.colcon_core.package_identification:_identify(src) by extension 'ignore_ament_install'
[5.292s] Level 1:colcon.colcon_core.package_identification:_identify(src) by extensions ['colcon_pkg']
[5.293s] Level 1:colcon.colcon_core.package_identification:_identify(src) by extension 'colcon_pkg'
[5.293s] Level 1:colcon.colcon_core.package_identification:_identify(src) by extensions ['colcon_meta']
[5.293s] Level 1:colcon.colcon_core.package_identification:_identify(src) by extension 'colcon_meta'
[5.293s] Level 1:colcon.colcon_core.package_identification:_identify(src) by extensions ['ros']
[5.293s] Level 1:colcon.colcon_core.package_identification:_identify(src) by extension 'ros'
[5.294s] Level 1:colcon.colcon_core.package_identification:_identify(src) by extensions ['cmake', 'python']
[5.294s] Level 1:colcon.colcon_core.package_identification:_identify(src) by extension 'cmake'
[5.294s] Level 1:colcon.colcon_core.package_identification:_identify(src) by extension 'python'
[5.294s] Level 1:colcon.colcon_core.package_identification:_identify(src) by extensions ['python_setup_py']
[5.294s] Level 1:colcon.colcon_core.package_identification:_identify(src) by extension 'python_setup_py'
[5.295s] Level 1:colcon.colcon_core.package_identification:_identify(src/rplidar_ros2) by extensions ['ignore', 'ignore_ament_install']
[5.295s] Level 1:colcon.colcon_core.package_identification:_identify(src/rplidar_ros2) by extension 'ignore'
[5.295s] Level 1:colcon.colcon_core.package_identification:_identify(src/rplidar_ros2) by extension 'ignore_ament_install'
[5.296s] Level 1:colcon.colcon_core.package_identification:_identify(src/rplidar_ros2) by extensions ['colcon_pkg']
[5.296s] Level 1:colcon.colcon_core.package_identification:_identify(src/rplidar_ros2) by extension 'colcon_pkg'
[5.296s] Level 1:colcon.colcon_core.package_identification:_identify(src/rplidar_ros2) by extensions ['colcon_meta']
[5.296s] Level 1:colcon.colcon_core.package_identification:_identify(src/rplidar_ros2) by extension 'colcon_meta'
[5.296s] Level 1:colcon.colcon_core.package_identification:_identify(src/rplidar_ros2) by extensions ['ros']
[5.297s] Level 1:colcon.colcon_core.package_identification:_identify(src/rplidar_ros2) by extension 'ros'
[5.305s] DEBUG:colcon.colcon_core.package_identification:Package 'src/rplidar_ros2' with type 'ros.ament_cmake' and name 'rplidar_ros'
[5.306s] Level 1:colcon.colcon_core.package_discovery:discover_packages(recursive) using defaults
[5.306s] Level 1:colcon.colcon_core.package_discovery:discover_packages(ignore) discover
[5.306s] Level 1:colcon.colcon_core.package_discovery:discover_packages(ignore) using defaults
[5.306s] Level 1:colcon.colcon_core.package_discovery:discover_packages(path) discover
[5.306s] Level 1:colcon.colcon_core.package_discovery:discover_packages(path) using defaults
[5.718s] Level 1:colcon.colcon_core.package_discovery:discover_packages(prefix_path) check parameters
[5.718s] Level 1:colcon.colcon_core.package_discovery:discover_packages(prefix_path) discover
[5.869s] DEBUG:colcon.colcon_installed_package_information.package_discovery:Found 270 installed packages in /opt/ros/humble
[5.875s] Level 1:colcon.colcon_core.package_discovery:discover_packages(prefix_path) using defaults
[6.317s] Level 5:colcon.colcon_core.verb:set package 'rplidar_ros' build argument 'cmake_args' from command line to 'None'
[6.318s] Level 5:colcon.colcon_core.verb:set package 'rplidar_ros' build argument 'cmake_target' from command line to 'None'
[6.318s] Level 5:colcon.colcon_core.verb:set package 'rplidar_ros' build argument 'cmake_target_skip_unavailable' from command line to 'False'
[6.318s] Level 5:colcon.colcon_core.verb:set package 'rplidar_ros' build argument 'cmake_clean_cache' from command line to 'False'
[6.318s] Level 5:colcon.colcon_core.verb:set package 'rplidar_ros' build argument 'cmake_clean_first' from command line to 'False'
[6.318s] Level 5:colcon.colcon_core.verb:set package 'rplidar_ros' build argument 'cmake_force_configure' from command line to 'False'
[6.318s] Level 5:colcon.colcon_core.verb:set package 'rplidar_ros' build argument 'ament_cmake_args' from command line to 'None'
[6.318s] Level 5:colcon.colcon_core.verb:set package 'rplidar_ros' build argument 'catkin_cmake_args' from command line to 'None'
[6.318s] Level 5:colcon.colcon_core.verb:set package 'rplidar_ros' build argument 'catkin_skip_building_tests' from command line to 'False'
[6.319s] DEBUG:colcon.colcon_core.verb:Building package 'rplidar_ros' with the following arguments: {'ament_cmake_args': None, 'build_base': '/home/group13pi/203/build/rplidar_ros', 'catkin_cmake_args': None, 'catkin_skip_building_tests': False, 'cmake_args': None, 'cmake_clean_cache': False, 'cmake_clean_first': False, 'cmake_force_configure': False, 'cmake_target': None, 'cmake_target_skip_unavailable': False, 'install_base': '/home/group13pi/203/install/rplidar_ros', 'merge_install': False, 'path': '/home/group13pi/203/src/rplidar_ros2', 'symlink_install': True, 'test_result_base': None}
[6.386s] INFO:colcon.colcon_core.executor:Executing jobs using 'parallel' executor
[6.458s] DEBUG:colcon.colcon_parallel_executor.executor.parallel:run_until_complete
[6.459s] INFO:colcon.colcon_ros.task.ament_cmake.build:Building ROS package in '/home/group13pi/203/src/rplidar_ros2' with build type 'ament_cmake'
[6.460s] INFO:colcon.colcon_cmake.task.cmake.build:Building CMake package in '/home/group13pi/203/src/rplidar_ros2'
[6.538s] INFO:colcon.colcon_core.plugin_system:Skipping extension 'colcon_core.shell.bat': Not used on non-Windows systems
[6.538s] INFO:colcon.colcon_core.shell:Skip shell extension 'powershell' for command environment: Not usable outside of PowerShell
[6.538s] DEBUG:colcon.colcon_core.shell:Skip shell extension 'dsv' for command environment
[6.723s] DEBUG:colcon.colcon_core.event_handler.log_command:Invoking command in '/home/group13pi/203/build/rplidar_ros': CMAKE_PREFIX_PATH=/opt/ros/humble /usr/bin/cmake /home/group13pi/203/src/rplidar_ros2 -DAMENT_CMAKE_SYMLINK_INSTALL=1 -DCMAKE_INSTALL_PREFIX=/home/group13pi/203/install/rplidar_ros
[14.312s] DEBUG:colcon.colcon_core.event_handler.log_command:Invoked command in '/home/group13pi/203/build/rplidar_ros' returned '0': CMAKE_PREFIX_PATH=/opt/ros/humble /usr/bin/cmake /home/group13pi/203/src/rplidar_ros2 -DAMENT_CMAKE_SYMLINK_INSTALL=1 -DCMAKE_INSTALL_PREFIX=/home/group13pi/203/install/rplidar_ros
[14.322s] DEBUG:colcon.colcon_core.event_handler.log_command:Invoking command in '/home/group13pi/203/build/rplidar_ros': CMAKE_PREFIX_PATH=/opt/ros/humble /usr/bin/cmake --build /home/group13pi/203/build/rplidar_ros -- -j4 -l4
[54.608s] DEBUG:colcon.colcon_core.event_handler.log_command:Invoked command in '/home/group13pi/203/build/rplidar_ros' returned '0': CMAKE_PREFIX_PATH=/opt/ros/humble /usr/bin/cmake --build /home/group13pi/203/build/rplidar_ros -- -j4 -l4
[54.888s] DEBUG:colcon.colcon_core.event_handler.log_command:Invoking command in '/home/group13pi/203/build/rplidar_ros': CMAKE_PREFIX_PATH=/opt/ros/humble /usr/bin/cmake --install /home/group13pi/203/build/rplidar_ros
[55.936s] Level 1:colcon.colcon_core.environment:create_environment_scripts_only(rplidar_ros)
[55.937s] DEBUG:colcon.colcon_core.event_handler.log_command:Invoked command in '/home/group13pi/203/build/rplidar_ros' returned '0': CMAKE_PREFIX_PATH=/opt/ros/humble /usr/bin/cmake --install /home/group13pi/203/build/rplidar_ros
[56.015s] Level 1:colcon.colcon_core.environment:checking '/home/group13pi/203/install/rplidar_ros' for CMake module files
[56.018s] Level 1:colcon.colcon_core.environment:checking '/home/group13pi/203/install/rplidar_ros' for CMake config files
[56.021s] Level 1:colcon.colcon_core.shell:create_environment_hook('rplidar_ros', 'cmake_prefix_path')
[56.093s] INFO:colcon.colcon_core.shell:Creating environment hook '/home/group13pi/203/install/rplidar_ros/share/rplidar_ros/hook/cmake_prefix_path.ps1'
[56.096s] INFO:colcon.colcon_core.shell:Creating environment descriptor '/home/group13pi/203/install/rplidar_ros/share/rplidar_ros/hook/cmake_prefix_path.dsv'
[56.099s] INFO:colcon.colcon_core.shell:Creating environment hook '/home/group13pi/203/install/rplidar_ros/share/rplidar_ros/hook/cmake_prefix_path.sh'
[56.104s] Level 1:colcon.colcon_core.environment:checking '/home/group13pi/203/install/rplidar_ros/lib'
[56.105s] Level 1:colcon.colcon_core.shell:create_environment_hook('rplidar_ros', 'ld_library_path_lib')
[56.178s] INFO:colcon.colcon_core.shell:Creating environment hook '/home/group13pi/203/install/rplidar_ros/share/rplidar_ros/hook/ld_library_path_lib.ps1'
[56.180s] INFO:colcon.colcon_core.shell:Creating environment descriptor '/home/group13pi/203/install/rplidar_ros/share/rplidar_ros/hook/ld_library_path_lib.dsv'
[56.182s] INFO:colcon.colcon_core.shell:Creating environment hook '/home/group13pi/203/install/rplidar_ros/share/rplidar_ros/hook/ld_library_path_lib.sh'
[56.183s] Level 1:colcon.colcon_core.environment:checking '/home/group13pi/203/install/rplidar_ros/bin'
[56.183s] Level 1:colcon.colcon_core.environment:checking '/home/group13pi/203/install/rplidar_ros/lib/pkgconfig/rplidar_ros.pc'
[56.185s] Level 1:colcon.colcon_core.environment:checking '/home/group13pi/203/install/rplidar_ros/lib/python3.10/site-packages'
[56.186s] Level 1:colcon.colcon_core.environment:checking '/home/group13pi/203/install/rplidar_ros/bin'
[56.256s] INFO:colcon.colcon_core.shell:Creating package script '/home/group13pi/203/install/rplidar_ros/share/rplidar_ros/package.ps1'
[56.260s] INFO:colcon.colcon_core.shell:Creating package descriptor '/home/group13pi/203/install/rplidar_ros/share/rplidar_ros/package.dsv'
[56.262s] INFO:colcon.colcon_core.shell:Creating package script '/home/group13pi/203/install/rplidar_ros/share/rplidar_ros/package.sh'
[56.266s] INFO:colcon.colcon_core.shell:Creating package script '/home/group13pi/203/install/rplidar_ros/share/rplidar_ros/package.bash'
[56.269s] INFO:colcon.colcon_core.shell:Creating package script '/home/group13pi/203/install/rplidar_ros/share/rplidar_ros/package.zsh'
[56.271s] Level 1:colcon.colcon_core.environment:create_file_with_runtime_dependencies(/home/group13pi/203/install/rplidar_ros/share/colcon-core/packages/rplidar_ros)
[56.599s] Level 1:colcon.colcon_core.environment:create_environment_scripts_only(rplidar_ros)
[56.670s] Level 1:colcon.colcon_core.environment:checking '/home/group13pi/203/install/rplidar_ros' for CMake module files
[56.673s] Level 1:colcon.colcon_core.environment:checking '/home/group13pi/203/install/rplidar_ros' for CMake config files
[56.676s] Level 1:colcon.colcon_core.shell:create_environment_hook('rplidar_ros', 'cmake_prefix_path')
[56.749s] INFO:colcon.colcon_core.shell:Creating environment hook '/home/group13pi/203/install/rplidar_ros/share/rplidar_ros/hook/cmake_prefix_path.ps1'
[56.751s] INFO:colcon.colcon_core.shell:Creating environment descriptor '/home/group13pi/203/install/rplidar_ros/share/rplidar_ros/hook/cmake_prefix_path.dsv'
[56.752s] INFO:colcon.colcon_core.shell:Creating environment hook '/home/group13pi/203/install/rplidar_ros/share/rplidar_ros/hook/cmake_prefix_path.sh'
[56.755s] Level 1:colcon.colcon_core.environment:checking '/home/group13pi/203/install/rplidar_ros/lib'
[56.755s] Level 1:colcon.colcon_core.shell:create_environment_hook('rplidar_ros', 'ld_library_path_lib')
[56.826s] INFO:colcon.colcon_core.shell:Creating environment hook '/home/group13pi/203/install/rplidar_ros/share/rplidar_ros/hook/ld_library_path_lib.ps1'
[56.828s] INFO:colcon.colcon_core.shell:Creating environment descriptor '/home/group13pi/203/install/rplidar_ros/share/rplidar_ros/hook/ld_library_path_lib.dsv'
[56.830s] INFO:colcon.colcon_core.shell:Creating environment hook '/home/group13pi/203/install/rplidar_ros/share/rplidar_ros/hook/ld_library_path_lib.sh'
[56.832s] Level 1:colcon.colcon_core.environment:checking '/home/group13pi/203/install/rplidar_ros/bin'
[56.833s] Level 1:colcon.colcon_core.environment:checking '/home/group13pi/203/install/rplidar_ros/lib/pkgconfig/rplidar_ros.pc'
[56.834s] Level 1:colcon.colcon_core.environment:checking '/home/group13pi/203/install/rplidar_ros/lib/python3.10/site-packages'
[56.835s] Level 1:colcon.colcon_core.environment:checking '/home/group13pi/203/install/rplidar_ros/bin'
[56.906s] INFO:colcon.colcon_core.shell:Creating package script '/home/group13pi/203/install/rplidar_ros/share/rplidar_ros/package.ps1'
[56.908s] INFO:colcon.colcon_core.shell:Creating package descriptor '/home/group13pi/203/install/rplidar_ros/share/rplidar_ros/package.dsv'
[56.911s] INFO:colcon.colcon_core.shell:Creating package script '/home/group13pi/203/install/rplidar_ros/share/rplidar_ros/package.sh'
[56.913s] INFO:colcon.colcon_core.shell:Creating package script '/home/group13pi/203/install/rplidar_ros/share/rplidar_ros/package.bash'
[56.915s] INFO:colcon.colcon_core.shell:Creating package script '/home/group13pi/203/install/rplidar_ros/share/rplidar_ros/package.zsh'
[56.917s] Level 1:colcon.colcon_core.environment:create_file_with_runtime_dependencies(/home/group13pi/203/install/rplidar_ros/share/colcon-core/packages/rplidar_ros)
[56.918s] DEBUG:colcon.colcon_parallel_executor.executor.parallel:closing loop
[56.919s] DEBUG:colcon.colcon_parallel_executor.executor.parallel:loop closed
[56.920s] DEBUG:colcon.colcon_parallel_executor.executor.parallel:run_until_complete finished with '0'
[56.920s] DEBUG:colcon.colcon_core.event_reactor:joining thread
[57.049s] INFO:colcon.colcon_core.plugin_system:Skipping extension 'colcon_notification.desktop_notification.notify_send': Could not find 'notify-send'
[57.049s] INFO:colcon.colcon_core.plugin_system:Skipping extension 'colcon_notification.desktop_notification.terminal_notifier': Not used on non-Darwin systems
[57.050s] INFO:colcon.colcon_core.plugin_system:Skipping extension 'colcon_notification.desktop_notification.win32': Not used on non-Windows systems
[57.050s] INFO:colcon.colcon_notification.desktop_notification:Sending desktop notification using 'notify2'
[57.054s] DEBUG:colcon.colcon_notification.desktop_notification.notify2:Failed to initialize notify2: org.freedesktop.DBus.Error.ServiceUnknown: The name org.freedesktop.Notifications was not provided by any .service files
[57.055s] DEBUG:colcon.colcon_core.event_reactor:joined thread
[57.124s] INFO:colcon.colcon_core.shell:Creating prefix script '/home/group13pi/203/install/local_setup.ps1'
[57.128s] INFO:colcon.colcon_core.shell:Creating prefix util module '/home/group13pi/203/install/_local_setup_util_ps1.py'
[57.133s] INFO:colcon.colcon_core.shell:Creating prefix chain script '/home/group13pi/203/install/setup.ps1'
[57.204s] INFO:colcon.colcon_core.shell:Creating prefix script '/home/group13pi/203/install/local_setup.sh'
[57.206s] INFO:colcon.colcon_core.shell:Creating prefix util module '/home/group13pi/203/install/_local_setup_util_sh.py'
[57.209s] INFO:colcon.colcon_core.shell:Creating prefix chain script '/home/group13pi/203/install/setup.sh'
[57.295s] INFO:colcon.colcon_core.shell:Creating prefix script '/home/group13pi/203/install/local_setup.bash'
[57.299s] INFO:colcon.colcon_core.shell:Creating prefix chain script '/home/group13pi/203/install/setup.bash'
[57.374s] INFO:colcon.colcon_core.shell:Creating prefix script '/home/group13pi/203/install/local_setup.zsh'
[57.377s] INFO:colcon.colcon_core.shell:Creating prefix chain script '/home/group13pi/203/install/setup.zsh'
