[18.909s] DEBUG:colcon:Command line arguments: ['/usr/bin/colcon', 'build']
[18.911s] DEBUG:colcon:Parsed command line arguments: Namespace(log_base=None, log_level=None, verb_name='build', build_base='build', install_base='install', merge_install=False, symlink_install=False, test_result_base=None, continue_on_error=False, executor='parallel', parallel_workers=4, event_handlers=None, ignore_user_meta=False, metas=['./colcon.meta'], base_paths=['.'], packages_ignore=None, packages_ignore_regex=None, paths=None, packages_up_to=None, packages_up_to_regex=None, packages_above=None, packages_above_and_dependencies=None, packages_above_depth=None, packages_select_by_dep=None, packages_skip_by_dep=None, packages_skip_up_to=None, packages_select_build_failed=False, packages_skip_build_finished=False, packages_select_test_failures=False, packages_skip_test_passed=False, packages_select=None, packages_skip=None, packages_select_regex=None, packages_skip_regex=None, packages_start=None, packages_end=None, allow_overriding=[], cmake_args=None, cmake_target=None, cmake_target_skip_unavailable=False, cmake_clean_cache=False, cmake_clean_first=False, cmake_force_configure=False, ament_cmake_args=None, catkin_cmake_args=None, catkin_skip_building_tests=False, verb_parser=<colcon_defaults.argument_parser.defaults.DefaultArgumentsDecorator object at 0xffffb3b96650>, verb_extension=<colcon_core.verb.build.BuildVerb object at 0xffffb3bfaa40>, main=<bound method BuildVerb.main of <colcon_core.verb.build.BuildVerb object at 0xffffb3bfaa40>>)
[19.225s] Level 1:colcon.colcon_core.package_discovery:discover_packages(colcon_meta) check parameters
[19.226s] Level 1:colcon.colcon_core.package_discovery:discover_packages(recursive) check parameters
[19.226s] Level 1:colcon.colcon_core.package_discovery:discover_packages(ignore) check parameters
[19.227s] Level 1:colcon.colcon_core.package_discovery:discover_packages(path) check parameters
[19.227s] Level 1:colcon.colcon_core.package_discovery:discover_packages(colcon_meta) discover
[19.227s] Level 1:colcon.colcon_core.package_discovery:discover_packages(recursive) discover
[19.227s] INFO:colcon.colcon_core.package_discovery:Crawling recursively for packages in '/home/group13pi/203'
[19.228s] Level 1:colcon.colcon_core.package_identification:_identify(.) by extensions ['ignore', 'ignore_ament_install']
[19.229s] Level 1:colcon.colcon_core.package_identification:_identify(.) by extension 'ignore'
[19.229s] Level 1:colcon.colcon_core.package_identification:_identify(.) by extension 'ignore_ament_install'
[19.229s] Level 1:colcon.colcon_core.package_identification:_identify(.) by extensions ['colcon_pkg']
[19.230s] Level 1:colcon.colcon_core.package_identification:_identify(.) by extension 'colcon_pkg'
[19.230s] Level 1:colcon.colcon_core.package_identification:_identify(.) by extensions ['colcon_meta']
[19.230s] Level 1:colcon.colcon_core.package_identification:_identify(.) by extension 'colcon_meta'
[19.231s] Level 1:colcon.colcon_core.package_identification:_identify(.) by extensions ['ros']
[19.231s] Level 1:colcon.colcon_core.package_identification:_identify(.) by extension 'ros'
[19.297s] Level 1:colcon.colcon_core.package_identification:_identify(.) by extensions ['cmake', 'python']
[19.297s] Level 1:colcon.colcon_core.package_identification:_identify(.) by extension 'cmake'
[19.297s] Level 1:colcon.colcon_core.package_identification:_identify(.) by extension 'python'
[19.298s] Level 1:colcon.colcon_core.package_identification:_identify(.) by extensions ['python_setup_py']
[19.298s] Level 1:colcon.colcon_core.package_identification:_identify(.) by extension 'python_setup_py'
[19.299s] Level 1:colcon.colcon_core.package_identification:_identify(build) by extensions ['ignore', 'ignore_ament_install']
[19.300s] Level 1:colcon.colcon_core.package_identification:_identify(build) by extension 'ignore'
[19.300s] Level 1:colcon.colcon_core.package_identification:_identify(build) ignored
[19.301s] Level 1:colcon.colcon_core.package_identification:_identify(install) by extensions ['ignore', 'ignore_ament_install']
[19.301s] Level 1:colcon.colcon_core.package_identification:_identify(install) by extension 'ignore'
[19.302s] Level 1:colcon.colcon_core.package_identification:_identify(install) ignored
[19.303s] Level 1:colcon.colcon_core.package_identification:_identify(log) by extensions ['ignore', 'ignore_ament_install']
[19.303s] Level 1:colcon.colcon_core.package_identification:_identify(log) by extension 'ignore'
[19.304s] Level 1:colcon.colcon_core.package_identification:_identify(log) ignored
[19.304s] Level 1:colcon.colcon_core.package_identification:_identify(src) by extensions ['ignore', 'ignore_ament_install']
[19.305s] Level 1:colcon.colcon_core.package_identification:_identify(src) by extension 'ignore'
[19.305s] Level 1:colcon.colcon_core.package_identification:_identify(src) by extension 'ignore_ament_install'
[19.306s] Level 1:colcon.colcon_core.package_identification:_identify(src) by extensions ['colcon_pkg']
[19.306s] Level 1:colcon.colcon_core.package_identification:_identify(src) by extension 'colcon_pkg'
[19.306s] Level 1:colcon.colcon_core.package_identification:_identify(src) by extensions ['colcon_meta']
[19.306s] Level 1:colcon.colcon_core.package_identification:_identify(src) by extension 'colcon_meta'
[19.307s] Level 1:colcon.colcon_core.package_identification:_identify(src) by extensions ['ros']
[19.307s] Level 1:colcon.colcon_core.package_identification:_identify(src) by extension 'ros'
[19.307s] Level 1:colcon.colcon_core.package_identification:_identify(src) by extensions ['cmake', 'python']
[19.308s] Level 1:colcon.colcon_core.package_identification:_identify(src) by extension 'cmake'
[19.308s] Level 1:colcon.colcon_core.package_identification:_identify(src) by extension 'python'
[19.308s] Level 1:colcon.colcon_core.package_identification:_identify(src) by extensions ['python_setup_py']
[19.309s] Level 1:colcon.colcon_core.package_identification:_identify(src) by extension 'python_setup_py'
[19.310s] Level 1:colcon.colcon_core.package_identification:_identify(src/rplidar_ros2) by extensions ['ignore', 'ignore_ament_install']
[19.310s] Level 1:colcon.colcon_core.package_identification:_identify(src/rplidar_ros2) by extension 'ignore'
[19.311s] Level 1:colcon.colcon_core.package_identification:_identify(src/rplidar_ros2) by extension 'ignore_ament_install'
[19.311s] Level 1:colcon.colcon_core.package_identification:_identify(src/rplidar_ros2) by extensions ['colcon_pkg']
[19.311s] Level 1:colcon.colcon_core.package_identification:_identify(src/rplidar_ros2) by extension 'colcon_pkg'
[19.312s] Level 1:colcon.colcon_core.package_identification:_identify(src/rplidar_ros2) by extensions ['colcon_meta']
[19.312s] Level 1:colcon.colcon_core.package_identification:_identify(src/rplidar_ros2) by extension 'colcon_meta'
[19.312s] Level 1:colcon.colcon_core.package_identification:_identify(src/rplidar_ros2) by extensions ['ros']
[19.312s] Level 1:colcon.colcon_core.package_identification:_identify(src/rplidar_ros2) by extension 'ros'
[19.329s] DEBUG:colcon.colcon_core.package_identification:Package 'src/rplidar_ros2' with type 'ros.ament_cmake' and name 'rplidar_ros'
[19.330s] Level 1:colcon.colcon_core.package_identification:_identify(src/thermal_sensor_publisher) by extensions ['ignore', 'ignore_ament_install']
[19.331s] Level 1:colcon.colcon_core.package_identification:_identify(src/thermal_sensor_publisher) by extension 'ignore'
[19.331s] Level 1:colcon.colcon_core.package_identification:_identify(src/thermal_sensor_publisher) by extension 'ignore_ament_install'
[19.332s] Level 1:colcon.colcon_core.package_identification:_identify(src/thermal_sensor_publisher) by extensions ['colcon_pkg']
[19.332s] Level 1:colcon.colcon_core.package_identification:_identify(src/thermal_sensor_publisher) by extension 'colcon_pkg'
[19.332s] Level 1:colcon.colcon_core.package_identification:_identify(src/thermal_sensor_publisher) by extensions ['colcon_meta']
[19.333s] Level 1:colcon.colcon_core.package_identification:_identify(src/thermal_sensor_publisher) by extension 'colcon_meta'
[19.333s] Level 1:colcon.colcon_core.package_identification:_identify(src/thermal_sensor_publisher) by extensions ['ros']
[19.333s] Level 1:colcon.colcon_core.package_identification:_identify(src/thermal_sensor_publisher) by extension 'ros'
[19.336s] DEBUG:colcon.colcon_core.package_identification:Package 'src/thermal_sensor_publisher' with type 'ros.ament_python' and name 'thermal_sensor_publisher'
[19.336s] Level 1:colcon.colcon_core.package_discovery:discover_packages(recursive) using defaults
[19.337s] Level 1:colcon.colcon_core.package_discovery:discover_packages(ignore) discover
[19.337s] Level 1:colcon.colcon_core.package_discovery:discover_packages(ignore) using defaults
[19.337s] Level 1:colcon.colcon_core.package_discovery:discover_packages(path) discover
[19.337s] Level 1:colcon.colcon_core.package_discovery:discover_packages(path) using defaults
[19.909s] Level 1:colcon.colcon_core.package_discovery:discover_packages(prefix_path) check parameters
[19.909s] Level 1:colcon.colcon_core.package_discovery:discover_packages(prefix_path) discover
[20.227s] DEBUG:colcon.colcon_installed_package_information.package_discovery:Found 2 installed packages in /home/group13pi/203/install
[20.402s] DEBUG:colcon.colcon_installed_package_information.package_discovery:Found 271 installed packages in /opt/ros/humble
[20.464s] Level 1:colcon.colcon_core.package_discovery:discover_packages(prefix_path) using defaults
[21.183s] Level 5:colcon.colcon_core.verb:set package 'rplidar_ros' build argument 'cmake_args' from command line to 'None'
[21.186s] Level 5:colcon.colcon_core.verb:set package 'rplidar_ros' build argument 'cmake_target' from command line to 'None'
[21.187s] Level 5:colcon.colcon_core.verb:set package 'rplidar_ros' build argument 'cmake_target_skip_unavailable' from command line to 'False'
[21.188s] Level 5:colcon.colcon_core.verb:set package 'rplidar_ros' build argument 'cmake_clean_cache' from command line to 'False'
[21.189s] Level 5:colcon.colcon_core.verb:set package 'rplidar_ros' build argument 'cmake_clean_first' from command line to 'False'
[21.190s] Level 5:colcon.colcon_core.verb:set package 'rplidar_ros' build argument 'cmake_force_configure' from command line to 'False'
[21.191s] Level 5:colcon.colcon_core.verb:set package 'rplidar_ros' build argument 'ament_cmake_args' from command line to 'None'
[21.192s] Level 5:colcon.colcon_core.verb:set package 'rplidar_ros' build argument 'catkin_cmake_args' from command line to 'None'
[21.192s] Level 5:colcon.colcon_core.verb:set package 'rplidar_ros' build argument 'catkin_skip_building_tests' from command line to 'False'
[21.193s] DEBUG:colcon.colcon_core.verb:Building package 'rplidar_ros' with the following arguments: {'ament_cmake_args': None, 'build_base': '/home/group13pi/203/build/rplidar_ros', 'catkin_cmake_args': None, 'catkin_skip_building_tests': False, 'cmake_args': None, 'cmake_clean_cache': False, 'cmake_clean_first': False, 'cmake_force_configure': False, 'cmake_target': None, 'cmake_target_skip_unavailable': False, 'install_base': '/home/group13pi/203/install/rplidar_ros', 'merge_install': False, 'path': '/home/group13pi/203/src/rplidar_ros2', 'symlink_install': False, 'test_result_base': None}
[21.287s] Level 5:colcon.colcon_core.verb:set package 'thermal_sensor_publisher' build argument 'cmake_args' from command line to 'None'
[21.287s] Level 5:colcon.colcon_core.verb:set package 'thermal_sensor_publisher' build argument 'cmake_target' from command line to 'None'
[21.287s] Level 5:colcon.colcon_core.verb:set package 'thermal_sensor_publisher' build argument 'cmake_target_skip_unavailable' from command line to 'False'
[21.287s] Level 5:colcon.colcon_core.verb:set package 'thermal_sensor_publisher' build argument 'cmake_clean_cache' from command line to 'False'
[21.287s] Level 5:colcon.colcon_core.verb:set package 'thermal_sensor_publisher' build argument 'cmake_clean_first' from command line to 'False'
[21.288s] Level 5:colcon.colcon_core.verb:set package 'thermal_sensor_publisher' build argument 'cmake_force_configure' from command line to 'False'
[21.288s] Level 5:colcon.colcon_core.verb:set package 'thermal_sensor_publisher' build argument 'ament_cmake_args' from command line to 'None'
[21.288s] Level 5:colcon.colcon_core.verb:set package 'thermal_sensor_publisher' build argument 'catkin_cmake_args' from command line to 'None'
[21.288s] Level 5:colcon.colcon_core.verb:set package 'thermal_sensor_publisher' build argument 'catkin_skip_building_tests' from command line to 'False'
[21.288s] DEBUG:colcon.colcon_core.verb:Building package 'thermal_sensor_publisher' with the following arguments: {'ament_cmake_args': None, 'build_base': '/home/group13pi/203/build/thermal_sensor_publisher', 'catkin_cmake_args': None, 'catkin_skip_building_tests': False, 'cmake_args': None, 'cmake_clean_cache': False, 'cmake_clean_first': False, 'cmake_force_configure': False, 'cmake_target': None, 'cmake_target_skip_unavailable': False, 'install_base': '/home/group13pi/203/install/thermal_sensor_publisher', 'merge_install': False, 'path': '/home/group13pi/203/src/thermal_sensor_publisher', 'symlink_install': False, 'test_result_base': None}
[21.386s] INFO:colcon.colcon_core.executor:Executing jobs using 'parallel' executor
[21.478s] DEBUG:colcon.colcon_parallel_executor.executor.parallel:run_until_complete
[21.479s] INFO:colcon.colcon_ros.task.ament_cmake.build:Building ROS package in '/home/group13pi/203/src/rplidar_ros2' with build type 'ament_cmake'
[21.481s] INFO:colcon.colcon_cmake.task.cmake.build:Building CMake package in '/home/group13pi/203/src/rplidar_ros2'
[21.602s] INFO:colcon.colcon_core.plugin_system:Skipping extension 'colcon_core.shell.bat': Not used on non-Windows systems
[21.603s] INFO:colcon.colcon_core.shell:Skip shell extension 'powershell' for command environment: Not usable outside of PowerShell
[21.604s] DEBUG:colcon.colcon_core.shell:Skip shell extension 'dsv' for command environment
[21.918s] INFO:colcon.colcon_ros.task.ament_python.build:Building ROS package in '/home/group13pi/203/src/thermal_sensor_publisher' with build type 'ament_python'
[21.919s] Level 1:colcon.colcon_core.shell:create_environment_hook('thermal_sensor_publisher', 'ament_prefix_path')
[22.047s] INFO:colcon.colcon_core.shell:Creating environment hook '/home/group13pi/203/install/thermal_sensor_publisher/share/thermal_sensor_publisher/hook/ament_prefix_path.ps1'
[22.054s] INFO:colcon.colcon_core.shell:Creating environment descriptor '/home/group13pi/203/install/thermal_sensor_publisher/share/thermal_sensor_publisher/hook/ament_prefix_path.dsv'
[22.057s] INFO:colcon.colcon_core.shell:Creating environment hook '/home/group13pi/203/install/thermal_sensor_publisher/share/thermal_sensor_publisher/hook/ament_prefix_path.sh'
[22.173s] INFO:colcon.colcon_core.shell:Skip shell extension 'powershell' for command environment: Not usable outside of PowerShell
[22.174s] DEBUG:colcon.colcon_core.shell:Skip shell extension 'dsv' for command environment
[22.612s] DEBUG:colcon.colcon_core.event_handler.log_command:Invoking command in '/home/group13pi/203/build/rplidar_ros': CMAKE_PREFIX_PATH=${CMAKE_PREFIX_PATH}:/home/group13pi/203/install/thermal_sensor_publisher:/opt/ros/humble /usr/bin/cmake --build /home/group13pi/203/build/rplidar_ros -- -j4 -l4
[24.676s] INFO:colcon.colcon_core.task.python.build:Building Python package in '/home/group13pi/203/src/thermal_sensor_publisher'
[24.754s] INFO:colcon.colcon_core.shell:Skip shell extension 'powershell' for command environment: Not usable outside of PowerShell
[24.755s] DEBUG:colcon.colcon_core.shell:Skip shell extension 'dsv' for command environment
[25.053s] DEBUG:colcon.colcon_core.event_handler.log_command:Invoked command in '/home/group13pi/203/build/rplidar_ros' returned '0': CMAKE_PREFIX_PATH=${CMAKE_PREFIX_PATH}:/home/group13pi/203/install/thermal_sensor_publisher:/opt/ros/humble /usr/bin/cmake --build /home/group13pi/203/build/rplidar_ros -- -j4 -l4
[25.356s] DEBUG:colcon.colcon_core.event_handler.log_command:Invoking command in '/home/group13pi/203/build/rplidar_ros': CMAKE_PREFIX_PATH=${CMAKE_PREFIX_PATH}:/home/group13pi/203/install/thermal_sensor_publisher:/opt/ros/humble /usr/bin/cmake --install /home/group13pi/203/build/rplidar_ros
[25.566s] Level 1:colcon.colcon_core.environment:create_environment_scripts_only(rplidar_ros)
[25.580s] DEBUG:colcon.colcon_core.event_handler.log_command:Invoked command in '/home/group13pi/203/build/rplidar_ros' returned '0': CMAKE_PREFIX_PATH=${CMAKE_PREFIX_PATH}:/home/group13pi/203/install/thermal_sensor_publisher:/opt/ros/humble /usr/bin/cmake --install /home/group13pi/203/build/rplidar_ros
[25.722s] Level 1:colcon.colcon_core.environment:checking '/home/group13pi/203/install/rplidar_ros' for CMake module files
[25.725s] Level 1:colcon.colcon_core.environment:checking '/home/group13pi/203/install/rplidar_ros' for CMake config files
[25.729s] Level 1:colcon.colcon_core.shell:create_environment_hook('rplidar_ros', 'cmake_prefix_path')
[25.819s] INFO:colcon.colcon_core.shell:Creating environment hook '/home/group13pi/203/install/rplidar_ros/share/rplidar_ros/hook/cmake_prefix_path.ps1'
[25.821s] INFO:colcon.colcon_core.shell:Creating environment descriptor '/home/group13pi/203/install/rplidar_ros/share/rplidar_ros/hook/cmake_prefix_path.dsv'
[25.823s] INFO:colcon.colcon_core.shell:Creating environment hook '/home/group13pi/203/install/rplidar_ros/share/rplidar_ros/hook/cmake_prefix_path.sh'
[25.828s] Level 1:colcon.colcon_core.environment:checking '/home/group13pi/203/install/rplidar_ros/lib'
[25.829s] Level 1:colcon.colcon_core.shell:create_environment_hook('rplidar_ros', 'ld_library_path_lib')
[25.927s] INFO:colcon.colcon_core.shell:Creating environment hook '/home/group13pi/203/install/rplidar_ros/share/rplidar_ros/hook/ld_library_path_lib.ps1'
[25.929s] INFO:colcon.colcon_core.shell:Creating environment descriptor '/home/group13pi/203/install/rplidar_ros/share/rplidar_ros/hook/ld_library_path_lib.dsv'
[25.931s] INFO:colcon.colcon_core.shell:Creating environment hook '/home/group13pi/203/install/rplidar_ros/share/rplidar_ros/hook/ld_library_path_lib.sh'
[25.934s] Level 1:colcon.colcon_core.environment:checking '/home/group13pi/203/install/rplidar_ros/bin'
[25.934s] Level 1:colcon.colcon_core.environment:checking '/home/group13pi/203/install/rplidar_ros/lib/pkgconfig/rplidar_ros.pc'
[25.936s] Level 1:colcon.colcon_core.environment:checking '/home/group13pi/203/install/rplidar_ros/lib/python3.10/site-packages'
[25.937s] Level 1:colcon.colcon_core.environment:checking '/home/group13pi/203/install/rplidar_ros/bin'
[26.031s] INFO:colcon.colcon_core.shell:Creating package script '/home/group13pi/203/install/rplidar_ros/share/rplidar_ros/package.ps1'
[26.035s] INFO:colcon.colcon_core.shell:Creating package descriptor '/home/group13pi/203/install/rplidar_ros/share/rplidar_ros/package.dsv'
[26.038s] INFO:colcon.colcon_core.shell:Creating package script '/home/group13pi/203/install/rplidar_ros/share/rplidar_ros/package.sh'
[26.042s] INFO:colcon.colcon_core.shell:Creating package script '/home/group13pi/203/install/rplidar_ros/share/rplidar_ros/package.bash'
[26.046s] INFO:colcon.colcon_core.shell:Creating package script '/home/group13pi/203/install/rplidar_ros/share/rplidar_ros/package.zsh'
[26.050s] Level 1:colcon.colcon_core.environment:create_file_with_runtime_dependencies(/home/group13pi/203/install/rplidar_ros/share/colcon-core/packages/rplidar_ros)
[26.367s] Level 1:colcon.colcon_core.environment:create_environment_scripts_only(rplidar_ros)
[26.465s] Level 1:colcon.colcon_core.environment:checking '/home/group13pi/203/install/rplidar_ros' for CMake module files
[26.468s] Level 1:colcon.colcon_core.environment:checking '/home/group13pi/203/install/rplidar_ros' for CMake config files
[26.472s] Level 1:colcon.colcon_core.shell:create_environment_hook('rplidar_ros', 'cmake_prefix_path')
[26.601s] INFO:colcon.colcon_core.shell:Creating environment hook '/home/group13pi/203/install/rplidar_ros/share/rplidar_ros/hook/cmake_prefix_path.ps1'
[26.604s] INFO:colcon.colcon_core.shell:Creating environment descriptor '/home/group13pi/203/install/rplidar_ros/share/rplidar_ros/hook/cmake_prefix_path.dsv'
[26.607s] INFO:colcon.colcon_core.shell:Creating environment hook '/home/group13pi/203/install/rplidar_ros/share/rplidar_ros/hook/cmake_prefix_path.sh'
[26.611s] Level 1:colcon.colcon_core.environment:checking '/home/group13pi/203/install/rplidar_ros/lib'
[26.611s] Level 1:colcon.colcon_core.shell:create_environment_hook('rplidar_ros', 'ld_library_path_lib')
[26.714s] INFO:colcon.colcon_core.shell:Creating environment hook '/home/group13pi/203/install/rplidar_ros/share/rplidar_ros/hook/ld_library_path_lib.ps1'
[26.717s] INFO:colcon.colcon_core.shell:Creating environment descriptor '/home/group13pi/203/install/rplidar_ros/share/rplidar_ros/hook/ld_library_path_lib.dsv'
[26.719s] INFO:colcon.colcon_core.shell:Creating environment hook '/home/group13pi/203/install/rplidar_ros/share/rplidar_ros/hook/ld_library_path_lib.sh'
[26.721s] Level 1:colcon.colcon_core.environment:checking '/home/group13pi/203/install/rplidar_ros/bin'
[26.722s] Level 1:colcon.colcon_core.environment:checking '/home/group13pi/203/install/rplidar_ros/lib/pkgconfig/rplidar_ros.pc'
[26.724s] Level 1:colcon.colcon_core.environment:checking '/home/group13pi/203/install/rplidar_ros/lib/python3.10/site-packages'
[26.725s] Level 1:colcon.colcon_core.environment:checking '/home/group13pi/203/install/rplidar_ros/bin'
[26.830s] INFO:colcon.colcon_core.shell:Creating package script '/home/group13pi/203/install/rplidar_ros/share/rplidar_ros/package.ps1'
[26.833s] INFO:colcon.colcon_core.shell:Creating package descriptor '/home/group13pi/203/install/rplidar_ros/share/rplidar_ros/package.dsv'
[26.836s] INFO:colcon.colcon_core.shell:Creating package script '/home/group13pi/203/install/rplidar_ros/share/rplidar_ros/package.sh'
[26.840s] INFO:colcon.colcon_core.shell:Creating package script '/home/group13pi/203/install/rplidar_ros/share/rplidar_ros/package.bash'
[26.842s] INFO:colcon.colcon_core.shell:Creating package script '/home/group13pi/203/install/rplidar_ros/share/rplidar_ros/package.zsh'
[26.845s] Level 1:colcon.colcon_core.environment:create_file_with_runtime_dependencies(/home/group13pi/203/install/rplidar_ros/share/colcon-core/packages/rplidar_ros)
[27.860s] DEBUG:colcon.colcon_core.event_handler.log_command:Invoking command in '/home/group13pi/203/src/thermal_sensor_publisher': PYTHONPATH=/home/group13pi/203/build/thermal_sensor_publisher/prefix_override:/home/group13pi/203/install/thermal_sensor_publisher/lib/python3.10/site-packages:${PYTHONPATH} /usr/bin/python3 setup.py egg_info --egg-base ../../build/thermal_sensor_publisher build --build-base /home/group13pi/203/build/thermal_sensor_publisher/build install --record /home/group13pi/203/build/thermal_sensor_publisher/install.log --single-version-externally-managed
[29.600s] DEBUG:colcon.colcon_core.event_handler.log_command:Invoked command in '/home/group13pi/203/src/thermal_sensor_publisher' returned '0': PYTHONPATH=/home/group13pi/203/build/thermal_sensor_publisher/prefix_override:/home/group13pi/203/install/thermal_sensor_publisher/lib/python3.10/site-packages:${PYTHONPATH} /usr/bin/python3 setup.py egg_info --egg-base ../../build/thermal_sensor_publisher build --build-base /home/group13pi/203/build/thermal_sensor_publisher/build install --record /home/group13pi/203/build/thermal_sensor_publisher/install.log --single-version-externally-managed
[29.677s] Level 1:colcon.colcon_core.environment:checking '/home/group13pi/203/install/thermal_sensor_publisher' for CMake module files
[29.679s] Level 1:colcon.colcon_core.environment:checking '/home/group13pi/203/install/thermal_sensor_publisher' for CMake config files
[29.683s] Level 1:colcon.colcon_core.environment:checking '/home/group13pi/203/install/thermal_sensor_publisher/lib'
[29.683s] Level 1:colcon.colcon_core.environment:checking '/home/group13pi/203/install/thermal_sensor_publisher/bin'
[29.684s] Level 1:colcon.colcon_core.environment:checking '/home/group13pi/203/install/thermal_sensor_publisher/lib/pkgconfig/thermal_sensor_publisher.pc'
[29.685s] Level 1:colcon.colcon_core.environment:checking '/home/group13pi/203/install/thermal_sensor_publisher/lib/python3.10/site-packages'
[29.685s] Level 1:colcon.colcon_core.shell:create_environment_hook('thermal_sensor_publisher', 'pythonpath')
[29.771s] INFO:colcon.colcon_core.shell:Creating environment hook '/home/group13pi/203/install/thermal_sensor_publisher/share/thermal_sensor_publisher/hook/pythonpath.ps1'
[29.775s] INFO:colcon.colcon_core.shell:Creating environment descriptor '/home/group13pi/203/install/thermal_sensor_publisher/share/thermal_sensor_publisher/hook/pythonpath.dsv'
[29.777s] INFO:colcon.colcon_core.shell:Creating environment hook '/home/group13pi/203/install/thermal_sensor_publisher/share/thermal_sensor_publisher/hook/pythonpath.sh'
[29.782s] Level 1:colcon.colcon_core.environment:checking '/home/group13pi/203/install/thermal_sensor_publisher/bin'
[29.782s] Level 1:colcon.colcon_core.environment:create_environment_scripts_only(thermal_sensor_publisher)
[29.888s] INFO:colcon.colcon_core.shell:Creating package script '/home/group13pi/203/install/thermal_sensor_publisher/share/thermal_sensor_publisher/package.ps1'
[29.891s] INFO:colcon.colcon_core.shell:Creating package descriptor '/home/group13pi/203/install/thermal_sensor_publisher/share/thermal_sensor_publisher/package.dsv'
[29.894s] INFO:colcon.colcon_core.shell:Creating package script '/home/group13pi/203/install/thermal_sensor_publisher/share/thermal_sensor_publisher/package.sh'
[29.896s] INFO:colcon.colcon_core.shell:Creating package script '/home/group13pi/203/install/thermal_sensor_publisher/share/thermal_sensor_publisher/package.bash'
[29.899s] INFO:colcon.colcon_core.shell:Creating package script '/home/group13pi/203/install/thermal_sensor_publisher/share/thermal_sensor_publisher/package.zsh'
[29.901s] Level 1:colcon.colcon_core.environment:create_file_with_runtime_dependencies(/home/group13pi/203/install/thermal_sensor_publisher/share/colcon-core/packages/thermal_sensor_publisher)
[29.903s] DEBUG:colcon.colcon_parallel_executor.executor.parallel:closing loop
[29.904s] DEBUG:colcon.colcon_parallel_executor.executor.parallel:loop closed
[29.904s] DEBUG:colcon.colcon_parallel_executor.executor.parallel:run_until_complete finished with '0'
[29.904s] DEBUG:colcon.colcon_core.event_reactor:joining thread
[30.017s] INFO:colcon.colcon_core.plugin_system:Skipping extension 'colcon_notification.desktop_notification.notify_send': Could not find 'notify-send'
[30.017s] INFO:colcon.colcon_core.plugin_system:Skipping extension 'colcon_notification.desktop_notification.terminal_notifier': Not used on non-Darwin systems
[30.018s] INFO:colcon.colcon_core.plugin_system:Skipping extension 'colcon_notification.desktop_notification.win32': Not used on non-Windows systems
[30.018s] INFO:colcon.colcon_notification.desktop_notification:Sending desktop notification using 'notify2'
[30.022s] DEBUG:colcon.colcon_notification.desktop_notification.notify2:Failed to initialize notify2: org.freedesktop.DBus.Error.ServiceUnknown: The name org.freedesktop.Notifications was not provided by any .service files
[30.023s] DEBUG:colcon.colcon_core.event_reactor:joined thread
[30.110s] INFO:colcon.colcon_core.shell:Creating prefix script '/home/group13pi/203/install/local_setup.ps1'
[30.115s] INFO:colcon.colcon_core.shell:Creating prefix util module '/home/group13pi/203/install/_local_setup_util_ps1.py'
[30.121s] INFO:colcon.colcon_core.shell:Creating prefix chain script '/home/group13pi/203/install/setup.ps1'
[30.239s] INFO:colcon.colcon_core.shell:Creating prefix script '/home/group13pi/203/install/local_setup.sh'
[30.246s] INFO:colcon.colcon_core.shell:Creating prefix util module '/home/group13pi/203/install/_local_setup_util_sh.py'
[30.250s] INFO:colcon.colcon_core.shell:Creating prefix chain script '/home/group13pi/203/install/setup.sh'
[30.358s] INFO:colcon.colcon_core.shell:Creating prefix script '/home/group13pi/203/install/local_setup.bash'
[30.362s] INFO:colcon.colcon_core.shell:Creating prefix chain script '/home/group13pi/203/install/setup.bash'
[30.452s] INFO:colcon.colcon_core.shell:Creating prefix script '/home/group13pi/203/install/local_setup.zsh'
[30.456s] INFO:colcon.colcon_core.shell:Creating prefix chain script '/home/group13pi/203/install/setup.zsh'
